

================================================================
== Vivado HLS Report for 'atan2_cordic_double_s'
================================================================
* Date:           Sun Jul 15 14:57:54 2018

* Version:        2018.2 (Build 2258646 on Thu Jun 14 20:25:20 MDT 2018)
* Project:        svr-vivado-hls
* Solution:       solution1
* Product family: zynq
* Target device:  xc7z020clg484-1


================================================================
== Performance Estimates
================================================================
+ Timing (ns): 
    * Summary: 
    +--------+-------+----------+------------+
    |  Clock | Target| Estimated| Uncertainty|
    +--------+-------+----------+------------+
    |ap_clk  |  10.00|     8.750|        1.25|
    +--------+-------+----------+------------+

+ Latency (clock cycles): 
    * Summary: 
    +-----+-----+-----+-----+---------+
    |  Latency  |  Interval | Pipeline|
    | min | max | min | max |   Type  |
    +-----+-----+-----+-----+---------+
    |    1|  284|    1|  284|   none  |
    +-----+-----+-----+-----+---------+

    + Detail: 
        * Instance: 
        N/A

        * Loop: 
        N/A

============================================================
+ Verbose Summary: Synthesis Manager
============================================================
InlineROM: 1
ExposeGlobal: 0
============================================================
+ Verbose Summary: CDFG Model
============================================================
IsTopModel: 0
ResetActiveHigh: 1
IsCombinational: 0
IsDatapathOnly: 0
HasWiredReturn: 1
HasMFsm: 0
HasVarLatency: 1
IsPipeline: 0
IsRtlPipelined: 0
IsInstanceOverlapped: 0
IsDontTouch: 0
HasImplIP: 0
IsGatedGlobalClock: 0


============================================================
+ Verbose Summary: Schedule
============================================================
* Number of FSM states : 15
* Pipeline : 0
* Dataflow Pipeline: 0

* FSM state transitions: 
1 --> 
	10  / (!tmp_demorgan & !tmp_105_demorgan & !or_cond1 & !or_cond & !tmp_s & !tmp_44 & !tmp_129_demorgan & !tmp_131_demorgan & tmp_i3)
	2  / (!tmp_demorgan & !tmp_105_demorgan & !or_cond1 & !or_cond & !tmp_s & !tmp_44 & !tmp_129_demorgan & !tmp_131_demorgan & !tmp_i3 & !tmp_30)
	3  / (!tmp_demorgan & !tmp_105_demorgan & !or_cond1 & !or_cond & !tmp_s & !tmp_44 & !tmp_129_demorgan & !tmp_131_demorgan & !tmp_i3 & tmp_30)
	15  / (tmp_demorgan) | (tmp_105_demorgan) | (or_cond1) | (or_cond) | (tmp_s) | (tmp_44) | (!tmp_129_demorgan & tmp_131_demorgan) | (tmp_129_demorgan & m == 0) | (tmp_129_demorgan & m == 1) | (tmp_129_demorgan & m == 2) | (tmp_129_demorgan & m == 3)
	14  / (!tmp_demorgan & !tmp_105_demorgan & !or_cond1 & !or_cond & !tmp_s & !tmp_44 & tmp_129_demorgan & m != 0 & m != 1 & m != 2 & m != 3)
2 --> 
	10  / true
3 --> 
	4  / true
4 --> 
	5  / true
5 --> 
	6  / true
6 --> 
	7  / true
7 --> 
	8  / true
8 --> 
	9  / true
9 --> 
	10  / true
10 --> 
	11  / true
11 --> 
	12  / true
12 --> 
	13  / true
13 --> 
	14  / true
14 --> 
	15  / (!tmp_129_demorgan) | (m != 0 & m != 1 & m != 2 & m != 3)
15 --> 

* FSM state operations: 

State 1 <SV = 0> <Delay = 8.75>
ST_1 : Operation 16 [1/1] (0.00ns)   --->   "%x_in_read = call double @_ssdm_op_Read.ap_auto.double(double %x_in) nounwind"   --->   Operation 16 'read' 'x_in_read' <Predicate = true> <Delay = 0.00>
ST_1 : Operation 17 [1/1] (0.00ns)   --->   "%y_in_read = call double @_ssdm_op_Read.ap_auto.double(double %y_in) nounwind"   --->   Operation 17 'read' 'y_in_read' <Predicate = true> <Delay = 0.00>
ST_1 : Operation 18 [1/1] (0.00ns)   --->   "%p_Val2_s = bitcast double %x_in_read to i64" [/wrk/2018.2/continuous/2018_06_14_2258646/src/products/hls/src/technology/autopilot/header_files/utils/x_hls_utils.h:438->/wrk/2018.2/continuous/2018_06_14_2258646/src/products/hls/src/technology/autopilot/header_files/utils/x_hls_utils.h:442->/wrk/2018.2/continuous/2018_06_14_2258646/src/products/hls/hls_lib/hlsmath/include/FloatingPoint/hls_cordic.h:750]   --->   Operation 18 'bitcast' 'p_Val2_s' <Predicate = true> <Delay = 0.00>
ST_1 : Operation 19 [1/1] (0.00ns)   --->   "%p_Result_72 = call i1 @_ssdm_op_BitSelect.i1.i64.i32(i64 %p_Val2_s, i32 63)" [/wrk/2018.2/continuous/2018_06_14_2258646/src/products/hls/src/technology/autopilot/header_files/utils/x_hls_utils.h:439->/wrk/2018.2/continuous/2018_06_14_2258646/src/products/hls/src/technology/autopilot/header_files/utils/x_hls_utils.h:442->/wrk/2018.2/continuous/2018_06_14_2258646/src/products/hls/hls_lib/hlsmath/include/FloatingPoint/hls_cordic.h:750]   --->   Operation 19 'bitselect' 'p_Result_72' <Predicate = true> <Delay = 0.00>
ST_1 : Operation 20 [1/1] (0.00ns)   --->   "%loc_V = call i11 @_ssdm_op_PartSelect.i11.i64.i32.i32(i64 %p_Val2_s, i32 52, i32 62)" [/wrk/2018.2/continuous/2018_06_14_2258646/src/products/hls/src/technology/autopilot/header_files/utils/x_hls_utils.h:440->/wrk/2018.2/continuous/2018_06_14_2258646/src/products/hls/src/technology/autopilot/header_files/utils/x_hls_utils.h:442->/wrk/2018.2/continuous/2018_06_14_2258646/src/products/hls/hls_lib/hlsmath/include/FloatingPoint/hls_cordic.h:750]   --->   Operation 20 'partselect' 'loc_V' <Predicate = true> <Delay = 0.00>
ST_1 : Operation 21 [1/1] (0.00ns)   --->   "%loc_V_7 = trunc i64 %p_Val2_s to i52" [/wrk/2018.2/continuous/2018_06_14_2258646/src/products/hls/src/technology/autopilot/header_files/utils/x_hls_utils.h:441->/wrk/2018.2/continuous/2018_06_14_2258646/src/products/hls/src/technology/autopilot/header_files/utils/x_hls_utils.h:442->/wrk/2018.2/continuous/2018_06_14_2258646/src/products/hls/hls_lib/hlsmath/include/FloatingPoint/hls_cordic.h:750]   --->   Operation 21 'trunc' 'loc_V_7' <Predicate = true> <Delay = 0.00>
ST_1 : Operation 22 [1/1] (0.00ns)   --->   "%p_Val2_60 = bitcast double %y_in_read to i64" [/wrk/2018.2/continuous/2018_06_14_2258646/src/products/hls/src/technology/autopilot/header_files/utils/x_hls_utils.h:438->/wrk/2018.2/continuous/2018_06_14_2258646/src/products/hls/src/technology/autopilot/header_files/utils/x_hls_utils.h:442->/wrk/2018.2/continuous/2018_06_14_2258646/src/products/hls/hls_lib/hlsmath/include/FloatingPoint/hls_cordic.h:751]   --->   Operation 22 'bitcast' 'p_Val2_60' <Predicate = true> <Delay = 0.00>
ST_1 : Operation 23 [1/1] (0.00ns)   --->   "%p_Result_s = call i1 @_ssdm_op_BitSelect.i1.i64.i32(i64 %p_Val2_60, i32 63)" [/wrk/2018.2/continuous/2018_06_14_2258646/src/products/hls/src/technology/autopilot/header_files/utils/x_hls_utils.h:439->/wrk/2018.2/continuous/2018_06_14_2258646/src/products/hls/src/technology/autopilot/header_files/utils/x_hls_utils.h:442->/wrk/2018.2/continuous/2018_06_14_2258646/src/products/hls/hls_lib/hlsmath/include/FloatingPoint/hls_cordic.h:751]   --->   Operation 23 'bitselect' 'p_Result_s' <Predicate = true> <Delay = 0.00>
ST_1 : Operation 24 [1/1] (0.00ns)   --->   "%loc_V_8 = call i11 @_ssdm_op_PartSelect.i11.i64.i32.i32(i64 %p_Val2_60, i32 52, i32 62)" [/wrk/2018.2/continuous/2018_06_14_2258646/src/products/hls/src/technology/autopilot/header_files/utils/x_hls_utils.h:440->/wrk/2018.2/continuous/2018_06_14_2258646/src/products/hls/src/technology/autopilot/header_files/utils/x_hls_utils.h:442->/wrk/2018.2/continuous/2018_06_14_2258646/src/products/hls/hls_lib/hlsmath/include/FloatingPoint/hls_cordic.h:751]   --->   Operation 24 'partselect' 'loc_V_8' <Predicate = true> <Delay = 0.00>
ST_1 : Operation 25 [1/1] (0.00ns)   --->   "%loc_V_9 = trunc i64 %p_Val2_60 to i52" [/wrk/2018.2/continuous/2018_06_14_2258646/src/products/hls/src/technology/autopilot/header_files/utils/x_hls_utils.h:441->/wrk/2018.2/continuous/2018_06_14_2258646/src/products/hls/src/technology/autopilot/header_files/utils/x_hls_utils.h:442->/wrk/2018.2/continuous/2018_06_14_2258646/src/products/hls/hls_lib/hlsmath/include/FloatingPoint/hls_cordic.h:751]   --->   Operation 25 'trunc' 'loc_V_9' <Predicate = true> <Delay = 0.00>
ST_1 : Operation 26 [1/1] (1.88ns)   --->   "%tmp_i = icmp eq i11 %loc_V_8, -1" [/wrk/2018.2/continuous/2018_06_14_2258646/src/products/hls/hls_lib/hlsmath/include/FloatingPoint/hls_isnan.h:17->/wrk/2018.2/continuous/2018_06_14_2258646/src/products/hls/hls_lib/hlsmath/include/FloatingPoint/hls_cordic.h:752]   --->   Operation 26 'icmp' 'tmp_i' <Predicate = true> <Delay = 1.88> <Core = "Cmp">   --->   Core 25 'Cmp' <Latency = 0> <II = 1> <Delay = 1.88> <FuncUnit> <Opcode : 'icmp'> <InPorts = 2> <OutPorts = 1>
ST_1 : Operation 27 [1/1] (2.89ns)   --->   "%tmp_i_54 = icmp ne i52 %loc_V_9, 0" [/wrk/2018.2/continuous/2018_06_14_2258646/src/products/hls/hls_lib/hlsmath/include/FloatingPoint/hls_isnan.h:17->/wrk/2018.2/continuous/2018_06_14_2258646/src/products/hls/hls_lib/hlsmath/include/FloatingPoint/hls_cordic.h:752]   --->   Operation 27 'icmp' 'tmp_i_54' <Predicate = true> <Delay = 2.89> <Core = "Cmp">   --->   Core 25 'Cmp' <Latency = 0> <II = 1> <Delay = 1.88> <FuncUnit> <Opcode : 'icmp'> <InPorts = 2> <OutPorts = 1>
ST_1 : Operation 28 [1/1] (0.97ns)   --->   "%tmp_demorgan = and i1 %tmp_i, %tmp_i_54" [/wrk/2018.2/continuous/2018_06_14_2258646/src/products/hls/hls_lib/hlsmath/include/FloatingPoint/hls_cordic.h:752]   --->   Operation 28 'and' 'tmp_demorgan' <Predicate = true> <Delay = 0.97> <Core = "LogicGate">   --->   Core 27 'LogicGate' <Latency = 0> <II = 1> <Delay = 0.99> <FuncUnit> <Opcode : 'and' 'or' 'xor'> <InPorts = 2> <OutPorts = 1>
ST_1 : Operation 29 [1/1] (0.00ns)   --->   "br i1 %tmp_demorgan, label %._crit_edge, label %1" [/wrk/2018.2/continuous/2018_06_14_2258646/src/products/hls/hls_lib/hlsmath/include/FloatingPoint/hls_cordic.h:752]   --->   Operation 29 'br' <Predicate = true> <Delay = 0.00>
ST_1 : Operation 30 [1/1] (1.88ns)   --->   "%tmp_i2 = icmp eq i11 %loc_V, -1" [/wrk/2018.2/continuous/2018_06_14_2258646/src/products/hls/hls_lib/hlsmath/include/FloatingPoint/hls_isnan.h:17->/wrk/2018.2/continuous/2018_06_14_2258646/src/products/hls/hls_lib/hlsmath/include/FloatingPoint/hls_cordic.h:752]   --->   Operation 30 'icmp' 'tmp_i2' <Predicate = (!tmp_demorgan)> <Delay = 1.88> <Core = "Cmp">   --->   Core 25 'Cmp' <Latency = 0> <II = 1> <Delay = 1.88> <FuncUnit> <Opcode : 'icmp'> <InPorts = 2> <OutPorts = 1>
ST_1 : Operation 31 [1/1] (2.89ns)   --->   "%tmp_i2_55 = icmp ne i52 %loc_V_7, 0" [/wrk/2018.2/continuous/2018_06_14_2258646/src/products/hls/hls_lib/hlsmath/include/FloatingPoint/hls_isnan.h:17->/wrk/2018.2/continuous/2018_06_14_2258646/src/products/hls/hls_lib/hlsmath/include/FloatingPoint/hls_cordic.h:752]   --->   Operation 31 'icmp' 'tmp_i2_55' <Predicate = (!tmp_demorgan)> <Delay = 2.89> <Core = "Cmp">   --->   Core 25 'Cmp' <Latency = 0> <II = 1> <Delay = 1.88> <FuncUnit> <Opcode : 'icmp'> <InPorts = 2> <OutPorts = 1>
ST_1 : Operation 32 [1/1] (0.97ns)   --->   "%tmp_105_demorgan = and i1 %tmp_i2, %tmp_i2_55" [/wrk/2018.2/continuous/2018_06_14_2258646/src/products/hls/hls_lib/hlsmath/include/FloatingPoint/hls_cordic.h:752]   --->   Operation 32 'and' 'tmp_105_demorgan' <Predicate = (!tmp_demorgan)> <Delay = 0.97> <Core = "LogicGate">   --->   Core 27 'LogicGate' <Latency = 0> <II = 1> <Delay = 0.99> <FuncUnit> <Opcode : 'and' 'or' 'xor'> <InPorts = 2> <OutPorts = 1>
ST_1 : Operation 33 [1/1] (0.00ns)   --->   "br i1 %tmp_105_demorgan, label %._crit_edge, label %2" [/wrk/2018.2/continuous/2018_06_14_2258646/src/products/hls/hls_lib/hlsmath/include/FloatingPoint/hls_cordic.h:752]   --->   Operation 33 'br' <Predicate = (!tmp_demorgan)> <Delay = 0.00>
ST_1 : Operation 34 [1/1] (1.88ns)   --->   "%tmp_s = icmp eq i11 %loc_V_8, 0" [/wrk/2018.2/continuous/2018_06_14_2258646/src/products/hls/hls_lib/hlsmath/include/FloatingPoint/hls_cordic.h:757]   --->   Operation 34 'icmp' 'tmp_s' <Predicate = (!tmp_demorgan & !tmp_105_demorgan)> <Delay = 1.88> <Core = "Cmp">   --->   Core 25 'Cmp' <Latency = 0> <II = 1> <Delay = 1.88> <FuncUnit> <Opcode : 'icmp'> <InPorts = 2> <OutPorts = 1>
ST_1 : Operation 35 [1/1] (2.89ns)   --->   "%tmp_43 = icmp eq i52 %loc_V_9, 0" [/wrk/2018.2/continuous/2018_06_14_2258646/src/products/hls/hls_lib/hlsmath/include/FloatingPoint/hls_cordic.h:757]   --->   Operation 35 'icmp' 'tmp_43' <Predicate = (!tmp_demorgan & !tmp_105_demorgan)> <Delay = 2.89> <Core = "Cmp">   --->   Core 25 'Cmp' <Latency = 0> <II = 1> <Delay = 1.88> <FuncUnit> <Opcode : 'icmp'> <InPorts = 2> <OutPorts = 1>
ST_1 : Operation 36 [1/1] (0.97ns)   --->   "%or_cond1 = and i1 %tmp_s, %tmp_43" [/wrk/2018.2/continuous/2018_06_14_2258646/src/products/hls/hls_lib/hlsmath/include/FloatingPoint/hls_cordic.h:757]   --->   Operation 36 'and' 'or_cond1' <Predicate = (!tmp_demorgan & !tmp_105_demorgan)> <Delay = 0.97> <Core = "LogicGate">   --->   Core 27 'LogicGate' <Latency = 0> <II = 1> <Delay = 0.99> <FuncUnit> <Opcode : 'and' 'or' 'xor'> <InPorts = 2> <OutPorts = 1>
ST_1 : Operation 37 [1/1] (0.00ns)   --->   "br i1 %or_cond1, label %3, label %._crit_edge111" [/wrk/2018.2/continuous/2018_06_14_2258646/src/products/hls/hls_lib/hlsmath/include/FloatingPoint/hls_cordic.h:757]   --->   Operation 37 'br' <Predicate = (!tmp_demorgan & !tmp_105_demorgan)> <Delay = 0.00>
ST_1 : Operation 38 [1/1] (1.88ns)   --->   "%tmp_44 = icmp eq i11 %loc_V, 0" [/wrk/2018.2/continuous/2018_06_14_2258646/src/products/hls/hls_lib/hlsmath/include/FloatingPoint/hls_cordic.h:761]   --->   Operation 38 'icmp' 'tmp_44' <Predicate = (!tmp_demorgan & !tmp_105_demorgan & !or_cond1)> <Delay = 1.88> <Core = "Cmp">   --->   Core 25 'Cmp' <Latency = 0> <II = 1> <Delay = 1.88> <FuncUnit> <Opcode : 'icmp'> <InPorts = 2> <OutPorts = 1>
ST_1 : Operation 39 [1/1] (2.89ns)   --->   "%tmp_45 = icmp eq i52 %loc_V_7, 0" [/wrk/2018.2/continuous/2018_06_14_2258646/src/products/hls/hls_lib/hlsmath/include/FloatingPoint/hls_cordic.h:761]   --->   Operation 39 'icmp' 'tmp_45' <Predicate = (!tmp_demorgan & !tmp_105_demorgan & !or_cond1)> <Delay = 2.89> <Core = "Cmp">   --->   Core 25 'Cmp' <Latency = 0> <II = 1> <Delay = 1.88> <FuncUnit> <Opcode : 'icmp'> <InPorts = 2> <OutPorts = 1>
ST_1 : Operation 40 [1/1] (0.97ns)   --->   "%or_cond = and i1 %tmp_44, %tmp_45" [/wrk/2018.2/continuous/2018_06_14_2258646/src/products/hls/hls_lib/hlsmath/include/FloatingPoint/hls_cordic.h:761]   --->   Operation 40 'and' 'or_cond' <Predicate = (!tmp_demorgan & !tmp_105_demorgan & !or_cond1)> <Delay = 0.97> <Core = "LogicGate">   --->   Core 27 'LogicGate' <Latency = 0> <II = 1> <Delay = 0.99> <FuncUnit> <Opcode : 'and' 'or' 'xor'> <InPorts = 2> <OutPorts = 1>
ST_1 : Operation 41 [1/1] (0.00ns)   --->   "br i1 %or_cond, label %5, label %._crit_edge114" [/wrk/2018.2/continuous/2018_06_14_2258646/src/products/hls/hls_lib/hlsmath/include/FloatingPoint/hls_cordic.h:761]   --->   Operation 41 'br' <Predicate = (!tmp_demorgan & !tmp_105_demorgan & !or_cond1)> <Delay = 0.00>
ST_1 : Operation 42 [1/1] (0.00ns)   --->   "br i1 %tmp_s, label %._crit_edge117, label %._crit_edge120" [/wrk/2018.2/continuous/2018_06_14_2258646/src/products/hls/hls_lib/hlsmath/include/FloatingPoint/hls_cordic.h:766]   --->   Operation 42 'br' <Predicate = (!tmp_demorgan & !tmp_105_demorgan & !or_cond1 & !or_cond)> <Delay = 0.00>
ST_1 : Operation 43 [1/1] (0.00ns)   --->   "br i1 %tmp_44, label %7, label %8" [/wrk/2018.2/continuous/2018_06_14_2258646/src/products/hls/hls_lib/hlsmath/include/FloatingPoint/hls_cordic.h:771]   --->   Operation 43 'br' <Predicate = (!tmp_demorgan & !tmp_105_demorgan & !or_cond1 & !or_cond & !tmp_s)> <Delay = 0.00>
ST_1 : Operation 44 [1/1] (0.00ns)   --->   "%tmp_46 = zext i1 %p_Result_s to i32" [/wrk/2018.2/continuous/2018_06_14_2258646/src/products/hls/hls_lib/hlsmath/include/FloatingPoint/hls_cordic.h:774]   --->   Operation 44 'zext' 'tmp_46' <Predicate = (!tmp_demorgan & !tmp_105_demorgan & !or_cond1 & !or_cond & !tmp_s & !tmp_44)> <Delay = 0.00>
ST_1 : Operation 45 [1/1] (0.00ns)   --->   "%m = call i32 @_ssdm_op_BitSet.i32.i32.i32.i1(i32 %tmp_46, i32 1, i1 %p_Result_72)" [/wrk/2018.2/continuous/2018_06_14_2258646/src/products/hls/hls_lib/hlsmath/include/FloatingPoint/hls_cordic.h:774]   --->   Operation 45 'bitset' 'm' <Predicate = (!tmp_demorgan & !tmp_105_demorgan & !or_cond1 & !or_cond & !tmp_s & !tmp_44)> <Delay = 0.00>
ST_1 : Operation 46 [1/1] (0.97ns)   --->   "%tmp_129_demorgan = and i1 %tmp_i2, %tmp_45" [/wrk/2018.2/continuous/2018_06_14_2258646/src/products/hls/hls_lib/hlsmath/include/FloatingPoint/hls_cordic.h:789]   --->   Operation 46 'and' 'tmp_129_demorgan' <Predicate = (!tmp_demorgan & !tmp_105_demorgan & !or_cond1 & !or_cond & !tmp_s & !tmp_44)> <Delay = 0.97> <Core = "LogicGate">   --->   Core 27 'LogicGate' <Latency = 0> <II = 1> <Delay = 0.99> <FuncUnit> <Opcode : 'and' 'or' 'xor'> <InPorts = 2> <OutPorts = 1>
ST_1 : Operation 47 [1/1] (0.97ns)   --->   "%tmp_131_demorgan = and i1 %tmp_i, %tmp_43" [/wrk/2018.2/continuous/2018_06_14_2258646/src/products/hls/hls_lib/hlsmath/include/FloatingPoint/hls_cordic.h:789]   --->   Operation 47 'and' 'tmp_131_demorgan' <Predicate = (!tmp_demorgan & !tmp_105_demorgan & !or_cond1 & !or_cond & !tmp_s & !tmp_44)> <Delay = 0.97> <Core = "LogicGate">   --->   Core 27 'LogicGate' <Latency = 0> <II = 1> <Delay = 0.99> <FuncUnit> <Opcode : 'and' 'or' 'xor'> <InPorts = 2> <OutPorts = 1>
ST_1 : Operation 48 [1/1] (0.00ns)   --->   "br i1 %tmp_129_demorgan, label %9, label %.critedge" [/wrk/2018.2/continuous/2018_06_14_2258646/src/products/hls/hls_lib/hlsmath/include/FloatingPoint/hls_cordic.h:789]   --->   Operation 48 'br' <Predicate = (!tmp_demorgan & !tmp_105_demorgan & !or_cond1 & !or_cond & !tmp_s & !tmp_44)> <Delay = 0.00>
ST_1 : Operation 49 [1/1] (0.00ns)   --->   "br i1 %tmp_131_demorgan, label %17, label %18" [/wrk/2018.2/continuous/2018_06_14_2258646/src/products/hls/hls_lib/hlsmath/include/FloatingPoint/hls_cordic.h:803]   --->   Operation 49 'br' <Predicate = (!tmp_demorgan & !tmp_105_demorgan & !or_cond1 & !or_cond & !tmp_s & !tmp_44 & !tmp_129_demorgan)> <Delay = 0.00>
ST_1 : Operation 50 [1/1] (0.00ns)   --->   "%tmp = trunc i64 %p_Val2_60 to i63" [/wrk/2018.2/continuous/2018_06_14_2258646/src/products/hls/src/technology/autopilot/header_files/utils/x_hls_utils.h:458->/wrk/2018.2/continuous/2018_06_14_2258646/src/products/hls/src/technology/autopilot/header_files/utils/x_hls_utils.h:475->/wrk/2018.2/continuous/2018_06_14_2258646/src/products/hls/src/technology/autopilot/header_files/utils/x_hls_utils.h:489->/wrk/2018.2/continuous/2018_06_14_2258646/src/products/hls/hls_lib/hlsmath/include/FloatingPoint/hls_copysign.h:13->/wrk/2018.2/continuous/2018_06_14_2258646/src/products/hls/hls_lib/hlsmath/include/FloatingPoint/hls_abs.h:13->/wrk/2018.2/continuous/2018_06_14_2258646/src/products/hls/hls_lib/hlsmath/include/FloatingPoint/hls_cordic.h:809]   --->   Operation 50 'trunc' 'tmp' <Predicate = (!tmp_demorgan & !tmp_105_demorgan & !or_cond1 & !or_cond & !tmp_s & !tmp_44 & !tmp_129_demorgan & !tmp_131_demorgan)> <Delay = 0.00>
ST_1 : Operation 51 [1/1] (0.00ns)   --->   "%p_Result_79 = call i64 @_ssdm_op_BitConcatenate.i64.i1.i63(i1 false, i63 %tmp)" [/wrk/2018.2/continuous/2018_06_14_2258646/src/products/hls/src/technology/autopilot/header_files/utils/x_hls_utils.h:458->/wrk/2018.2/continuous/2018_06_14_2258646/src/products/hls/src/technology/autopilot/header_files/utils/x_hls_utils.h:475->/wrk/2018.2/continuous/2018_06_14_2258646/src/products/hls/src/technology/autopilot/header_files/utils/x_hls_utils.h:489->/wrk/2018.2/continuous/2018_06_14_2258646/src/products/hls/hls_lib/hlsmath/include/FloatingPoint/hls_copysign.h:13->/wrk/2018.2/continuous/2018_06_14_2258646/src/products/hls/hls_lib/hlsmath/include/FloatingPoint/hls_abs.h:13->/wrk/2018.2/continuous/2018_06_14_2258646/src/products/hls/hls_lib/hlsmath/include/FloatingPoint/hls_cordic.h:809]   --->   Operation 51 'bitconcatenate' 'p_Result_79' <Predicate = (!tmp_demorgan & !tmp_105_demorgan & !or_cond1 & !or_cond & !tmp_s & !tmp_44 & !tmp_129_demorgan & !tmp_131_demorgan)> <Delay = 0.00>
ST_1 : Operation 52 [1/1] (0.00ns)   --->   "%a = bitcast i64 %p_Result_79 to double" [/wrk/2018.2/continuous/2018_06_14_2258646/src/products/hls/src/technology/autopilot/header_files/utils/x_hls_utils.h:475->/wrk/2018.2/continuous/2018_06_14_2258646/src/products/hls/src/technology/autopilot/header_files/utils/x_hls_utils.h:489->/wrk/2018.2/continuous/2018_06_14_2258646/src/products/hls/hls_lib/hlsmath/include/FloatingPoint/hls_copysign.h:13->/wrk/2018.2/continuous/2018_06_14_2258646/src/products/hls/hls_lib/hlsmath/include/FloatingPoint/hls_abs.h:13->/wrk/2018.2/continuous/2018_06_14_2258646/src/products/hls/hls_lib/hlsmath/include/FloatingPoint/hls_cordic.h:809]   --->   Operation 52 'bitcast' 'a' <Predicate = (!tmp_demorgan & !tmp_105_demorgan & !or_cond1 & !or_cond & !tmp_s & !tmp_44 & !tmp_129_demorgan & !tmp_131_demorgan)> <Delay = 0.00>
ST_1 : Operation 53 [1/1] (0.00ns)   --->   "%tmp_99 = trunc i64 %p_Val2_s to i63" [/wrk/2018.2/continuous/2018_06_14_2258646/src/products/hls/src/technology/autopilot/header_files/utils/x_hls_utils.h:458->/wrk/2018.2/continuous/2018_06_14_2258646/src/products/hls/src/technology/autopilot/header_files/utils/x_hls_utils.h:475->/wrk/2018.2/continuous/2018_06_14_2258646/src/products/hls/src/technology/autopilot/header_files/utils/x_hls_utils.h:489->/wrk/2018.2/continuous/2018_06_14_2258646/src/products/hls/hls_lib/hlsmath/include/FloatingPoint/hls_copysign.h:13->/wrk/2018.2/continuous/2018_06_14_2258646/src/products/hls/hls_lib/hlsmath/include/FloatingPoint/hls_abs.h:13->/wrk/2018.2/continuous/2018_06_14_2258646/src/products/hls/hls_lib/hlsmath/include/FloatingPoint/hls_cordic.h:810]   --->   Operation 53 'trunc' 'tmp_99' <Predicate = (!tmp_demorgan & !tmp_105_demorgan & !or_cond1 & !or_cond & !tmp_s & !tmp_44 & !tmp_129_demorgan & !tmp_131_demorgan)> <Delay = 0.00>
ST_1 : Operation 54 [1/1] (0.00ns)   --->   "%p_Result_80 = call i64 @_ssdm_op_BitConcatenate.i64.i1.i63(i1 false, i63 %tmp_99)" [/wrk/2018.2/continuous/2018_06_14_2258646/src/products/hls/src/technology/autopilot/header_files/utils/x_hls_utils.h:458->/wrk/2018.2/continuous/2018_06_14_2258646/src/products/hls/src/technology/autopilot/header_files/utils/x_hls_utils.h:475->/wrk/2018.2/continuous/2018_06_14_2258646/src/products/hls/src/technology/autopilot/header_files/utils/x_hls_utils.h:489->/wrk/2018.2/continuous/2018_06_14_2258646/src/products/hls/hls_lib/hlsmath/include/FloatingPoint/hls_copysign.h:13->/wrk/2018.2/continuous/2018_06_14_2258646/src/products/hls/hls_lib/hlsmath/include/FloatingPoint/hls_abs.h:13->/wrk/2018.2/continuous/2018_06_14_2258646/src/products/hls/hls_lib/hlsmath/include/FloatingPoint/hls_cordic.h:810]   --->   Operation 54 'bitconcatenate' 'p_Result_80' <Predicate = (!tmp_demorgan & !tmp_105_demorgan & !or_cond1 & !or_cond & !tmp_s & !tmp_44 & !tmp_129_demorgan & !tmp_131_demorgan)> <Delay = 0.00>
ST_1 : Operation 55 [1/1] (0.00ns)   --->   "%b = bitcast i64 %p_Result_80 to double" [/wrk/2018.2/continuous/2018_06_14_2258646/src/products/hls/src/technology/autopilot/header_files/utils/x_hls_utils.h:475->/wrk/2018.2/continuous/2018_06_14_2258646/src/products/hls/src/technology/autopilot/header_files/utils/x_hls_utils.h:489->/wrk/2018.2/continuous/2018_06_14_2258646/src/products/hls/hls_lib/hlsmath/include/FloatingPoint/hls_copysign.h:13->/wrk/2018.2/continuous/2018_06_14_2258646/src/products/hls/hls_lib/hlsmath/include/FloatingPoint/hls_abs.h:13->/wrk/2018.2/continuous/2018_06_14_2258646/src/products/hls/hls_lib/hlsmath/include/FloatingPoint/hls_cordic.h:810]   --->   Operation 55 'bitcast' 'b' <Predicate = (!tmp_demorgan & !tmp_105_demorgan & !or_cond1 & !or_cond & !tmp_s & !tmp_44 & !tmp_129_demorgan & !tmp_131_demorgan)> <Delay = 0.00>
ST_1 : Operation 56 [1/1] (2.77ns)   --->   "%tmp_i3 = icmp eq i64 %p_Result_80, %p_Result_79" [/wrk/2018.2/continuous/2018_06_14_2258646/src/products/hls/hls_lib/hlsmath/include/FloatingPoint/hls_cordic.h:739->/wrk/2018.2/continuous/2018_06_14_2258646/src/products/hls/hls_lib/hlsmath/include/FloatingPoint/hls_cordic.h:811]   --->   Operation 56 'icmp' 'tmp_i3' <Predicate = (!tmp_demorgan & !tmp_105_demorgan & !or_cond1 & !or_cond & !tmp_s & !tmp_44 & !tmp_129_demorgan & !tmp_131_demorgan)> <Delay = 2.77> <Core = "Cmp">   --->   Core 25 'Cmp' <Latency = 0> <II = 1> <Delay = 1.88> <FuncUnit> <Opcode : 'icmp'> <InPorts = 2> <OutPorts = 1>
ST_1 : Operation 57 [1/1] (1.81ns)   --->   "br i1 %tmp_i3, label %"atan2_cordic_Q1<double>.exit", label %19" [/wrk/2018.2/continuous/2018_06_14_2258646/src/products/hls/hls_lib/hlsmath/include/FloatingPoint/hls_cordic.h:739->/wrk/2018.2/continuous/2018_06_14_2258646/src/products/hls/hls_lib/hlsmath/include/FloatingPoint/hls_cordic.h:811]   --->   Operation 57 'br' <Predicate = (!tmp_demorgan & !tmp_105_demorgan & !or_cond1 & !or_cond & !tmp_s & !tmp_44 & !tmp_129_demorgan & !tmp_131_demorgan)> <Delay = 1.81>
ST_1 : Operation 58 [1/1] (1.88ns)   --->   "%notlhs = icmp ne i11 %loc_V_8, -1" [/wrk/2018.2/continuous/2018_06_14_2258646/src/products/hls/src/technology/autopilot/header_files/utils/x_hls_utils.h:440->/wrk/2018.2/continuous/2018_06_14_2258646/src/products/hls/src/technology/autopilot/header_files/utils/x_hls_utils.h:442->/wrk/2018.2/continuous/2018_06_14_2258646/src/products/hls/hls_lib/hlsmath/include/FloatingPoint/hls_cordic.h:751]   --->   Operation 58 'icmp' 'notlhs' <Predicate = (!tmp_demorgan & !tmp_105_demorgan & !or_cond1 & !or_cond & !tmp_s & !tmp_44 & !tmp_129_demorgan & !tmp_131_demorgan & !tmp_i3)> <Delay = 1.88> <Core = "Cmp">   --->   Core 25 'Cmp' <Latency = 0> <II = 1> <Delay = 1.88> <FuncUnit> <Opcode : 'icmp'> <InPorts = 2> <OutPorts = 1>
ST_1 : Operation 59 [1/1] (0.00ns) (grouped into LUT with out node tmp_30)   --->   "%tmp_26 = or i1 %tmp_43, %notlhs" [/wrk/2018.2/continuous/2018_06_14_2258646/src/products/hls/hls_lib/hlsmath/include/FloatingPoint/hls_cordic.h:757]   --->   Operation 59 'or' 'tmp_26' <Predicate = (!tmp_demorgan & !tmp_105_demorgan & !or_cond1 & !or_cond & !tmp_s & !tmp_44 & !tmp_129_demorgan & !tmp_131_demorgan & !tmp_i3)> <Delay = 0.00> <Core = "LogicGate">   --->   Core 27 'LogicGate' <Latency = 0> <II = 1> <Delay = 0.99> <FuncUnit> <Opcode : 'and' 'or' 'xor'> <InPorts = 2> <OutPorts = 1>
ST_1 : Operation 60 [1/1] (1.88ns)   --->   "%notlhs2 = icmp ne i11 %loc_V, -1" [/wrk/2018.2/continuous/2018_06_14_2258646/src/products/hls/src/technology/autopilot/header_files/utils/x_hls_utils.h:440->/wrk/2018.2/continuous/2018_06_14_2258646/src/products/hls/src/technology/autopilot/header_files/utils/x_hls_utils.h:442->/wrk/2018.2/continuous/2018_06_14_2258646/src/products/hls/hls_lib/hlsmath/include/FloatingPoint/hls_cordic.h:750]   --->   Operation 60 'icmp' 'notlhs2' <Predicate = (!tmp_demorgan & !tmp_105_demorgan & !or_cond1 & !or_cond & !tmp_s & !tmp_44 & !tmp_129_demorgan & !tmp_131_demorgan & !tmp_i3)> <Delay = 1.88> <Core = "Cmp">   --->   Core 25 'Cmp' <Latency = 0> <II = 1> <Delay = 1.88> <FuncUnit> <Opcode : 'icmp'> <InPorts = 2> <OutPorts = 1>
ST_1 : Operation 61 [1/1] (0.00ns) (grouped into LUT with out node tmp_30)   --->   "%tmp_27 = or i1 %tmp_45, %notlhs2" [/wrk/2018.2/continuous/2018_06_14_2258646/src/products/hls/hls_lib/hlsmath/include/FloatingPoint/hls_cordic.h:761]   --->   Operation 61 'or' 'tmp_27' <Predicate = (!tmp_demorgan & !tmp_105_demorgan & !or_cond1 & !or_cond & !tmp_s & !tmp_44 & !tmp_129_demorgan & !tmp_131_demorgan & !tmp_i3)> <Delay = 0.00> <Core = "LogicGate">   --->   Core 27 'LogicGate' <Latency = 0> <II = 1> <Delay = 0.99> <FuncUnit> <Opcode : 'and' 'or' 'xor'> <InPorts = 2> <OutPorts = 1>
ST_1 : Operation 62 [1/1] (0.00ns) (grouped into LUT with out node tmp_30)   --->   "%tmp_28 = and i1 %tmp_26, %tmp_27" [/wrk/2018.2/continuous/2018_06_14_2258646/src/products/hls/hls_lib/hlsmath/include/FloatingPoint/hls_cordic.h:757]   --->   Operation 62 'and' 'tmp_28' <Predicate = (!tmp_demorgan & !tmp_105_demorgan & !or_cond1 & !or_cond & !tmp_s & !tmp_44 & !tmp_129_demorgan & !tmp_131_demorgan & !tmp_i3)> <Delay = 0.00> <Core = "LogicGate">   --->   Core 27 'LogicGate' <Latency = 0> <II = 1> <Delay = 0.99> <FuncUnit> <Opcode : 'and' 'or' 'xor'> <InPorts = 2> <OutPorts = 1>
ST_1 : Operation 63 [1/1] (6.82ns)   --->   "%tmp_29 = fcmp ogt double %a, %b" [/wrk/2018.2/continuous/2018_06_14_2258646/src/products/hls/hls_lib/hlsmath/include/FloatingPoint/hls_cordic.h:741->/wrk/2018.2/continuous/2018_06_14_2258646/src/products/hls/hls_lib/hlsmath/include/FloatingPoint/hls_cordic.h:811]   --->   Operation 63 'dcmp' 'tmp_29' <Predicate = (!tmp_demorgan & !tmp_105_demorgan & !or_cond1 & !or_cond & !tmp_s & !tmp_44 & !tmp_129_demorgan & !tmp_131_demorgan & !tmp_i3)> <Delay = 6.82> <Core = "DCmp">   --->   Core 114 'DCmp' <Latency = 0> <II = 1> <Delay = 6.82> <FuncUnit> <Opcode : 'dcmp'> <InPorts = 2> <OutPorts = 1>
ST_1 : Operation 64 [1/1] (0.97ns) (out node of the LUT)   --->   "%tmp_30 = and i1 %tmp_28, %tmp_29" [/wrk/2018.2/continuous/2018_06_14_2258646/src/products/hls/hls_lib/hlsmath/include/FloatingPoint/hls_cordic.h:741->/wrk/2018.2/continuous/2018_06_14_2258646/src/products/hls/hls_lib/hlsmath/include/FloatingPoint/hls_cordic.h:811]   --->   Operation 64 'and' 'tmp_30' <Predicate = (!tmp_demorgan & !tmp_105_demorgan & !or_cond1 & !or_cond & !tmp_s & !tmp_44 & !tmp_129_demorgan & !tmp_131_demorgan & !tmp_i3)> <Delay = 0.97> <Core = "LogicGate">   --->   Core 27 'LogicGate' <Latency = 0> <II = 1> <Delay = 0.99> <FuncUnit> <Opcode : 'and' 'or' 'xor'> <InPorts = 2> <OutPorts = 1>
ST_1 : Operation 65 [1/1] (0.00ns)   --->   "br i1 %tmp_30, label %20, label %21" [/wrk/2018.2/continuous/2018_06_14_2258646/src/products/hls/hls_lib/hlsmath/include/FloatingPoint/hls_cordic.h:741->/wrk/2018.2/continuous/2018_06_14_2258646/src/products/hls/hls_lib/hlsmath/include/FloatingPoint/hls_cordic.h:811]   --->   Operation 65 'br' <Predicate = (!tmp_demorgan & !tmp_105_demorgan & !or_cond1 & !or_cond & !tmp_s & !tmp_44 & !tmp_129_demorgan & !tmp_131_demorgan & !tmp_i3)> <Delay = 0.00>
ST_1 : Operation 66 [2/2] (8.75ns)   --->   "%tmp_103_i = call fastcc double @atan2_generic(double %a, double %b) nounwind" [/wrk/2018.2/continuous/2018_06_14_2258646/src/products/hls/hls_lib/hlsmath/include/FloatingPoint/hls_cordic.h:744->/wrk/2018.2/continuous/2018_06_14_2258646/src/products/hls/hls_lib/hlsmath/include/FloatingPoint/hls_cordic.h:811]   --->   Operation 66 'call' 'tmp_103_i' <Predicate = (!tmp_demorgan & !tmp_105_demorgan & !or_cond1 & !or_cond & !tmp_s & !tmp_44 & !tmp_129_demorgan & !tmp_131_demorgan & !tmp_i3 & !tmp_30)> <Delay = 8.75> <CoreType = "Generic">   --->   Core 0 '' <Latency = 0> <II = 1> <Delay = 1.00> <Generic> <Opcode : >
ST_1 : Operation 67 [2/2] (8.75ns)   --->   "%tmp_101_i = call fastcc double @atan2_generic(double %b, double %a) nounwind" [/wrk/2018.2/continuous/2018_06_14_2258646/src/products/hls/hls_lib/hlsmath/include/FloatingPoint/hls_cordic.h:742->/wrk/2018.2/continuous/2018_06_14_2258646/src/products/hls/hls_lib/hlsmath/include/FloatingPoint/hls_cordic.h:811]   --->   Operation 67 'call' 'tmp_101_i' <Predicate = (!tmp_demorgan & !tmp_105_demorgan & !or_cond1 & !or_cond & !tmp_s & !tmp_44 & !tmp_129_demorgan & !tmp_131_demorgan & !tmp_i3 & tmp_30)> <Delay = 8.75> <CoreType = "Generic">   --->   Core 0 '' <Latency = 0> <II = 1> <Delay = 1.00> <Generic> <Opcode : >
ST_1 : Operation 68 [1/1] (1.48ns)   --->   "%p_1 = select i1 %p_Result_s, double 0xBFF921FB54442D18, double 0x3FF921FB54442D18" [/wrk/2018.2/continuous/2018_06_14_2258646/src/products/hls/hls_lib/hlsmath/include/FloatingPoint/hls_cordic.h:804]   --->   Operation 68 'select' 'p_1' <Predicate = (!tmp_demorgan & !tmp_105_demorgan & !or_cond1 & !or_cond & !tmp_s & !tmp_44 & !tmp_129_demorgan & tmp_131_demorgan)> <Delay = 1.48> <Core = "Sel">   --->   Core 26 'Sel' <Latency = 0> <II = 1> <Delay = 1.48> <FuncUnit> <Opcode : 'select'> <InPorts = 3> <OutPorts = 1>
ST_1 : Operation 69 [1/1] (1.76ns)   --->   "br label %UnifiedReturnBlock" [/wrk/2018.2/continuous/2018_06_14_2258646/src/products/hls/hls_lib/hlsmath/include/FloatingPoint/hls_cordic.h:825]   --->   Operation 69 'br' <Predicate = (!tmp_demorgan & !tmp_105_demorgan & !or_cond1 & !or_cond & !tmp_s & !tmp_44 & !tmp_129_demorgan & tmp_131_demorgan)> <Delay = 1.76>
ST_1 : Operation 70 [1/1] (0.00ns)   --->   "br i1 %tmp_131_demorgan, label %10, label %._crit_edge122" [/wrk/2018.2/continuous/2018_06_14_2258646/src/products/hls/hls_lib/hlsmath/include/FloatingPoint/hls_cordic.h:789]   --->   Operation 70 'br' <Predicate = (!tmp_demorgan & !tmp_105_demorgan & !or_cond1 & !or_cond & !tmp_s & !tmp_44 & tmp_129_demorgan)> <Delay = 0.00>
ST_1 : Operation 71 [1/1] (2.29ns)   --->   "switch i32 %m, label %._crit_edge125 [
    i32 0, label %._crit_edge128
    i32 1, label %14
    i32 2, label %15
    i32 3, label %16
  ]" [/wrk/2018.2/continuous/2018_06_14_2258646/src/products/hls/hls_lib/hlsmath/include/FloatingPoint/hls_cordic.h:797]   --->   Operation 71 'switch' <Predicate = (!tmp_demorgan & !tmp_105_demorgan & !or_cond1 & !or_cond & !tmp_s & !tmp_44 & tmp_129_demorgan & !tmp_131_demorgan)> <Delay = 2.29>
ST_1 : Operation 72 [1/1] (2.29ns)   --->   "br label %._crit_edge128" [/wrk/2018.2/continuous/2018_06_14_2258646/src/products/hls/hls_lib/hlsmath/include/FloatingPoint/hls_cordic.h:801]   --->   Operation 72 'br' <Predicate = (!tmp_demorgan & !tmp_105_demorgan & !or_cond1 & !or_cond & !tmp_s & !tmp_44 & tmp_129_demorgan & !tmp_131_demorgan & m == 3)> <Delay = 2.29>
ST_1 : Operation 73 [1/1] (2.29ns)   --->   "br label %._crit_edge128" [/wrk/2018.2/continuous/2018_06_14_2258646/src/products/hls/hls_lib/hlsmath/include/FloatingPoint/hls_cordic.h:800]   --->   Operation 73 'br' <Predicate = (!tmp_demorgan & !tmp_105_demorgan & !or_cond1 & !or_cond & !tmp_s & !tmp_44 & tmp_129_demorgan & !tmp_131_demorgan & m == 2)> <Delay = 2.29>
ST_1 : Operation 74 [1/1] (2.29ns)   --->   "br label %._crit_edge128" [/wrk/2018.2/continuous/2018_06_14_2258646/src/products/hls/hls_lib/hlsmath/include/FloatingPoint/hls_cordic.h:799]   --->   Operation 74 'br' <Predicate = (!tmp_demorgan & !tmp_105_demorgan & !or_cond1 & !or_cond & !tmp_s & !tmp_44 & tmp_129_demorgan & !tmp_131_demorgan & m == 1)> <Delay = 2.29>
ST_1 : Operation 75 [1/1] (2.29ns)   --->   "switch i32 %m, label %._crit_edge124 [
    i32 0, label %._crit_edge128
    i32 1, label %11
    i32 2, label %12
    i32 3, label %13
  ]" [/wrk/2018.2/continuous/2018_06_14_2258646/src/products/hls/hls_lib/hlsmath/include/FloatingPoint/hls_cordic.h:790]   --->   Operation 75 'switch' <Predicate = (!tmp_demorgan & !tmp_105_demorgan & !or_cond1 & !or_cond & !tmp_s & !tmp_44 & tmp_129_demorgan & tmp_131_demorgan)> <Delay = 2.29>
ST_1 : Operation 76 [1/1] (2.29ns)   --->   "br label %._crit_edge128" [/wrk/2018.2/continuous/2018_06_14_2258646/src/products/hls/hls_lib/hlsmath/include/FloatingPoint/hls_cordic.h:794]   --->   Operation 76 'br' <Predicate = (!tmp_demorgan & !tmp_105_demorgan & !or_cond1 & !or_cond & !tmp_s & !tmp_44 & tmp_129_demorgan & tmp_131_demorgan & m == 3)> <Delay = 2.29>
ST_1 : Operation 77 [1/1] (2.29ns)   --->   "br label %._crit_edge128" [/wrk/2018.2/continuous/2018_06_14_2258646/src/products/hls/hls_lib/hlsmath/include/FloatingPoint/hls_cordic.h:793]   --->   Operation 77 'br' <Predicate = (!tmp_demorgan & !tmp_105_demorgan & !or_cond1 & !or_cond & !tmp_s & !tmp_44 & tmp_129_demorgan & tmp_131_demorgan & m == 2)> <Delay = 2.29>
ST_1 : Operation 78 [1/1] (2.29ns)   --->   "br label %._crit_edge128" [/wrk/2018.2/continuous/2018_06_14_2258646/src/products/hls/hls_lib/hlsmath/include/FloatingPoint/hls_cordic.h:792]   --->   Operation 78 'br' <Predicate = (!tmp_demorgan & !tmp_105_demorgan & !or_cond1 & !or_cond & !tmp_s & !tmp_44 & tmp_129_demorgan & tmp_131_demorgan & m == 1)> <Delay = 2.29>
ST_1 : Operation 79 [1/1] (0.00ns)   --->   "%p_Result_78 = call i64 @_ssdm_op_BitConcatenate.i64.i1.i63(i1 %p_Result_s, i63 4609753056924675352)" [/wrk/2018.2/continuous/2018_06_14_2258646/src/products/hls/src/technology/autopilot/header_files/utils/x_hls_utils.h:458->/wrk/2018.2/continuous/2018_06_14_2258646/src/products/hls/src/technology/autopilot/header_files/utils/x_hls_utils.h:475->/wrk/2018.2/continuous/2018_06_14_2258646/src/products/hls/src/technology/autopilot/header_files/utils/x_hls_utils.h:489->/wrk/2018.2/continuous/2018_06_14_2258646/src/products/hls/hls_lib/hlsmath/include/FloatingPoint/hls_copysign.h:13->/wrk/2018.2/continuous/2018_06_14_2258646/src/products/hls/hls_lib/hlsmath/include/FloatingPoint/hls_cordic.h:772]   --->   Operation 79 'bitconcatenate' 'p_Result_78' <Predicate = (!tmp_demorgan & !tmp_105_demorgan & !or_cond1 & !or_cond & !tmp_s & tmp_44)> <Delay = 0.00>
ST_1 : Operation 80 [1/1] (0.00ns)   --->   "%ret_i_i_i6 = bitcast i64 %p_Result_78 to double" [/wrk/2018.2/continuous/2018_06_14_2258646/src/products/hls/src/technology/autopilot/header_files/utils/x_hls_utils.h:475->/wrk/2018.2/continuous/2018_06_14_2258646/src/products/hls/src/technology/autopilot/header_files/utils/x_hls_utils.h:489->/wrk/2018.2/continuous/2018_06_14_2258646/src/products/hls/hls_lib/hlsmath/include/FloatingPoint/hls_copysign.h:13->/wrk/2018.2/continuous/2018_06_14_2258646/src/products/hls/hls_lib/hlsmath/include/FloatingPoint/hls_cordic.h:772]   --->   Operation 80 'bitcast' 'ret_i_i_i6' <Predicate = (!tmp_demorgan & !tmp_105_demorgan & !or_cond1 & !or_cond & !tmp_s & tmp_44)> <Delay = 0.00>
ST_1 : Operation 81 [1/1] (2.29ns)   --->   "br label %._crit_edge128" [/wrk/2018.2/continuous/2018_06_14_2258646/src/products/hls/hls_lib/hlsmath/include/FloatingPoint/hls_cordic.h:772]   --->   Operation 81 'br' <Predicate = (!tmp_demorgan & !tmp_105_demorgan & !or_cond1 & !or_cond & !tmp_s & tmp_44)> <Delay = 2.29>
ST_1 : Operation 82 [1/1] (0.00ns)   --->   "br i1 %p_Result_72, label %6, label %._crit_edge119" [/wrk/2018.2/continuous/2018_06_14_2258646/src/products/hls/hls_lib/hlsmath/include/FloatingPoint/hls_cordic.h:767]   --->   Operation 82 'br' <Predicate = (!tmp_demorgan & !tmp_105_demorgan & !or_cond1 & !or_cond & tmp_s)> <Delay = 0.00>
ST_1 : Operation 83 [1/1] (0.00ns)   --->   "%p_Result_77 = call i64 @_ssdm_op_BitConcatenate.i64.i1.i63(i1 %p_Result_s, i63 0)" [/wrk/2018.2/continuous/2018_06_14_2258646/src/products/hls/src/technology/autopilot/header_files/utils/x_hls_utils.h:458->/wrk/2018.2/continuous/2018_06_14_2258646/src/products/hls/src/technology/autopilot/header_files/utils/x_hls_utils.h:475->/wrk/2018.2/continuous/2018_06_14_2258646/src/products/hls/src/technology/autopilot/header_files/utils/x_hls_utils.h:489->/wrk/2018.2/continuous/2018_06_14_2258646/src/products/hls/hls_lib/hlsmath/include/FloatingPoint/hls_copysign.h:13->/wrk/2018.2/continuous/2018_06_14_2258646/src/products/hls/hls_lib/hlsmath/include/FloatingPoint/hls_cordic.h:770]   --->   Operation 83 'bitconcatenate' 'p_Result_77' <Predicate = (!tmp_demorgan & !tmp_105_demorgan & !or_cond1 & !or_cond & tmp_s & !p_Result_72)> <Delay = 0.00>
ST_1 : Operation 84 [1/1] (0.00ns)   --->   "%ret_i_i_i5 = bitcast i64 %p_Result_77 to double" [/wrk/2018.2/continuous/2018_06_14_2258646/src/products/hls/src/technology/autopilot/header_files/utils/x_hls_utils.h:475->/wrk/2018.2/continuous/2018_06_14_2258646/src/products/hls/src/technology/autopilot/header_files/utils/x_hls_utils.h:489->/wrk/2018.2/continuous/2018_06_14_2258646/src/products/hls/hls_lib/hlsmath/include/FloatingPoint/hls_copysign.h:13->/wrk/2018.2/continuous/2018_06_14_2258646/src/products/hls/hls_lib/hlsmath/include/FloatingPoint/hls_cordic.h:770]   --->   Operation 84 'bitcast' 'ret_i_i_i5' <Predicate = (!tmp_demorgan & !tmp_105_demorgan & !or_cond1 & !or_cond & tmp_s & !p_Result_72)> <Delay = 0.00>
ST_1 : Operation 85 [1/1] (2.29ns)   --->   "br label %._crit_edge128" [/wrk/2018.2/continuous/2018_06_14_2258646/src/products/hls/hls_lib/hlsmath/include/FloatingPoint/hls_cordic.h:770]   --->   Operation 85 'br' <Predicate = (!tmp_demorgan & !tmp_105_demorgan & !or_cond1 & !or_cond & tmp_s & !p_Result_72)> <Delay = 2.29>
ST_1 : Operation 86 [1/1] (0.00ns)   --->   "%p_Result_76 = call i64 @_ssdm_op_BitConcatenate.i64.i1.i63(i1 %p_Result_s, i63 -4609115380302729960)" [/wrk/2018.2/continuous/2018_06_14_2258646/src/products/hls/src/technology/autopilot/header_files/utils/x_hls_utils.h:458->/wrk/2018.2/continuous/2018_06_14_2258646/src/products/hls/src/technology/autopilot/header_files/utils/x_hls_utils.h:475->/wrk/2018.2/continuous/2018_06_14_2258646/src/products/hls/src/technology/autopilot/header_files/utils/x_hls_utils.h:489->/wrk/2018.2/continuous/2018_06_14_2258646/src/products/hls/hls_lib/hlsmath/include/FloatingPoint/hls_copysign.h:13->/wrk/2018.2/continuous/2018_06_14_2258646/src/products/hls/hls_lib/hlsmath/include/FloatingPoint/hls_cordic.h:768]   --->   Operation 86 'bitconcatenate' 'p_Result_76' <Predicate = (!tmp_demorgan & !tmp_105_demorgan & !or_cond1 & !or_cond & tmp_s & p_Result_72)> <Delay = 0.00>
ST_1 : Operation 87 [1/1] (0.00ns)   --->   "%ret_i_i_i4 = bitcast i64 %p_Result_76 to double" [/wrk/2018.2/continuous/2018_06_14_2258646/src/products/hls/src/technology/autopilot/header_files/utils/x_hls_utils.h:475->/wrk/2018.2/continuous/2018_06_14_2258646/src/products/hls/src/technology/autopilot/header_files/utils/x_hls_utils.h:489->/wrk/2018.2/continuous/2018_06_14_2258646/src/products/hls/hls_lib/hlsmath/include/FloatingPoint/hls_copysign.h:13->/wrk/2018.2/continuous/2018_06_14_2258646/src/products/hls/hls_lib/hlsmath/include/FloatingPoint/hls_cordic.h:768]   --->   Operation 87 'bitcast' 'ret_i_i_i4' <Predicate = (!tmp_demorgan & !tmp_105_demorgan & !or_cond1 & !or_cond & tmp_s & p_Result_72)> <Delay = 0.00>
ST_1 : Operation 88 [1/1] (2.29ns)   --->   "br label %._crit_edge128" [/wrk/2018.2/continuous/2018_06_14_2258646/src/products/hls/hls_lib/hlsmath/include/FloatingPoint/hls_cordic.h:768]   --->   Operation 88 'br' <Predicate = (!tmp_demorgan & !tmp_105_demorgan & !or_cond1 & !or_cond & tmp_s & p_Result_72)> <Delay = 2.29>
ST_1 : Operation 89 [1/1] (0.00ns)   --->   "%p_Result_75 = call i64 @_ssdm_op_BitConcatenate.i64.i1.i63(i1 %p_Result_s, i63 4609753056924675352)" [/wrk/2018.2/continuous/2018_06_14_2258646/src/products/hls/src/technology/autopilot/header_files/utils/x_hls_utils.h:458->/wrk/2018.2/continuous/2018_06_14_2258646/src/products/hls/src/technology/autopilot/header_files/utils/x_hls_utils.h:475->/wrk/2018.2/continuous/2018_06_14_2258646/src/products/hls/src/technology/autopilot/header_files/utils/x_hls_utils.h:489->/wrk/2018.2/continuous/2018_06_14_2258646/src/products/hls/hls_lib/hlsmath/include/FloatingPoint/hls_copysign.h:13->/wrk/2018.2/continuous/2018_06_14_2258646/src/products/hls/hls_lib/hlsmath/include/FloatingPoint/hls_cordic.h:762]   --->   Operation 89 'bitconcatenate' 'p_Result_75' <Predicate = (!tmp_demorgan & !tmp_105_demorgan & !or_cond1 & or_cond)> <Delay = 0.00>
ST_1 : Operation 90 [1/1] (0.00ns)   --->   "%ret_i_i_i3 = bitcast i64 %p_Result_75 to double" [/wrk/2018.2/continuous/2018_06_14_2258646/src/products/hls/src/technology/autopilot/header_files/utils/x_hls_utils.h:475->/wrk/2018.2/continuous/2018_06_14_2258646/src/products/hls/src/technology/autopilot/header_files/utils/x_hls_utils.h:489->/wrk/2018.2/continuous/2018_06_14_2258646/src/products/hls/hls_lib/hlsmath/include/FloatingPoint/hls_copysign.h:13->/wrk/2018.2/continuous/2018_06_14_2258646/src/products/hls/hls_lib/hlsmath/include/FloatingPoint/hls_cordic.h:762]   --->   Operation 90 'bitcast' 'ret_i_i_i3' <Predicate = (!tmp_demorgan & !tmp_105_demorgan & !or_cond1 & or_cond)> <Delay = 0.00>
ST_1 : Operation 91 [1/1] (2.29ns)   --->   "br label %._crit_edge128" [/wrk/2018.2/continuous/2018_06_14_2258646/src/products/hls/hls_lib/hlsmath/include/FloatingPoint/hls_cordic.h:762]   --->   Operation 91 'br' <Predicate = (!tmp_demorgan & !tmp_105_demorgan & !or_cond1 & or_cond)> <Delay = 2.29>
ST_1 : Operation 92 [1/1] (0.00ns)   --->   "br i1 %p_Result_72, label %4, label %._crit_edge108" [/wrk/2018.2/continuous/2018_06_14_2258646/src/products/hls/hls_lib/hlsmath/include/FloatingPoint/hls_cordic.h:757]   --->   Operation 92 'br' <Predicate = (!tmp_demorgan & !tmp_105_demorgan & or_cond1)> <Delay = 0.00>
ST_1 : Operation 93 [1/1] (0.00ns)   --->   "%p_Result_74 = call i64 @_ssdm_op_BitConcatenate.i64.i1.i63(i1 %p_Result_s, i63 0)" [/wrk/2018.2/continuous/2018_06_14_2258646/src/products/hls/src/technology/autopilot/header_files/utils/x_hls_utils.h:458->/wrk/2018.2/continuous/2018_06_14_2258646/src/products/hls/src/technology/autopilot/header_files/utils/x_hls_utils.h:475->/wrk/2018.2/continuous/2018_06_14_2258646/src/products/hls/src/technology/autopilot/header_files/utils/x_hls_utils.h:489->/wrk/2018.2/continuous/2018_06_14_2258646/src/products/hls/hls_lib/hlsmath/include/FloatingPoint/hls_copysign.h:13->/wrk/2018.2/continuous/2018_06_14_2258646/src/products/hls/hls_lib/hlsmath/include/FloatingPoint/hls_cordic.h:760]   --->   Operation 93 'bitconcatenate' 'p_Result_74' <Predicate = (!tmp_demorgan & !tmp_105_demorgan & or_cond1 & !p_Result_72)> <Delay = 0.00>
ST_1 : Operation 94 [1/1] (0.00ns)   --->   "%ret_i_i_i2 = bitcast i64 %p_Result_74 to double" [/wrk/2018.2/continuous/2018_06_14_2258646/src/products/hls/src/technology/autopilot/header_files/utils/x_hls_utils.h:475->/wrk/2018.2/continuous/2018_06_14_2258646/src/products/hls/src/technology/autopilot/header_files/utils/x_hls_utils.h:489->/wrk/2018.2/continuous/2018_06_14_2258646/src/products/hls/hls_lib/hlsmath/include/FloatingPoint/hls_copysign.h:13->/wrk/2018.2/continuous/2018_06_14_2258646/src/products/hls/hls_lib/hlsmath/include/FloatingPoint/hls_cordic.h:760]   --->   Operation 94 'bitcast' 'ret_i_i_i2' <Predicate = (!tmp_demorgan & !tmp_105_demorgan & or_cond1 & !p_Result_72)> <Delay = 0.00>
ST_1 : Operation 95 [1/1] (2.29ns)   --->   "br label %._crit_edge128" [/wrk/2018.2/continuous/2018_06_14_2258646/src/products/hls/hls_lib/hlsmath/include/FloatingPoint/hls_cordic.h:760]   --->   Operation 95 'br' <Predicate = (!tmp_demorgan & !tmp_105_demorgan & or_cond1 & !p_Result_72)> <Delay = 2.29>
ST_1 : Operation 96 [1/1] (0.00ns)   --->   "%p_Result_73 = call i64 @_ssdm_op_BitConcatenate.i64.i1.i63(i1 %p_Result_s, i63 -4609115380302729960)" [/wrk/2018.2/continuous/2018_06_14_2258646/src/products/hls/src/technology/autopilot/header_files/utils/x_hls_utils.h:458->/wrk/2018.2/continuous/2018_06_14_2258646/src/products/hls/src/technology/autopilot/header_files/utils/x_hls_utils.h:475->/wrk/2018.2/continuous/2018_06_14_2258646/src/products/hls/src/technology/autopilot/header_files/utils/x_hls_utils.h:489->/wrk/2018.2/continuous/2018_06_14_2258646/src/products/hls/hls_lib/hlsmath/include/FloatingPoint/hls_copysign.h:13->/wrk/2018.2/continuous/2018_06_14_2258646/src/products/hls/hls_lib/hlsmath/include/FloatingPoint/hls_cordic.h:758]   --->   Operation 96 'bitconcatenate' 'p_Result_73' <Predicate = (!tmp_demorgan & !tmp_105_demorgan & or_cond1 & p_Result_72)> <Delay = 0.00>
ST_1 : Operation 97 [1/1] (0.00ns)   --->   "%ret_i_i_i1 = bitcast i64 %p_Result_73 to double" [/wrk/2018.2/continuous/2018_06_14_2258646/src/products/hls/src/technology/autopilot/header_files/utils/x_hls_utils.h:475->/wrk/2018.2/continuous/2018_06_14_2258646/src/products/hls/src/technology/autopilot/header_files/utils/x_hls_utils.h:489->/wrk/2018.2/continuous/2018_06_14_2258646/src/products/hls/hls_lib/hlsmath/include/FloatingPoint/hls_copysign.h:13->/wrk/2018.2/continuous/2018_06_14_2258646/src/products/hls/hls_lib/hlsmath/include/FloatingPoint/hls_cordic.h:758]   --->   Operation 97 'bitcast' 'ret_i_i_i1' <Predicate = (!tmp_demorgan & !tmp_105_demorgan & or_cond1 & p_Result_72)> <Delay = 0.00>
ST_1 : Operation 98 [1/1] (2.29ns)   --->   "br label %._crit_edge128" [/wrk/2018.2/continuous/2018_06_14_2258646/src/products/hls/hls_lib/hlsmath/include/FloatingPoint/hls_cordic.h:758]   --->   Operation 98 'br' <Predicate = (!tmp_demorgan & !tmp_105_demorgan & or_cond1 & p_Result_72)> <Delay = 2.29>
ST_1 : Operation 99 [1/1] (2.29ns)   --->   "br label %._crit_edge128" [/wrk/2018.2/continuous/2018_06_14_2258646/src/products/hls/hls_lib/hlsmath/include/FloatingPoint/hls_cordic.h:753]   --->   Operation 99 'br' <Predicate = (tmp_demorgan) | (tmp_105_demorgan)> <Delay = 2.29>

State 2 <SV = 1> <Delay = 1.81>
ST_2 : Operation 100 [1/2] (1.81ns)   --->   "%tmp_103_i = call fastcc double @atan2_generic(double %a, double %b) nounwind" [/wrk/2018.2/continuous/2018_06_14_2258646/src/products/hls/hls_lib/hlsmath/include/FloatingPoint/hls_cordic.h:744->/wrk/2018.2/continuous/2018_06_14_2258646/src/products/hls/hls_lib/hlsmath/include/FloatingPoint/hls_cordic.h:811]   --->   Operation 100 'call' 'tmp_103_i' <Predicate = true> <Delay = 1.81> <CoreType = "Generic">   --->   Core 0 '' <Latency = 0> <II = 1> <Delay = 1.00> <Generic> <Opcode : >
ST_2 : Operation 101 [1/1] (1.81ns)   --->   "br label %"atan2_cordic_Q1<double>.exit"" [/wrk/2018.2/continuous/2018_06_14_2258646/src/products/hls/hls_lib/hlsmath/include/FloatingPoint/hls_cordic.h:744->/wrk/2018.2/continuous/2018_06_14_2258646/src/products/hls/hls_lib/hlsmath/include/FloatingPoint/hls_cordic.h:811]   --->   Operation 101 'br' <Predicate = true> <Delay = 1.81>

State 3 <SV = 1> <Delay = 1.81>
ST_3 : Operation 102 [1/2] (1.81ns)   --->   "%tmp_101_i = call fastcc double @atan2_generic(double %b, double %a) nounwind" [/wrk/2018.2/continuous/2018_06_14_2258646/src/products/hls/hls_lib/hlsmath/include/FloatingPoint/hls_cordic.h:742->/wrk/2018.2/continuous/2018_06_14_2258646/src/products/hls/hls_lib/hlsmath/include/FloatingPoint/hls_cordic.h:811]   --->   Operation 102 'call' 'tmp_101_i' <Predicate = true> <Delay = 1.81> <CoreType = "Generic">   --->   Core 0 '' <Latency = 0> <II = 1> <Delay = 1.00> <Generic> <Opcode : >

State 4 <SV = 2> <Delay = 8.23>
ST_4 : Operation 103 [5/5] (8.23ns)   --->   "%tmp_102_i = fsub double 0x3FF921FB54442D18, %tmp_101_i" [/wrk/2018.2/continuous/2018_06_14_2258646/src/products/hls/hls_lib/hlsmath/include/FloatingPoint/hls_cordic.h:742->/wrk/2018.2/continuous/2018_06_14_2258646/src/products/hls/hls_lib/hlsmath/include/FloatingPoint/hls_cordic.h:811]   --->   Operation 103 'dsub' 'tmp_102_i' <Predicate = true> <Delay = 8.23> <Core = "DAddSub">   --->   Core 109 'DAddSub' <Latency = 4> <II = 1> <Delay = 8.23> <FuncUnit> <Opcode : 'dadd' 'dsub'> <InPorts = 2> <OutPorts = 1>

State 5 <SV = 3> <Delay = 8.23>
ST_5 : Operation 104 [4/5] (8.23ns)   --->   "%tmp_102_i = fsub double 0x3FF921FB54442D18, %tmp_101_i" [/wrk/2018.2/continuous/2018_06_14_2258646/src/products/hls/hls_lib/hlsmath/include/FloatingPoint/hls_cordic.h:742->/wrk/2018.2/continuous/2018_06_14_2258646/src/products/hls/hls_lib/hlsmath/include/FloatingPoint/hls_cordic.h:811]   --->   Operation 104 'dsub' 'tmp_102_i' <Predicate = true> <Delay = 8.23> <Core = "DAddSub">   --->   Core 109 'DAddSub' <Latency = 4> <II = 1> <Delay = 8.23> <FuncUnit> <Opcode : 'dadd' 'dsub'> <InPorts = 2> <OutPorts = 1>

State 6 <SV = 4> <Delay = 8.23>
ST_6 : Operation 105 [3/5] (8.23ns)   --->   "%tmp_102_i = fsub double 0x3FF921FB54442D18, %tmp_101_i" [/wrk/2018.2/continuous/2018_06_14_2258646/src/products/hls/hls_lib/hlsmath/include/FloatingPoint/hls_cordic.h:742->/wrk/2018.2/continuous/2018_06_14_2258646/src/products/hls/hls_lib/hlsmath/include/FloatingPoint/hls_cordic.h:811]   --->   Operation 105 'dsub' 'tmp_102_i' <Predicate = true> <Delay = 8.23> <Core = "DAddSub">   --->   Core 109 'DAddSub' <Latency = 4> <II = 1> <Delay = 8.23> <FuncUnit> <Opcode : 'dadd' 'dsub'> <InPorts = 2> <OutPorts = 1>

State 7 <SV = 5> <Delay = 8.23>
ST_7 : Operation 106 [2/5] (8.23ns)   --->   "%tmp_102_i = fsub double 0x3FF921FB54442D18, %tmp_101_i" [/wrk/2018.2/continuous/2018_06_14_2258646/src/products/hls/hls_lib/hlsmath/include/FloatingPoint/hls_cordic.h:742->/wrk/2018.2/continuous/2018_06_14_2258646/src/products/hls/hls_lib/hlsmath/include/FloatingPoint/hls_cordic.h:811]   --->   Operation 106 'dsub' 'tmp_102_i' <Predicate = true> <Delay = 8.23> <Core = "DAddSub">   --->   Core 109 'DAddSub' <Latency = 4> <II = 1> <Delay = 8.23> <FuncUnit> <Opcode : 'dadd' 'dsub'> <InPorts = 2> <OutPorts = 1>

State 8 <SV = 6> <Delay = 8.23>
ST_8 : Operation 107 [1/5] (8.23ns)   --->   "%tmp_102_i = fsub double 0x3FF921FB54442D18, %tmp_101_i" [/wrk/2018.2/continuous/2018_06_14_2258646/src/products/hls/hls_lib/hlsmath/include/FloatingPoint/hls_cordic.h:742->/wrk/2018.2/continuous/2018_06_14_2258646/src/products/hls/hls_lib/hlsmath/include/FloatingPoint/hls_cordic.h:811]   --->   Operation 107 'dsub' 'tmp_102_i' <Predicate = true> <Delay = 8.23> <Core = "DAddSub">   --->   Core 109 'DAddSub' <Latency = 4> <II = 1> <Delay = 8.23> <FuncUnit> <Opcode : 'dadd' 'dsub'> <InPorts = 2> <OutPorts = 1>

State 9 <SV = 7> <Delay = 1.81>
ST_9 : Operation 108 [1/1] (1.81ns)   --->   "br label %"atan2_cordic_Q1<double>.exit"" [/wrk/2018.2/continuous/2018_06_14_2258646/src/products/hls/hls_lib/hlsmath/include/FloatingPoint/hls_cordic.h:742->/wrk/2018.2/continuous/2018_06_14_2258646/src/products/hls/hls_lib/hlsmath/include/FloatingPoint/hls_cordic.h:811]   --->   Operation 108 'br' <Predicate = true> <Delay = 1.81>

State 10 <SV = 8> <Delay = 8.23>
ST_10 : Operation 109 [1/1] (0.00ns)   --->   "%c = phi double [ %tmp_102_i, %20 ], [ %tmp_103_i, %21 ], [ 0x3FE921FB54442D18, %18 ]" [/wrk/2018.2/continuous/2018_06_14_2258646/src/products/hls/hls_lib/hlsmath/include/FloatingPoint/hls_cordic.h:742->/wrk/2018.2/continuous/2018_06_14_2258646/src/products/hls/hls_lib/hlsmath/include/FloatingPoint/hls_cordic.h:811]   --->   Operation 109 'phi' 'c' <Predicate = true> <Delay = 0.00>
ST_10 : Operation 110 [5/5] (8.23ns)   --->   "%d = fsub double 0x400921FB54442D18, %c" [/wrk/2018.2/continuous/2018_06_14_2258646/src/products/hls/hls_lib/hlsmath/include/FloatingPoint/hls_cordic.h:812]   --->   Operation 110 'dsub' 'd' <Predicate = true> <Delay = 8.23> <Core = "DAddSub">   --->   Core 109 'DAddSub' <Latency = 4> <II = 1> <Delay = 8.23> <FuncUnit> <Opcode : 'dadd' 'dsub'> <InPorts = 2> <OutPorts = 1>

State 11 <SV = 9> <Delay = 8.23>
ST_11 : Operation 111 [4/5] (8.23ns)   --->   "%d = fsub double 0x400921FB54442D18, %c" [/wrk/2018.2/continuous/2018_06_14_2258646/src/products/hls/hls_lib/hlsmath/include/FloatingPoint/hls_cordic.h:812]   --->   Operation 111 'dsub' 'd' <Predicate = true> <Delay = 8.23> <Core = "DAddSub">   --->   Core 109 'DAddSub' <Latency = 4> <II = 1> <Delay = 8.23> <FuncUnit> <Opcode : 'dadd' 'dsub'> <InPorts = 2> <OutPorts = 1>

State 12 <SV = 10> <Delay = 8.23>
ST_12 : Operation 112 [3/5] (8.23ns)   --->   "%d = fsub double 0x400921FB54442D18, %c" [/wrk/2018.2/continuous/2018_06_14_2258646/src/products/hls/hls_lib/hlsmath/include/FloatingPoint/hls_cordic.h:812]   --->   Operation 112 'dsub' 'd' <Predicate = true> <Delay = 8.23> <Core = "DAddSub">   --->   Core 109 'DAddSub' <Latency = 4> <II = 1> <Delay = 8.23> <FuncUnit> <Opcode : 'dadd' 'dsub'> <InPorts = 2> <OutPorts = 1>

State 13 <SV = 11> <Delay = 8.23>
ST_13 : Operation 113 [2/5] (8.23ns)   --->   "%d = fsub double 0x400921FB54442D18, %c" [/wrk/2018.2/continuous/2018_06_14_2258646/src/products/hls/hls_lib/hlsmath/include/FloatingPoint/hls_cordic.h:812]   --->   Operation 113 'dsub' 'd' <Predicate = true> <Delay = 8.23> <Core = "DAddSub">   --->   Core 109 'DAddSub' <Latency = 4> <II = 1> <Delay = 8.23> <FuncUnit> <Opcode : 'dadd' 'dsub'> <InPorts = 2> <OutPorts = 1>

State 14 <SV = 12> <Delay = 8.23>
ST_14 : Operation 114 [1/5] (8.23ns)   --->   "%d = fsub double 0x400921FB54442D18, %c" [/wrk/2018.2/continuous/2018_06_14_2258646/src/products/hls/hls_lib/hlsmath/include/FloatingPoint/hls_cordic.h:812]   --->   Operation 114 'dsub' 'd' <Predicate = (!tmp_129_demorgan)> <Delay = 8.23> <Core = "DAddSub">   --->   Core 109 'DAddSub' <Latency = 4> <II = 1> <Delay = 8.23> <FuncUnit> <Opcode : 'dadd' 'dsub'> <InPorts = 2> <OutPorts = 1>
ST_14 : Operation 115 [1/1] (2.29ns)   --->   "switch i32 %m, label %._crit_edge125 [
    i32 0, label %._crit_edge128
    i32 1, label %22
    i32 2, label %23
    i32 3, label %24
  ]" [/wrk/2018.2/continuous/2018_06_14_2258646/src/products/hls/hls_lib/hlsmath/include/FloatingPoint/hls_cordic.h:813]   --->   Operation 115 'switch' <Predicate = (!tmp_129_demorgan)> <Delay = 2.29>
ST_14 : Operation 116 [1/1] (0.00ns)   --->   "%tmp_270_to_int = bitcast double %c to i64" [/wrk/2018.2/continuous/2018_06_14_2258646/src/products/hls/hls_lib/hlsmath/include/FloatingPoint/hls_cordic.h:817]   --->   Operation 116 'bitcast' 'tmp_270_to_int' <Predicate = (!tmp_129_demorgan & m == 1)> <Delay = 0.00>
ST_14 : Operation 117 [1/1] (0.99ns)   --->   "%tmp_270_neg = xor i64 %tmp_270_to_int, -9223372036854775808" [/wrk/2018.2/continuous/2018_06_14_2258646/src/products/hls/hls_lib/hlsmath/include/FloatingPoint/hls_cordic.h:817]   --->   Operation 117 'xor' 'tmp_270_neg' <Predicate = (!tmp_129_demorgan & m == 1)> <Delay = 0.99> <Core = "LogicGate">   --->   Core 27 'LogicGate' <Latency = 0> <II = 1> <Delay = 0.99> <FuncUnit> <Opcode : 'and' 'or' 'xor'> <InPorts = 2> <OutPorts = 1>
ST_14 : Operation 118 [1/1] (0.00ns)   --->   "%tmp_47 = bitcast i64 %tmp_270_neg to double" [/wrk/2018.2/continuous/2018_06_14_2258646/src/products/hls/hls_lib/hlsmath/include/FloatingPoint/hls_cordic.h:817]   --->   Operation 118 'bitcast' 'tmp_47' <Predicate = (!tmp_129_demorgan & m == 1)> <Delay = 0.00>
ST_14 : Operation 119 [1/1] (2.29ns)   --->   "br label %._crit_edge128" [/wrk/2018.2/continuous/2018_06_14_2258646/src/products/hls/hls_lib/hlsmath/include/FloatingPoint/hls_cordic.h:817]   --->   Operation 119 'br' <Predicate = (!tmp_129_demorgan & m == 1)> <Delay = 2.29>
ST_14 : Operation 120 [1/1] (0.00ns)   --->   "br label %._crit_edge124"   --->   Operation 120 'br' <Predicate = (!tmp_129_demorgan & m != 0 & m != 1 & m != 2 & m != 3) | (!tmp_131_demorgan & m != 0 & m != 1 & m != 2 & m != 3)> <Delay = 0.00>
ST_14 : Operation 121 [1/1] (2.29ns)   --->   "br label %._crit_edge128" [/wrk/2018.2/continuous/2018_06_14_2258646/src/products/hls/hls_lib/hlsmath/include/FloatingPoint/hls_cordic.h:824]   --->   Operation 121 'br' <Predicate = (m != 0 & m != 1 & m != 2 & m != 3)> <Delay = 2.29>

State 15 <SV = 13> <Delay = 5.05>
ST_15 : Operation 122 [1/1] (0.00ns)   --->   "%tmp_271_to_int = bitcast double %d to i64" [/wrk/2018.2/continuous/2018_06_14_2258646/src/products/hls/hls_lib/hlsmath/include/FloatingPoint/hls_cordic.h:821]   --->   Operation 122 'bitcast' 'tmp_271_to_int' <Predicate = (!tmp_demorgan & !tmp_105_demorgan & !or_cond1 & !or_cond & !tmp_s & !tmp_44 & !tmp_129_demorgan & !tmp_131_demorgan & m == 3)> <Delay = 0.00>
ST_15 : Operation 123 [1/1] (0.99ns)   --->   "%tmp_271_neg = xor i64 %tmp_271_to_int, -9223372036854775808" [/wrk/2018.2/continuous/2018_06_14_2258646/src/products/hls/hls_lib/hlsmath/include/FloatingPoint/hls_cordic.h:821]   --->   Operation 123 'xor' 'tmp_271_neg' <Predicate = (!tmp_demorgan & !tmp_105_demorgan & !or_cond1 & !or_cond & !tmp_s & !tmp_44 & !tmp_129_demorgan & !tmp_131_demorgan & m == 3)> <Delay = 0.99> <Core = "LogicGate">   --->   Core 27 'LogicGate' <Latency = 0> <II = 1> <Delay = 0.99> <FuncUnit> <Opcode : 'and' 'or' 'xor'> <InPorts = 2> <OutPorts = 1>
ST_15 : Operation 124 [1/1] (0.00ns)   --->   "%tmp_48 = bitcast i64 %tmp_271_neg to double" [/wrk/2018.2/continuous/2018_06_14_2258646/src/products/hls/hls_lib/hlsmath/include/FloatingPoint/hls_cordic.h:821]   --->   Operation 124 'bitcast' 'tmp_48' <Predicate = (!tmp_demorgan & !tmp_105_demorgan & !or_cond1 & !or_cond & !tmp_s & !tmp_44 & !tmp_129_demorgan & !tmp_131_demorgan & m == 3)> <Delay = 0.00>
ST_15 : Operation 125 [1/1] (2.29ns)   --->   "br label %._crit_edge128" [/wrk/2018.2/continuous/2018_06_14_2258646/src/products/hls/hls_lib/hlsmath/include/FloatingPoint/hls_cordic.h:821]   --->   Operation 125 'br' <Predicate = (!tmp_demorgan & !tmp_105_demorgan & !or_cond1 & !or_cond & !tmp_s & !tmp_44 & !tmp_129_demorgan & !tmp_131_demorgan & m == 3)> <Delay = 2.29>
ST_15 : Operation 126 [1/1] (2.29ns)   --->   "br label %._crit_edge128" [/wrk/2018.2/continuous/2018_06_14_2258646/src/products/hls/hls_lib/hlsmath/include/FloatingPoint/hls_cordic.h:819]   --->   Operation 126 'br' <Predicate = (!tmp_demorgan & !tmp_105_demorgan & !or_cond1 & !or_cond & !tmp_s & !tmp_44 & !tmp_129_demorgan & !tmp_131_demorgan & m == 2)> <Delay = 2.29>
ST_15 : Operation 127 [1/1] (0.00ns)   --->   "%p_s = phi double [ 0x7FFFFFFFFFFFFFFF, %._crit_edge ], [ %ret_i_i_i1, %4 ], [ %ret_i_i_i2, %._crit_edge108 ], [ %ret_i_i_i3, %5 ], [ %ret_i_i_i4, %6 ], [ %ret_i_i_i5, %._crit_edge119 ], [ %ret_i_i_i6, %7 ], [ 0.000000e+00, %._crit_edge124 ], [ 0xC002D97C7F3321D2, %13 ], [ 0x4002D97C7F3321D2, %12 ], [ 0xBFE921FB54442D18, %11 ], [ 0xC00921FB54442D18, %16 ], [ 0x400921FB54442D18, %15 ], [ -0.000000e+00, %14 ], [ %tmp_48, %24 ], [ %d, %23 ], [ %tmp_47, %22 ], [ %c, %"atan2_cordic_Q1<double>.exit" ], [ 0x3FE921FB54442D18, %10 ], [ 0.000000e+00, %._crit_edge122 ]"   --->   Operation 127 'phi' 'p_s' <Predicate = (tmp_demorgan) | (tmp_105_demorgan) | (or_cond1) | (or_cond) | (tmp_s) | (tmp_44) | (tmp_129_demorgan) | (!tmp_131_demorgan)> <Delay = 0.00>
ST_15 : Operation 128 [1/1] (1.76ns)   --->   "br label %UnifiedReturnBlock" [/wrk/2018.2/continuous/2018_06_14_2258646/src/products/hls/hls_lib/hlsmath/include/FloatingPoint/hls_cordic.h:825]   --->   Operation 128 'br' <Predicate = (tmp_demorgan) | (tmp_105_demorgan) | (or_cond1) | (or_cond) | (tmp_s) | (tmp_44) | (tmp_129_demorgan) | (!tmp_131_demorgan)> <Delay = 1.76>
ST_15 : Operation 129 [1/1] (0.00ns)   --->   "%UnifiedRetVal = phi double [ %p_1, %17 ], [ %p_s, %._crit_edge128 ]" [/wrk/2018.2/continuous/2018_06_14_2258646/src/products/hls/hls_lib/hlsmath/include/FloatingPoint/hls_cordic.h:804]   --->   Operation 129 'phi' 'UnifiedRetVal' <Predicate = true> <Delay = 0.00>
ST_15 : Operation 130 [1/1] (0.00ns)   --->   "ret double %UnifiedRetVal" [/wrk/2018.2/continuous/2018_06_14_2258646/src/products/hls/hls_lib/hlsmath/include/FloatingPoint/hls_cordic.h:825]   --->   Operation 130 'ret' <Predicate = true> <Delay = 0.00>


============================================================
+ Verbose Summary: Timing violations
============================================================
Target clock period: 10ns, clock uncertainty: 1.25ns.

 <State 1>: 8.75ns
The critical path consists of the following:
	wire read on port 'x_in' [4]  (0 ns)
	'call' operation ('tmp_103_i', /wrk/2018.2/continuous/2018_06_14_2258646/src/products/hls/hls_lib/hlsmath/include/FloatingPoint/hls_cordic.h:744->/wrk/2018.2/continuous/2018_06_14_2258646/src/products/hls/hls_lib/hlsmath/include/FloatingPoint/hls_cordic.h:811) to 'atan2_generic' [64]  (8.75 ns)

 <State 2>: 1.81ns
The critical path consists of the following:
	'call' operation ('tmp_103_i', /wrk/2018.2/continuous/2018_06_14_2258646/src/products/hls/hls_lib/hlsmath/include/FloatingPoint/hls_cordic.h:744->/wrk/2018.2/continuous/2018_06_14_2258646/src/products/hls/hls_lib/hlsmath/include/FloatingPoint/hls_cordic.h:811) to 'atan2_generic' [64]  (1.81 ns)

 <State 3>: 1.81ns
The critical path consists of the following:
	'call' operation ('tmp_101_i', /wrk/2018.2/continuous/2018_06_14_2258646/src/products/hls/hls_lib/hlsmath/include/FloatingPoint/hls_cordic.h:742->/wrk/2018.2/continuous/2018_06_14_2258646/src/products/hls/hls_lib/hlsmath/include/FloatingPoint/hls_cordic.h:811) to 'atan2_generic' [67]  (1.81 ns)

 <State 4>: 8.23ns
The critical path consists of the following:
	'dsub' operation ('tmp_102_i', /wrk/2018.2/continuous/2018_06_14_2258646/src/products/hls/hls_lib/hlsmath/include/FloatingPoint/hls_cordic.h:742->/wrk/2018.2/continuous/2018_06_14_2258646/src/products/hls/hls_lib/hlsmath/include/FloatingPoint/hls_cordic.h:811) [68]  (8.23 ns)

 <State 5>: 8.23ns
The critical path consists of the following:
	'dsub' operation ('tmp_102_i', /wrk/2018.2/continuous/2018_06_14_2258646/src/products/hls/hls_lib/hlsmath/include/FloatingPoint/hls_cordic.h:742->/wrk/2018.2/continuous/2018_06_14_2258646/src/products/hls/hls_lib/hlsmath/include/FloatingPoint/hls_cordic.h:811) [68]  (8.23 ns)

 <State 6>: 8.23ns
The critical path consists of the following:
	'dsub' operation ('tmp_102_i', /wrk/2018.2/continuous/2018_06_14_2258646/src/products/hls/hls_lib/hlsmath/include/FloatingPoint/hls_cordic.h:742->/wrk/2018.2/continuous/2018_06_14_2258646/src/products/hls/hls_lib/hlsmath/include/FloatingPoint/hls_cordic.h:811) [68]  (8.23 ns)

 <State 7>: 8.23ns
The critical path consists of the following:
	'dsub' operation ('tmp_102_i', /wrk/2018.2/continuous/2018_06_14_2258646/src/products/hls/hls_lib/hlsmath/include/FloatingPoint/hls_cordic.h:742->/wrk/2018.2/continuous/2018_06_14_2258646/src/products/hls/hls_lib/hlsmath/include/FloatingPoint/hls_cordic.h:811) [68]  (8.23 ns)

 <State 8>: 8.23ns
The critical path consists of the following:
	'dsub' operation ('tmp_102_i', /wrk/2018.2/continuous/2018_06_14_2258646/src/products/hls/hls_lib/hlsmath/include/FloatingPoint/hls_cordic.h:742->/wrk/2018.2/continuous/2018_06_14_2258646/src/products/hls/hls_lib/hlsmath/include/FloatingPoint/hls_cordic.h:811) [68]  (8.23 ns)

 <State 9>: 1.81ns
The critical path consists of the following:
	multiplexor before 'phi' operation ('c', /wrk/2018.2/continuous/2018_06_14_2258646/src/products/hls/hls_lib/hlsmath/include/FloatingPoint/hls_cordic.h:742->/wrk/2018.2/continuous/2018_06_14_2258646/src/products/hls/hls_lib/hlsmath/include/FloatingPoint/hls_cordic.h:811) with incoming values : ('tmp_103_i', /wrk/2018.2/continuous/2018_06_14_2258646/src/products/hls/hls_lib/hlsmath/include/FloatingPoint/hls_cordic.h:744->/wrk/2018.2/continuous/2018_06_14_2258646/src/products/hls/hls_lib/hlsmath/include/FloatingPoint/hls_cordic.h:811) ('tmp_102_i', /wrk/2018.2/continuous/2018_06_14_2258646/src/products/hls/hls_lib/hlsmath/include/FloatingPoint/hls_cordic.h:742->/wrk/2018.2/continuous/2018_06_14_2258646/src/products/hls/hls_lib/hlsmath/include/FloatingPoint/hls_cordic.h:811) [71]  (1.81 ns)

 <State 10>: 8.23ns
The critical path consists of the following:
	'phi' operation ('c', /wrk/2018.2/continuous/2018_06_14_2258646/src/products/hls/hls_lib/hlsmath/include/FloatingPoint/hls_cordic.h:742->/wrk/2018.2/continuous/2018_06_14_2258646/src/products/hls/hls_lib/hlsmath/include/FloatingPoint/hls_cordic.h:811) with incoming values : ('tmp_103_i', /wrk/2018.2/continuous/2018_06_14_2258646/src/products/hls/hls_lib/hlsmath/include/FloatingPoint/hls_cordic.h:744->/wrk/2018.2/continuous/2018_06_14_2258646/src/products/hls/hls_lib/hlsmath/include/FloatingPoint/hls_cordic.h:811) ('tmp_102_i', /wrk/2018.2/continuous/2018_06_14_2258646/src/products/hls/hls_lib/hlsmath/include/FloatingPoint/hls_cordic.h:742->/wrk/2018.2/continuous/2018_06_14_2258646/src/products/hls/hls_lib/hlsmath/include/FloatingPoint/hls_cordic.h:811) [71]  (0 ns)
	'dsub' operation ('d', /wrk/2018.2/continuous/2018_06_14_2258646/src/products/hls/hls_lib/hlsmath/include/FloatingPoint/hls_cordic.h:812) [72]  (8.23 ns)

 <State 11>: 8.23ns
The critical path consists of the following:
	'dsub' operation ('d', /wrk/2018.2/continuous/2018_06_14_2258646/src/products/hls/hls_lib/hlsmath/include/FloatingPoint/hls_cordic.h:812) [72]  (8.23 ns)

 <State 12>: 8.23ns
The critical path consists of the following:
	'dsub' operation ('d', /wrk/2018.2/continuous/2018_06_14_2258646/src/products/hls/hls_lib/hlsmath/include/FloatingPoint/hls_cordic.h:812) [72]  (8.23 ns)

 <State 13>: 8.23ns
The critical path consists of the following:
	'dsub' operation ('d', /wrk/2018.2/continuous/2018_06_14_2258646/src/products/hls/hls_lib/hlsmath/include/FloatingPoint/hls_cordic.h:812) [72]  (8.23 ns)

 <State 14>: 8.23ns
The critical path consists of the following:
	'dsub' operation ('d', /wrk/2018.2/continuous/2018_06_14_2258646/src/products/hls/hls_lib/hlsmath/include/FloatingPoint/hls_cordic.h:812) [72]  (8.23 ns)

 <State 15>: 5.06ns
The critical path consists of the following:
	'xor' operation ('tmp_271_neg', /wrk/2018.2/continuous/2018_06_14_2258646/src/products/hls/hls_lib/hlsmath/include/FloatingPoint/hls_cordic.h:821) [76]  (0.99 ns)
	multiplexor before 'phi' operation ('c') with incoming values : ('tmp_103_i', /wrk/2018.2/continuous/2018_06_14_2258646/src/products/hls/hls_lib/hlsmath/include/FloatingPoint/hls_cordic.h:744->/wrk/2018.2/continuous/2018_06_14_2258646/src/products/hls/hls_lib/hlsmath/include/FloatingPoint/hls_cordic.h:811) ('tmp_102_i', /wrk/2018.2/continuous/2018_06_14_2258646/src/products/hls/hls_lib/hlsmath/include/FloatingPoint/hls_cordic.h:742->/wrk/2018.2/continuous/2018_06_14_2258646/src/products/hls/hls_lib/hlsmath/include/FloatingPoint/hls_cordic.h:811) ('d', /wrk/2018.2/continuous/2018_06_14_2258646/src/products/hls/hls_lib/hlsmath/include/FloatingPoint/hls_cordic.h:812) ('tmp_48', /wrk/2018.2/continuous/2018_06_14_2258646/src/products/hls/hls_lib/hlsmath/include/FloatingPoint/hls_cordic.h:821) ('tmp_47', /wrk/2018.2/continuous/2018_06_14_2258646/src/products/hls/hls_lib/hlsmath/include/FloatingPoint/hls_cordic.h:817) ('ret_i_i_i6', /wrk/2018.2/continuous/2018_06_14_2258646/src/products/hls/src/technology/autopilot/header_files/utils/x_hls_utils.h:475->/wrk/2018.2/continuous/2018_06_14_2258646/src/products/hls/src/technology/autopilot/header_files/utils/x_hls_utils.h:489->/wrk/2018.2/continuous/2018_06_14_2258646/src/products/hls/hls_lib/hlsmath/include/FloatingPoint/hls_copysign.h:13->/wrk/2018.2/continuous/2018_06_14_2258646/src/products/hls/hls_lib/hlsmath/include/FloatingPoint/hls_cordic.h:772) ('ret_i_i_i5', /wrk/2018.2/continuous/2018_06_14_2258646/src/products/hls/src/technology/autopilot/header_files/utils/x_hls_utils.h:475->/wrk/2018.2/continuous/2018_06_14_2258646/src/products/hls/src/technology/autopilot/header_files/utils/x_hls_utils.h:489->/wrk/2018.2/continuous/2018_06_14_2258646/src/products/hls/hls_lib/hlsmath/include/FloatingPoint/hls_copysign.h:13->/wrk/2018.2/continuous/2018_06_14_2258646/src/products/hls/hls_lib/hlsmath/include/FloatingPoint/hls_cordic.h:770) ('ret_i_i_i4', /wrk/2018.2/continuous/2018_06_14_2258646/src/products/hls/src/technology/autopilot/header_files/utils/x_hls_utils.h:475->/wrk/2018.2/continuous/2018_06_14_2258646/src/products/hls/src/technology/autopilot/header_files/utils/x_hls_utils.h:489->/wrk/2018.2/continuous/2018_06_14_2258646/src/products/hls/hls_lib/hlsmath/include/FloatingPoint/hls_copysign.h:13->/wrk/2018.2/continuous/2018_06_14_2258646/src/products/hls/hls_lib/hlsmath/include/FloatingPoint/hls_cordic.h:768) ('ret_i_i_i3', /wrk/2018.2/continuous/2018_06_14_2258646/src/products/hls/src/technology/autopilot/header_files/utils/x_hls_utils.h:475->/wrk/2018.2/continuous/2018_06_14_2258646/src/products/hls/src/technology/autopilot/header_files/utils/x_hls_utils.h:489->/wrk/2018.2/continuous/2018_06_14_2258646/src/products/hls/hls_lib/hlsmath/include/FloatingPoint/hls_copysign.h:13->/wrk/2018.2/continuous/2018_06_14_2258646/src/products/hls/hls_lib/hlsmath/include/FloatingPoint/hls_cordic.h:762) ('ret_i_i_i2', /wrk/2018.2/continuous/2018_06_14_2258646/src/products/hls/src/technology/autopilot/header_files/utils/x_hls_utils.h:475->/wrk/2018.2/continuous/2018_06_14_2258646/src/products/hls/src/technology/autopilot/header_files/utils/x_hls_utils.h:489->/wrk/2018.2/continuous/2018_06_14_2258646/src/products/hls/hls_lib/hlsmath/include/FloatingPoint/hls_copysign.h:13->/wrk/2018.2/continuous/2018_06_14_2258646/src/products/hls/hls_lib/hlsmath/include/FloatingPoint/hls_cordic.h:760) ('ret_i_i_i1', /wrk/2018.2/continuous/2018_06_14_2258646/src/products/hls/src/technology/autopilot/header_files/utils/x_hls_utils.h:475->/wrk/2018.2/continuous/2018_06_14_2258646/src/products/hls/src/technology/autopilot/header_files/utils/x_hls_utils.h:489->/wrk/2018.2/continuous/2018_06_14_2258646/src/products/hls/hls_lib/hlsmath/include/FloatingPoint/hls_copysign.h:13->/wrk/2018.2/continuous/2018_06_14_2258646/src/products/hls/hls_lib/hlsmath/include/FloatingPoint/hls_cordic.h:758) [142]  (2.3 ns)
	'phi' operation ('c') with incoming values : ('tmp_103_i', /wrk/2018.2/continuous/2018_06_14_2258646/src/products/hls/hls_lib/hlsmath/include/FloatingPoint/hls_cordic.h:744->/wrk/2018.2/continuous/2018_06_14_2258646/src/products/hls/hls_lib/hlsmath/include/FloatingPoint/hls_cordic.h:811) ('tmp_102_i', /wrk/2018.2/continuous/2018_06_14_2258646/src/products/hls/hls_lib/hlsmath/include/FloatingPoint/hls_cordic.h:742->/wrk/2018.2/continuous/2018_06_14_2258646/src/products/hls/hls_lib/hlsmath/include/FloatingPoint/hls_cordic.h:811) ('d', /wrk/2018.2/continuous/2018_06_14_2258646/src/products/hls/hls_lib/hlsmath/include/FloatingPoint/hls_cordic.h:812) ('tmp_48', /wrk/2018.2/continuous/2018_06_14_2258646/src/products/hls/hls_lib/hlsmath/include/FloatingPoint/hls_cordic.h:821) ('tmp_47', /wrk/2018.2/continuous/2018_06_14_2258646/src/products/hls/hls_lib/hlsmath/include/FloatingPoint/hls_cordic.h:817) ('ret_i_i_i6', /wrk/2018.2/continuous/2018_06_14_2258646/src/products/hls/src/technology/autopilot/header_files/utils/x_hls_utils.h:475->/wrk/2018.2/continuous/2018_06_14_2258646/src/products/hls/src/technology/autopilot/header_files/utils/x_hls_utils.h:489->/wrk/2018.2/continuous/2018_06_14_2258646/src/products/hls/hls_lib/hlsmath/include/FloatingPoint/hls_copysign.h:13->/wrk/2018.2/continuous/2018_06_14_2258646/src/products/hls/hls_lib/hlsmath/include/FloatingPoint/hls_cordic.h:772) ('ret_i_i_i5', /wrk/2018.2/continuous/2018_06_14_2258646/src/products/hls/src/technology/autopilot/header_files/utils/x_hls_utils.h:475->/wrk/2018.2/continuous/2018_06_14_2258646/src/products/hls/src/technology/autopilot/header_files/utils/x_hls_utils.h:489->/wrk/2018.2/continuous/2018_06_14_2258646/src/products/hls/hls_lib/hlsmath/include/FloatingPoint/hls_copysign.h:13->/wrk/2018.2/continuous/2018_06_14_2258646/src/products/hls/hls_lib/hlsmath/include/FloatingPoint/hls_cordic.h:770) ('ret_i_i_i4', /wrk/2018.2/continuous/2018_06_14_2258646/src/products/hls/src/technology/autopilot/header_files/utils/x_hls_utils.h:475->/wrk/2018.2/continuous/2018_06_14_2258646/src/products/hls/src/technology/autopilot/header_files/utils/x_hls_utils.h:489->/wrk/2018.2/continuous/2018_06_14_2258646/src/products/hls/hls_lib/hlsmath/include/FloatingPoint/hls_copysign.h:13->/wrk/2018.2/continuous/2018_06_14_2258646/src/products/hls/hls_lib/hlsmath/include/FloatingPoint/hls_cordic.h:768) ('ret_i_i_i3', /wrk/2018.2/continuous/2018_06_14_2258646/src/products/hls/src/technology/autopilot/header_files/utils/x_hls_utils.h:475->/wrk/2018.2/continuous/2018_06_14_2258646/src/products/hls/src/technology/autopilot/header_files/utils/x_hls_utils.h:489->/wrk/2018.2/continuous/2018_06_14_2258646/src/products/hls/hls_lib/hlsmath/include/FloatingPoint/hls_copysign.h:13->/wrk/2018.2/continuous/2018_06_14_2258646/src/products/hls/hls_lib/hlsmath/include/FloatingPoint/hls_cordic.h:762) ('ret_i_i_i2', /wrk/2018.2/continuous/2018_06_14_2258646/src/products/hls/src/technology/autopilot/header_files/utils/x_hls_utils.h:475->/wrk/2018.2/continuous/2018_06_14_2258646/src/products/hls/src/technology/autopilot/header_files/utils/x_hls_utils.h:489->/wrk/2018.2/continuous/2018_06_14_2258646/src/products/hls/hls_lib/hlsmath/include/FloatingPoint/hls_copysign.h:13->/wrk/2018.2/continuous/2018_06_14_2258646/src/products/hls/hls_lib/hlsmath/include/FloatingPoint/hls_cordic.h:760) ('ret_i_i_i1', /wrk/2018.2/continuous/2018_06_14_2258646/src/products/hls/src/technology/autopilot/header_files/utils/x_hls_utils.h:475->/wrk/2018.2/continuous/2018_06_14_2258646/src/products/hls/src/technology/autopilot/header_files/utils/x_hls_utils.h:489->/wrk/2018.2/continuous/2018_06_14_2258646/src/products/hls/hls_lib/hlsmath/include/FloatingPoint/hls_copysign.h:13->/wrk/2018.2/continuous/2018_06_14_2258646/src/products/hls/hls_lib/hlsmath/include/FloatingPoint/hls_cordic.h:758) [142]  (0 ns)
	multiplexor before 'phi' operation ('UnifiedRetVal', /wrk/2018.2/continuous/2018_06_14_2258646/src/products/hls/hls_lib/hlsmath/include/FloatingPoint/hls_cordic.h:804) with incoming values : ('tmp_103_i', /wrk/2018.2/continuous/2018_06_14_2258646/src/products/hls/hls_lib/hlsmath/include/FloatingPoint/hls_cordic.h:744->/wrk/2018.2/continuous/2018_06_14_2258646/src/products/hls/hls_lib/hlsmath/include/FloatingPoint/hls_cordic.h:811) ('tmp_102_i', /wrk/2018.2/continuous/2018_06_14_2258646/src/products/hls/hls_lib/hlsmath/include/FloatingPoint/hls_cordic.h:742->/wrk/2018.2/continuous/2018_06_14_2258646/src/products/hls/hls_lib/hlsmath/include/FloatingPoint/hls_cordic.h:811) ('d', /wrk/2018.2/continuous/2018_06_14_2258646/src/products/hls/hls_lib/hlsmath/include/FloatingPoint/hls_cordic.h:812) ('tmp_48', /wrk/2018.2/continuous/2018_06_14_2258646/src/products/hls/hls_lib/hlsmath/include/FloatingPoint/hls_cordic.h:821) ('tmp_47', /wrk/2018.2/continuous/2018_06_14_2258646/src/products/hls/hls_lib/hlsmath/include/FloatingPoint/hls_cordic.h:817) ('p_1', /wrk/2018.2/continuous/2018_06_14_2258646/src/products/hls/hls_lib/hlsmath/include/FloatingPoint/hls_cordic.h:804) ('ret_i_i_i6', /wrk/2018.2/continuous/2018_06_14_2258646/src/products/hls/src/technology/autopilot/header_files/utils/x_hls_utils.h:475->/wrk/2018.2/continuous/2018_06_14_2258646/src/products/hls/src/technology/autopilot/header_files/utils/x_hls_utils.h:489->/wrk/2018.2/continuous/2018_06_14_2258646/src/products/hls/hls_lib/hlsmath/include/FloatingPoint/hls_copysign.h:13->/wrk/2018.2/continuous/2018_06_14_2258646/src/products/hls/hls_lib/hlsmath/include/FloatingPoint/hls_cordic.h:772) ('ret_i_i_i5', /wrk/2018.2/continuous/2018_06_14_2258646/src/products/hls/src/technology/autopilot/header_files/utils/x_hls_utils.h:475->/wrk/2018.2/continuous/2018_06_14_2258646/src/products/hls/src/technology/autopilot/header_files/utils/x_hls_utils.h:489->/wrk/2018.2/continuous/2018_06_14_2258646/src/products/hls/hls_lib/hlsmath/include/FloatingPoint/hls_copysign.h:13->/wrk/2018.2/continuous/2018_06_14_2258646/src/products/hls/hls_lib/hlsmath/include/FloatingPoint/hls_cordic.h:770) ('ret_i_i_i4', /wrk/2018.2/continuous/2018_06_14_2258646/src/products/hls/src/technology/autopilot/header_files/utils/x_hls_utils.h:475->/wrk/2018.2/continuous/2018_06_14_2258646/src/products/hls/src/technology/autopilot/header_files/utils/x_hls_utils.h:489->/wrk/2018.2/continuous/2018_06_14_2258646/src/products/hls/hls_lib/hlsmath/include/FloatingPoint/hls_copysign.h:13->/wrk/2018.2/continuous/2018_06_14_2258646/src/products/hls/hls_lib/hlsmath/include/FloatingPoint/hls_cordic.h:768) ('ret_i_i_i3', /wrk/2018.2/continuous/2018_06_14_2258646/src/products/hls/src/technology/autopilot/header_files/utils/x_hls_utils.h:475->/wrk/2018.2/continuous/2018_06_14_2258646/src/products/hls/src/technology/autopilot/header_files/utils/x_hls_utils.h:489->/wrk/2018.2/continuous/2018_06_14_2258646/src/products/hls/hls_lib/hlsmath/include/FloatingPoint/hls_copysign.h:13->/wrk/2018.2/continuous/2018_06_14_2258646/src/products/hls/hls_lib/hlsmath/include/FloatingPoint/hls_cordic.h:762) ('ret_i_i_i2', /wrk/2018.2/continuous/2018_06_14_2258646/src/products/hls/src/technology/autopilot/header_files/utils/x_hls_utils.h:475->/wrk/2018.2/continuous/2018_06_14_2258646/src/products/hls/src/technology/autopilot/header_files/utils/x_hls_utils.h:489->/wrk/2018.2/continuous/2018_06_14_2258646/src/products/hls/hls_lib/hlsmath/include/FloatingPoint/hls_copysign.h:13->/wrk/2018.2/continuous/2018_06_14_2258646/src/products/hls/hls_lib/hlsmath/include/FloatingPoint/hls_cordic.h:760) ('ret_i_i_i1', /wrk/2018.2/continuous/2018_06_14_2258646/src/products/hls/src/technology/autopilot/header_files/utils/x_hls_utils.h:475->/wrk/2018.2/continuous/2018_06_14_2258646/src/products/hls/src/technology/autopilot/header_files/utils/x_hls_utils.h:489->/wrk/2018.2/continuous/2018_06_14_2258646/src/products/hls/hls_lib/hlsmath/include/FloatingPoint/hls_copysign.h:13->/wrk/2018.2/continuous/2018_06_14_2258646/src/products/hls/hls_lib/hlsmath/include/FloatingPoint/hls_cordic.h:758) [145]  (1.77 ns)


============================================================
+ Verbose Summary: Binding
============================================================
N/A
* FSMD analyzer results:
  - Output states:
 - Input state : 
  - Chain level:
	State 1
	State 2
	State 3
	State 4
	State 5
	State 6
	State 7
	State 8
	State 9
	State 10
	State 11
	State 12
	State 13
	State 14
	State 15


============================================================
+ Verbose Summary: Datapath Resource usage 
============================================================
N/A
