

================================================================
== Vivado HLS Report for 'scaled_fixed2ieee'
================================================================
* Date:           Sun Jul 15 14:57:52 2018

* Version:        2018.2 (Build 2258646 on Thu Jun 14 20:25:20 MDT 2018)
* Project:        svr-vivado-hls
* Solution:       solution1
* Product family: zynq
* Target device:  xc7z020clg484-1


================================================================
== Performance Estimates
================================================================
+ Timing (ns): 
    * Summary: 
    +--------+-------+----------+------------+
    |  Clock | Target| Estimated| Uncertainty|
    +--------+-------+----------+------------+
    |ap_clk  |  10.00|     7.537|        1.25|
    +--------+-------+----------+------------+

+ Latency (clock cycles): 
    * Summary: 
    +-----+-----+-----+-----+---------+
    |  Latency  |  Interval | Pipeline|
    | min | max | min | max |   Type  |
    +-----+-----+-----+-----+---------+
    |   19|   27|   19|   27|   none  |
    +-----+-----+-----+-----+---------+

    + Detail: 
        * Instance: 
        N/A

        * Loop: 
        +----------+-----+-----+----------+-----------+-----------+-------+----------+
        |          |  Latency  | Iteration|  Initiation Interval  |  Trip |          |
        | Loop Name| min | max |  Latency |  achieved |   target  | Count | Pipelined|
        +----------+-----+-----+----------+-----------+-----------+-------+----------+
        |- Loop 1  |    9|    9|         3|          -|          -|      3|    no    |
        |- Loop 2  |    4|    4|         1|          -|          -|      4|    no    |
        |- Loop 3  |    2|    9|         2|          -|          -| 1 ~ 4 |    no    |
        +----------+-----+-----+----------+-----------+-----------+-------+----------+

============================================================
+ Verbose Summary: Synthesis Manager
============================================================
InlineROM: 1
ExposeGlobal: 0
============================================================
+ Verbose Summary: CDFG Model
============================================================
IsTopModel: 0
ResetActiveHigh: 1
IsCombinational: 0
IsDatapathOnly: 0
HasWiredReturn: 1
HasMFsm: 0
HasVarLatency: 1
IsPipeline: 0
IsRtlPipelined: 0
IsInstanceOverlapped: 0
IsDontTouch: 0
HasImplIP: 0
IsGatedGlobalClock: 0


============================================================
+ Verbose Summary: Schedule
============================================================
* Number of FSM states : 8
* Pipeline : 0
* Dataflow Pipeline: 0

* FSM state transitions: 
1 --> 
	2  / true
2 --> 
	3  / (!exitcond1)
	5  / (exitcond1)
3 --> 
	4  / true
4 --> 
	2  / true
5 --> 
	5  / (!exitcond)
	6  / (exitcond)
6 --> 
	7  / true
7 --> 
	6  / (!tmp_37 & tmp_5)
	8  / (tmp_37) | (!tmp_5)
8 --> 

* FSM state operations: 

State 1 <SV = 0> <Delay = 1.76>
ST_1 : Operation 9 [1/1] (0.00ns)   --->   "%out_bits_2_V = alloca i32"   --->   Operation 9 'alloca' 'out_bits_2_V' <Predicate = true> <Delay = 0.00>
ST_1 : Operation 10 [1/1] (0.00ns)   --->   "%out_bits_2_V_1 = alloca i32"   --->   Operation 10 'alloca' 'out_bits_2_V_1' <Predicate = true> <Delay = 0.00>
ST_1 : Operation 11 [1/1] (0.00ns)   --->   "%out_bits_2_V_2 = alloca i32"   --->   Operation 11 'alloca' 'out_bits_2_V_2' <Predicate = true> <Delay = 0.00>
ST_1 : Operation 12 [1/1] (0.00ns)   --->   "%prescale_read = call i12 @_ssdm_op_Read.ap_auto.i12(i12 %prescale)"   --->   Operation 12 'read' 'prescale_read' <Predicate = true> <Delay = 0.00>
ST_1 : Operation 13 [1/1] (0.00ns)   --->   "%in_V_read = call i63 @_ssdm_op_Read.ap_auto.i63(i63 %in_V)"   --->   Operation 13 'read' 'in_V_read' <Predicate = true> <Delay = 0.00>
ST_1 : Operation 14 [1/1] (1.76ns)   --->   "br label %.preheader" [/wrk/2018.2/continuous/2018_06_14_2258646/src/products/hls/src/technology/autopilot/header_files/utils/x_hls_float_utils.h:422]   --->   Operation 14 'br' <Predicate = true> <Delay = 1.76>

State 2 <SV = 1> <Delay = 3.65>
ST_2 : Operation 15 [1/1] (0.00ns)   --->   "%i = phi i2 [ 0, %.preheader.preheader ], [ %i_2, %.preheader.backedge ]"   --->   Operation 15 'phi' 'i' <Predicate = true> <Delay = 0.00>
ST_2 : Operation 16 [1/1] (0.00ns)   --->   "%out_bits_2_V_load = load i32* %out_bits_2_V"   --->   Operation 16 'load' 'out_bits_2_V_load' <Predicate = true> <Delay = 0.00>
ST_2 : Operation 17 [1/1] (0.00ns)   --->   "%out_bits_2_V_1_load = load i32* %out_bits_2_V_1"   --->   Operation 17 'load' 'out_bits_2_V_1_load' <Predicate = true> <Delay = 0.00>
ST_2 : Operation 18 [1/1] (0.00ns)   --->   "%out_bits_2_V_2_load = load i32* %out_bits_2_V_2"   --->   Operation 18 'load' 'out_bits_2_V_2_load' <Predicate = true> <Delay = 0.00>
ST_2 : Operation 19 [1/1] (0.95ns)   --->   "%exitcond1 = icmp eq i2 %i, -1" [/wrk/2018.2/continuous/2018_06_14_2258646/src/products/hls/src/technology/autopilot/header_files/utils/x_hls_float_utils.h:422]   --->   Operation 19 'icmp' 'exitcond1' <Predicate = true> <Delay = 0.95> <Core = "Cmp">   --->   Core 25 'Cmp' <Latency = 0> <II = 1> <Delay = 2.78> <FuncUnit> <Opcode : 'icmp'> <InPorts = 2> <OutPorts = 1>
ST_2 : Operation 20 [1/1] (0.00ns)   --->   "call void (...)* @_ssdm_op_SpecLoopTripCount(i64 3, i64 3, i64 3)"   --->   Operation 20 'speclooptripcount' <Predicate = true> <Delay = 0.00>
ST_2 : Operation 21 [1/1] (1.56ns)   --->   "%i_2 = add i2 %i, 1" [/wrk/2018.2/continuous/2018_06_14_2258646/src/products/hls/src/technology/autopilot/header_files/utils/x_hls_float_utils.h:422]   --->   Operation 21 'add' 'i_2' <Predicate = true> <Delay = 1.56> <Core = "AddSub">   --->   Core 14 'AddSub' <Latency = 0> <II = 1> <Delay = 2.55> <FuncUnit> <Opcode : 'add' 'sub'> <InPorts = 2> <OutPorts = 1>
ST_2 : Operation 22 [1/1] (0.00ns)   --->   "br i1 %exitcond1, label %1, label %0" [/wrk/2018.2/continuous/2018_06_14_2258646/src/products/hls/src/technology/autopilot/header_files/utils/x_hls_float_utils.h:422]   --->   Operation 22 'br' <Predicate = true> <Delay = 0.00>
ST_2 : Operation 23 [1/1] (0.00ns)   --->   "%tmp_s = call i6 @_ssdm_op_BitConcatenate.i6.i2.i4(i2 %i, i4 0)" [/wrk/2018.2/continuous/2018_06_14_2258646/src/products/hls/src/technology/autopilot/header_files/utils/x_hls_float_utils.h:423]   --->   Operation 23 'bitconcatenate' 'tmp_s' <Predicate = (!exitcond1)> <Delay = 0.00>
ST_2 : Operation 24 [1/1] (1.82ns)   --->   "%Hi_assign = sub i6 -2, %tmp_s" [/wrk/2018.2/continuous/2018_06_14_2258646/src/products/hls/src/technology/autopilot/header_files/utils/x_hls_float_utils.h:423]   --->   Operation 24 'sub' 'Hi_assign' <Predicate = (!exitcond1)> <Delay = 1.82> <Core = "AddSub">   --->   Core 14 'AddSub' <Latency = 0> <II = 1> <Delay = 2.55> <FuncUnit> <Opcode : 'add' 'sub'> <InPorts = 2> <OutPorts = 1>
ST_2 : Operation 25 [1/1] (1.82ns)   --->   "%Lo_assign = sub i6 -17, %tmp_s" [/wrk/2018.2/continuous/2018_06_14_2258646/src/products/hls/src/technology/autopilot/header_files/utils/x_hls_float_utils.h:424]   --->   Operation 25 'sub' 'Lo_assign' <Predicate = (!exitcond1)> <Delay = 1.82> <Core = "AddSub">   --->   Core 14 'AddSub' <Latency = 0> <II = 1> <Delay = 2.55> <FuncUnit> <Opcode : 'add' 'sub'> <InPorts = 2> <OutPorts = 1>
ST_2 : Operation 26 [1/1] (1.42ns)   --->   "%tmp_21 = icmp ugt i6 %Lo_assign, %Hi_assign" [/wrk/2018.2/continuous/2018_06_14_2258646/src/products/hls/src/technology/autopilot/header_files/utils/x_hls_float_utils.h:424]   --->   Operation 26 'icmp' 'tmp_21' <Predicate = (!exitcond1)> <Delay = 1.42> <Core = "Cmp">   --->   Core 25 'Cmp' <Latency = 0> <II = 1> <Delay = 2.78> <FuncUnit> <Opcode : 'icmp'> <InPorts = 2> <OutPorts = 1>
ST_2 : Operation 27 [1/1] (1.82ns)   --->   "%tmp_24 = sub i6 -2, %Lo_assign" [/wrk/2018.2/continuous/2018_06_14_2258646/src/products/hls/src/technology/autopilot/header_files/utils/x_hls_float_utils.h:424]   --->   Operation 27 'sub' 'tmp_24' <Predicate = (!exitcond1)> <Delay = 1.82> <Core = "AddSub">   --->   Core 14 'AddSub' <Latency = 0> <II = 1> <Delay = 2.55> <FuncUnit> <Opcode : 'add' 'sub'> <InPorts = 2> <OutPorts = 1>
ST_2 : Operation 28 [1/1] (0.00ns)   --->   "%c_3 = alloca i32"   --->   Operation 28 'alloca' 'c_3' <Predicate = (exitcond1)> <Delay = 0.00>
ST_2 : Operation 29 [1/1] (0.00ns)   --->   "%c_3_1 = alloca i32"   --->   Operation 29 'alloca' 'c_3_1' <Predicate = (exitcond1)> <Delay = 0.00>
ST_2 : Operation 30 [1/1] (0.00ns)   --->   "%c_3_2 = alloca i32"   --->   Operation 30 'alloca' 'c_3_2' <Predicate = (exitcond1)> <Delay = 0.00>
ST_2 : Operation 31 [1/1] (0.00ns)   --->   "%c_3_3 = alloca i32"   --->   Operation 31 'alloca' 'c_3_3' <Predicate = (exitcond1)> <Delay = 0.00>
ST_2 : Operation 32 [1/1] (0.00ns)   --->   "%tmp_20 = trunc i63 %in_V_read to i15" [/wrk/2018.2/continuous/2018_06_14_2258646/src/products/hls/src/technology/autopilot/header_files/utils/x_hls_float_utils.h:428]   --->   Operation 32 'trunc' 'tmp_20' <Predicate = (exitcond1)> <Delay = 0.00>
ST_2 : Operation 33 [1/1] (0.00ns)   --->   "%tmp = call i16 @_ssdm_op_BitConcatenate.i16.i15.i1(i15 %tmp_20, i1 true)" [/wrk/2018.2/continuous/2018_06_14_2258646/src/products/hls/src/technology/autopilot/header_files/utils/x_hls_float_utils.h:429]   --->   Operation 33 'bitconcatenate' 'tmp' <Predicate = (exitcond1)> <Delay = 0.00>
ST_2 : Operation 34 [1/1] (0.00ns)   --->   "%p_Result_28 = call i32 @_ssdm_op_PartSet.i32.i32.i16.i32.i32(i32 undef, i16 %tmp, i32 16, i32 31)" [/wrk/2018.2/continuous/2018_06_14_2258646/src/products/hls/src/technology/autopilot/header_files/utils/x_hls_float_utils.h:429]   --->   Operation 34 'partset' 'p_Result_28' <Predicate = (exitcond1)> <Delay = 0.00>
ST_2 : Operation 35 [1/1] (1.76ns)   --->   "br label %branch8" [/wrk/2018.2/continuous/2018_06_14_2258646/src/products/hls/src/technology/autopilot/header_files/utils/x_hls_float_utils.h:433]   --->   Operation 35 'br' <Predicate = (exitcond1)> <Delay = 1.76>

State 3 <SV = 2> <Delay = 7.53>
ST_3 : Operation 36 [1/1] (0.00ns) (grouped into LUT with out node tmp_32)   --->   "%tmp_22 = call i63 @llvm.part.select.i63(i63 %in_V_read, i32 62, i32 0)" [/wrk/2018.2/continuous/2018_06_14_2258646/src/products/hls/src/technology/autopilot/header_files/utils/x_hls_float_utils.h:424]   --->   Operation 36 'partselect' 'tmp_22' <Predicate = (tmp_21)> <Delay = 0.00>
ST_3 : Operation 37 [1/1] (1.82ns)   --->   "%tmp_23 = sub i6 %Lo_assign, %Hi_assign" [/wrk/2018.2/continuous/2018_06_14_2258646/src/products/hls/src/technology/autopilot/header_files/utils/x_hls_float_utils.h:424]   --->   Operation 37 'sub' 'tmp_23' <Predicate = (tmp_21)> <Delay = 1.82> <Core = "AddSub">   --->   Core 14 'AddSub' <Latency = 0> <II = 1> <Delay = 2.55> <FuncUnit> <Opcode : 'add' 'sub'> <InPorts = 2> <OutPorts = 1>
ST_3 : Operation 38 [1/1] (1.82ns)   --->   "%tmp_25 = sub i6 %Hi_assign, %Lo_assign" [/wrk/2018.2/continuous/2018_06_14_2258646/src/products/hls/src/technology/autopilot/header_files/utils/x_hls_float_utils.h:424]   --->   Operation 38 'sub' 'tmp_25' <Predicate = (!tmp_21)> <Delay = 1.82> <Core = "AddSub">   --->   Core 14 'AddSub' <Latency = 0> <II = 1> <Delay = 2.55> <FuncUnit> <Opcode : 'add' 'sub'> <InPorts = 2> <OutPorts = 1>
ST_3 : Operation 39 [1/1] (0.00ns) (grouped into LUT with out node tmp_29)   --->   "%tmp_26 = select i1 %tmp_21, i6 %tmp_23, i6 %tmp_25" [/wrk/2018.2/continuous/2018_06_14_2258646/src/products/hls/src/technology/autopilot/header_files/utils/x_hls_float_utils.h:424]   --->   Operation 39 'select' 'tmp_26' <Predicate = true> <Delay = 0.00> <Core = "Sel">   --->   Core 26 'Sel' <Latency = 0> <II = 1> <Delay = 0.69> <FuncUnit> <Opcode : 'select'> <InPorts = 3> <OutPorts = 1>
ST_3 : Operation 40 [1/1] (0.00ns) (grouped into LUT with out node tmp_32)   --->   "%tmp_27 = select i1 %tmp_21, i63 %tmp_22, i63 %in_V_read" [/wrk/2018.2/continuous/2018_06_14_2258646/src/products/hls/src/technology/autopilot/header_files/utils/x_hls_float_utils.h:424]   --->   Operation 40 'select' 'tmp_27' <Predicate = true> <Delay = 0.00> <Core = "Sel">   --->   Core 26 'Sel' <Latency = 0> <II = 1> <Delay = 0.69> <FuncUnit> <Opcode : 'select'> <InPorts = 3> <OutPorts = 1>
ST_3 : Operation 41 [1/1] (0.00ns) (grouped into LUT with out node tmp_32)   --->   "%tmp_28 = select i1 %tmp_21, i6 %tmp_24, i6 %Lo_assign" [/wrk/2018.2/continuous/2018_06_14_2258646/src/products/hls/src/technology/autopilot/header_files/utils/x_hls_float_utils.h:424]   --->   Operation 41 'select' 'tmp_28' <Predicate = true> <Delay = 0.00> <Core = "Sel">   --->   Core 26 'Sel' <Latency = 0> <II = 1> <Delay = 0.69> <FuncUnit> <Opcode : 'select'> <InPorts = 3> <OutPorts = 1>
ST_3 : Operation 42 [1/1] (1.82ns) (out node of the LUT)   --->   "%tmp_29 = sub i6 -2, %tmp_26" [/wrk/2018.2/continuous/2018_06_14_2258646/src/products/hls/src/technology/autopilot/header_files/utils/x_hls_float_utils.h:424]   --->   Operation 42 'sub' 'tmp_29' <Predicate = true> <Delay = 1.82> <Core = "AddSub">   --->   Core 14 'AddSub' <Latency = 0> <II = 1> <Delay = 2.55> <FuncUnit> <Opcode : 'add' 'sub'> <InPorts = 2> <OutPorts = 1>
ST_3 : Operation 43 [1/1] (0.00ns) (grouped into LUT with out node tmp_32)   --->   "%tmp_30 = zext i6 %tmp_28 to i63" [/wrk/2018.2/continuous/2018_06_14_2258646/src/products/hls/src/technology/autopilot/header_files/utils/x_hls_float_utils.h:424]   --->   Operation 43 'zext' 'tmp_30' <Predicate = true> <Delay = 0.00>
ST_3 : Operation 44 [1/1] (0.00ns) (grouped into LUT with out node p_Result_s)   --->   "%tmp_31 = zext i6 %tmp_29 to i63" [/wrk/2018.2/continuous/2018_06_14_2258646/src/products/hls/src/technology/autopilot/header_files/utils/x_hls_float_utils.h:424]   --->   Operation 44 'zext' 'tmp_31' <Predicate = true> <Delay = 0.00>
ST_3 : Operation 45 [1/1] (4.59ns) (out node of the LUT)   --->   "%tmp_32 = lshr i63 %tmp_27, %tmp_30" [/wrk/2018.2/continuous/2018_06_14_2258646/src/products/hls/src/technology/autopilot/header_files/utils/x_hls_float_utils.h:424]   --->   Operation 45 'lshr' 'tmp_32' <Predicate = true> <Delay = 4.59> <Core = "Shift">   --->   Core 28 'Shift' <Latency = 0> <II = 1> <Delay = 4.59> <FuncUnit> <Opcode : 'shl' 'lshr' 'ashr'> <InPorts = 2> <OutPorts = 1>
ST_3 : Operation 46 [1/1] (0.00ns) (grouped into LUT with out node p_Result_s)   --->   "%tmp_33 = lshr i63 -1, %tmp_31" [/wrk/2018.2/continuous/2018_06_14_2258646/src/products/hls/src/technology/autopilot/header_files/utils/x_hls_float_utils.h:424]   --->   Operation 46 'lshr' 'tmp_33' <Predicate = true> <Delay = 0.00> <Core = "Shift">   --->   Core 28 'Shift' <Latency = 0> <II = 1> <Delay = 4.59> <FuncUnit> <Opcode : 'shl' 'lshr' 'ashr'> <InPorts = 2> <OutPorts = 1>
ST_3 : Operation 47 [1/1] (2.94ns) (out node of the LUT)   --->   "%p_Result_s = and i63 %tmp_32, %tmp_33" [/wrk/2018.2/continuous/2018_06_14_2258646/src/products/hls/src/technology/autopilot/header_files/utils/x_hls_float_utils.h:424]   --->   Operation 47 'and' 'p_Result_s' <Predicate = true> <Delay = 2.94> <Core = "LogicGate">   --->   Core 27 'LogicGate' <Latency = 0> <II = 1> <Delay = 0.97> <FuncUnit> <Opcode : 'and' 'or' 'xor'> <InPorts = 2> <OutPorts = 1>
ST_3 : Operation 48 [1/1] (1.81ns)   --->   "switch i2 %i, label %branch2 [
    i2 0, label %branch0
    i2 1, label %branch1
  ]" [/wrk/2018.2/continuous/2018_06_14_2258646/src/products/hls/src/technology/autopilot/header_files/utils/x_hls_float_utils.h:424]   --->   Operation 48 'switch' <Predicate = true> <Delay = 1.81>
ST_3 : Operation 49 [1/1] (1.81ns)   --->   "br label %branch0" [/wrk/2018.2/continuous/2018_06_14_2258646/src/products/hls/src/technology/autopilot/header_files/utils/x_hls_float_utils.h:424]   --->   Operation 49 'br' <Predicate = (i == 1)> <Delay = 1.81>
ST_3 : Operation 50 [1/1] (1.81ns)   --->   "br label %branch0" [/wrk/2018.2/continuous/2018_06_14_2258646/src/products/hls/src/technology/autopilot/header_files/utils/x_hls_float_utils.h:424]   --->   Operation 50 'br' <Predicate = (i != 0 & i != 1)> <Delay = 1.81>
ST_3 : Operation 51 [1/1] (0.00ns)   --->   "%tmp_36 = trunc i63 %p_Result_s to i16" [/wrk/2018.2/continuous/2018_06_14_2258646/src/products/hls/src/technology/autopilot/header_files/utils/x_hls_float_utils.h:424]   --->   Operation 51 'trunc' 'tmp_36' <Predicate = true> <Delay = 0.00>

State 4 <SV = 3> <Delay = 1.13>
ST_4 : Operation 52 [1/1] (0.00ns)   --->   "%p_Val2_2 = phi i32 [ %out_bits_2_V_1_load, %branch1 ], [ %out_bits_2_V_2_load, %branch2 ], [ %out_bits_2_V_load, %0 ]" [/wrk/2018.2/continuous/2018_06_14_2258646/src/products/hls/src/technology/autopilot/header_files/utils/x_hls_float_utils.h:424]   --->   Operation 52 'phi' 'p_Val2_2' <Predicate = true> <Delay = 0.00>
ST_4 : Operation 53 [1/1] (0.00ns)   --->   "%tmp_2 = call i17 @_ssdm_op_BitConcatenate.i17.i16.i1(i16 %tmp_36, i1 true)" [/wrk/2018.2/continuous/2018_06_14_2258646/src/products/hls/src/technology/autopilot/header_files/utils/x_hls_float_utils.h:425]   --->   Operation 53 'bitconcatenate' 'tmp_2' <Predicate = true> <Delay = 0.00>
ST_4 : Operation 54 [1/1] (0.00ns)   --->   "%out_bits_0_V = call i32 @_ssdm_op_PartSet.i32.i32.i17.i32.i32(i32 %p_Val2_2, i17 %tmp_2, i32 15, i32 31)" [/wrk/2018.2/continuous/2018_06_14_2258646/src/products/hls/src/technology/autopilot/header_files/utils/x_hls_float_utils.h:425]   --->   Operation 54 'partset' 'out_bits_0_V' <Predicate = true> <Delay = 0.00>
ST_4 : Operation 55 [1/1] (1.13ns)   --->   "switch i2 %i, label %branch6 [
    i2 0, label %branch0..preheader.backedge_crit_edge
    i2 1, label %branch5
  ]" [/wrk/2018.2/continuous/2018_06_14_2258646/src/products/hls/src/technology/autopilot/header_files/utils/x_hls_float_utils.h:425]   --->   Operation 55 'switch' <Predicate = true> <Delay = 1.13>
ST_4 : Operation 56 [1/1] (0.00ns)   --->   "store i32 %out_bits_0_V, i32* %out_bits_2_V_1" [/wrk/2018.2/continuous/2018_06_14_2258646/src/products/hls/src/technology/autopilot/header_files/utils/x_hls_float_utils.h:425]   --->   Operation 56 'store' <Predicate = (i == 1)> <Delay = 0.00>
ST_4 : Operation 57 [1/1] (0.00ns)   --->   "br label %.preheader.backedge" [/wrk/2018.2/continuous/2018_06_14_2258646/src/products/hls/src/technology/autopilot/header_files/utils/x_hls_float_utils.h:425]   --->   Operation 57 'br' <Predicate = (i == 1)> <Delay = 0.00>
ST_4 : Operation 58 [1/1] (0.00ns)   --->   "store i32 %out_bits_0_V, i32* %out_bits_2_V" [/wrk/2018.2/continuous/2018_06_14_2258646/src/products/hls/src/technology/autopilot/header_files/utils/x_hls_float_utils.h:425]   --->   Operation 58 'store' <Predicate = (i == 0)> <Delay = 0.00>
ST_4 : Operation 59 [1/1] (0.00ns)   --->   "br label %.preheader.backedge" [/wrk/2018.2/continuous/2018_06_14_2258646/src/products/hls/src/technology/autopilot/header_files/utils/x_hls_float_utils.h:425]   --->   Operation 59 'br' <Predicate = (i == 0)> <Delay = 0.00>
ST_4 : Operation 60 [1/1] (0.00ns)   --->   "store i32 %out_bits_0_V, i32* %out_bits_2_V_2" [/wrk/2018.2/continuous/2018_06_14_2258646/src/products/hls/src/technology/autopilot/header_files/utils/x_hls_float_utils.h:425]   --->   Operation 60 'store' <Predicate = (i != 0 & i != 1)> <Delay = 0.00>
ST_4 : Operation 61 [1/1] (0.00ns)   --->   "br label %.preheader.backedge" [/wrk/2018.2/continuous/2018_06_14_2258646/src/products/hls/src/technology/autopilot/header_files/utils/x_hls_float_utils.h:425]   --->   Operation 61 'br' <Predicate = (i != 0 & i != 1)> <Delay = 0.00>
ST_4 : Operation 62 [1/1] (0.00ns)   --->   "br label %.preheader"   --->   Operation 62 'br' <Predicate = true> <Delay = 0.00>

State 5 <SV = 2> <Delay = 5.35>
ST_5 : Operation 63 [1/1] (0.00ns)   --->   "%i1 = phi i3 [ 0, %1 ], [ %i_1, %branch8.backedge ]"   --->   Operation 63 'phi' 'i1' <Predicate = true> <Delay = 0.00>
ST_5 : Operation 64 [1/1] (1.13ns)   --->   "%exitcond = icmp eq i3 %i1, -4" [/wrk/2018.2/continuous/2018_06_14_2258646/src/products/hls/src/technology/autopilot/header_files/utils/x_hls_float_utils.h:433]   --->   Operation 64 'icmp' 'exitcond' <Predicate = true> <Delay = 1.13> <Core = "Cmp">   --->   Core 25 'Cmp' <Latency = 0> <II = 1> <Delay = 2.78> <FuncUnit> <Opcode : 'icmp'> <InPorts = 2> <OutPorts = 1>
ST_5 : Operation 65 [1/1] (0.00ns)   --->   "call void (...)* @_ssdm_op_SpecLoopTripCount(i64 4, i64 4, i64 4)"   --->   Operation 65 'speclooptripcount' <Predicate = true> <Delay = 0.00>
ST_5 : Operation 66 [1/1] (1.65ns)   --->   "%i_1 = add i3 %i1, 1" [/wrk/2018.2/continuous/2018_06_14_2258646/src/products/hls/src/technology/autopilot/header_files/utils/x_hls_float_utils.h:433]   --->   Operation 66 'add' 'i_1' <Predicate = true> <Delay = 1.65> <Core = "AddSub">   --->   Core 14 'AddSub' <Latency = 0> <II = 1> <Delay = 2.55> <FuncUnit> <Opcode : 'add' 'sub'> <InPorts = 2> <OutPorts = 1>
ST_5 : Operation 67 [1/1] (0.00ns)   --->   "br i1 %exitcond, label %.preheader3.preheader, label %2" [/wrk/2018.2/continuous/2018_06_14_2258646/src/products/hls/src/technology/autopilot/header_files/utils/x_hls_float_utils.h:433]   --->   Operation 67 'br' <Predicate = true> <Delay = 0.00>
ST_5 : Operation 68 [1/1] (0.00ns)   --->   "%tmp_35 = trunc i3 %i1 to i2" [/wrk/2018.2/continuous/2018_06_14_2258646/src/products/hls/src/technology/autopilot/header_files/utils/x_hls_float_utils.h:433]   --->   Operation 68 'trunc' 'tmp_35' <Predicate = (!exitcond)> <Delay = 0.00>
ST_5 : Operation 69 [1/1] (1.95ns)   --->   "%p_Val2_30 = call i32 @_ssdm_op_Mux.ap_auto.4i32.i2(i32 %out_bits_2_V_load, i32 %out_bits_2_V_1_load, i32 %out_bits_2_V_2_load, i32 %p_Result_28, i2 %tmp_35)" [/wrk/2018.2/continuous/2018_06_14_2258646/src/products/hls/src/technology/autopilot/header_files/utils/x_hls_float_utils.h:429]   --->   Operation 69 'mux' 'p_Val2_30' <Predicate = (!exitcond)> <Delay = 1.95> <Core = "MuxnS">   --->   Core 31 'MuxnS' <Latency = 0> <II = 1> <Delay = 1.95> <FuncUnit> <Opcode : 'mux'> <InPorts = 2> <OutPorts = 1>
ST_5 : Operation 70 [1/1] (0.00ns)   --->   "%p_Result_29 = call i32 @_ssdm_op_PartSelect.i32.i32.i32.i32(i32 %p_Val2_30, i32 31, i32 0) nounwind" [/wrk/2018.2/continuous/2018_06_14_2258646/src/products/hls/hls_lib/hlsmath/include/FloatingPoint/hls_normalize.h:109->/wrk/2018.2/continuous/2018_06_14_2258646/src/products/hls/src/technology/autopilot/header_files/utils/x_hls_float_utils.h:434]   --->   Operation 70 'partselect' 'p_Result_29' <Predicate = (!exitcond)> <Delay = 0.00>
ST_5 : Operation 71 [1/1] (3.39ns)   --->   "%c_0 = call i32 @llvm.cttz.i32(i32 %p_Result_29, i1 true) nounwind" [/wrk/2018.2/continuous/2018_06_14_2258646/src/products/hls/hls_lib/hlsmath/include/FloatingPoint/hls_normalize.h:109->/wrk/2018.2/continuous/2018_06_14_2258646/src/products/hls/src/technology/autopilot/header_files/utils/x_hls_float_utils.h:434]   --->   Operation 71 'cttz' 'c_0' <Predicate = (!exitcond)> <Delay = 3.39> <Core = "CTTZ">   --->   Core 60 'CTTZ' <Latency = 0> <II = 1> <Delay = 3.39> <FuncUnit> <Opcode : 'cttz'> <InPorts = 1> <OutPorts = 1>
ST_5 : Operation 72 [1/1] (1.30ns)   --->   "switch i2 %tmp_35, label %branch11 [
    i2 0, label %.branch8.backedge_crit_edge
    i2 1, label %branch9
    i2 -2, label %branch10
  ]" [/wrk/2018.2/continuous/2018_06_14_2258646/src/products/hls/src/technology/autopilot/header_files/utils/x_hls_float_utils.h:434]   --->   Operation 72 'switch' <Predicate = (!exitcond)> <Delay = 1.30>
ST_5 : Operation 73 [1/1] (0.00ns)   --->   "store i32 %c_0, i32* %c_3_3" [/wrk/2018.2/continuous/2018_06_14_2258646/src/products/hls/src/technology/autopilot/header_files/utils/x_hls_float_utils.h:434]   --->   Operation 73 'store' <Predicate = (!exitcond & tmp_35 == 2)> <Delay = 0.00>
ST_5 : Operation 74 [1/1] (0.00ns)   --->   "br label %branch8.backedge" [/wrk/2018.2/continuous/2018_06_14_2258646/src/products/hls/src/technology/autopilot/header_files/utils/x_hls_float_utils.h:434]   --->   Operation 74 'br' <Predicate = (!exitcond & tmp_35 == 2)> <Delay = 0.00>
ST_5 : Operation 75 [1/1] (0.00ns)   --->   "store i32 %c_0, i32* %c_3_2" [/wrk/2018.2/continuous/2018_06_14_2258646/src/products/hls/src/technology/autopilot/header_files/utils/x_hls_float_utils.h:434]   --->   Operation 75 'store' <Predicate = (!exitcond & tmp_35 == 1)> <Delay = 0.00>
ST_5 : Operation 76 [1/1] (0.00ns)   --->   "br label %branch8.backedge" [/wrk/2018.2/continuous/2018_06_14_2258646/src/products/hls/src/technology/autopilot/header_files/utils/x_hls_float_utils.h:434]   --->   Operation 76 'br' <Predicate = (!exitcond & tmp_35 == 1)> <Delay = 0.00>
ST_5 : Operation 77 [1/1] (0.00ns)   --->   "store i32 %c_0, i32* %c_3_1" [/wrk/2018.2/continuous/2018_06_14_2258646/src/products/hls/src/technology/autopilot/header_files/utils/x_hls_float_utils.h:434]   --->   Operation 77 'store' <Predicate = (!exitcond & tmp_35 == 0)> <Delay = 0.00>
ST_5 : Operation 78 [1/1] (0.00ns)   --->   "br label %branch8.backedge" [/wrk/2018.2/continuous/2018_06_14_2258646/src/products/hls/src/technology/autopilot/header_files/utils/x_hls_float_utils.h:434]   --->   Operation 78 'br' <Predicate = (!exitcond & tmp_35 == 0)> <Delay = 0.00>
ST_5 : Operation 79 [1/1] (0.00ns)   --->   "store i32 %c_0, i32* %c_3" [/wrk/2018.2/continuous/2018_06_14_2258646/src/products/hls/src/technology/autopilot/header_files/utils/x_hls_float_utils.h:434]   --->   Operation 79 'store' <Predicate = (!exitcond & tmp_35 == 3)> <Delay = 0.00>
ST_5 : Operation 80 [1/1] (0.00ns)   --->   "br label %branch8.backedge" [/wrk/2018.2/continuous/2018_06_14_2258646/src/products/hls/src/technology/autopilot/header_files/utils/x_hls_float_utils.h:434]   --->   Operation 80 'br' <Predicate = (!exitcond & tmp_35 == 3)> <Delay = 0.00>
ST_5 : Operation 81 [1/1] (0.00ns)   --->   "br label %branch8"   --->   Operation 81 'br' <Predicate = (!exitcond)> <Delay = 0.00>
ST_5 : Operation 82 [1/1] (1.76ns)   --->   "br label %.preheader3" [/wrk/2018.2/continuous/2018_06_14_2258646/src/products/hls/src/technology/autopilot/header_files/utils/x_hls_float_utils.h:440]   --->   Operation 82 'br' <Predicate = (exitcond)> <Delay = 1.76>

State 6 <SV = 3> <Delay = 4.51>
ST_6 : Operation 83 [1/1] (0.00ns)   --->   "%in_shift = phi i63 [ %in_shift_V, %"operator<<.exit" ], [ %in_V_read, %.preheader3.preheader ]"   --->   Operation 83 'phi' 'in_shift' <Predicate = true> <Delay = 0.00>
ST_6 : Operation 84 [1/1] (0.00ns)   --->   "%shift = phi i32 [ %shift_2, %"operator<<.exit" ], [ 0, %.preheader3.preheader ]"   --->   Operation 84 'phi' 'shift' <Predicate = true> <Delay = 0.00>
ST_6 : Operation 85 [1/1] (0.00ns)   --->   "%i2 = phi i3 [ %i_3, %"operator<<.exit" ], [ 0, %.preheader3.preheader ]"   --->   Operation 85 'phi' 'i2' <Predicate = true> <Delay = 0.00>
ST_6 : Operation 86 [1/1] (0.00ns)   --->   "%tmp_37 = call i1 @_ssdm_op_BitSelect.i1.i3.i32(i3 %i2, i32 2)" [/wrk/2018.2/continuous/2018_06_14_2258646/src/products/hls/src/technology/autopilot/header_files/utils/x_hls_float_utils.h:440]   --->   Operation 86 'bitselect' 'tmp_37' <Predicate = true> <Delay = 0.00>
ST_6 : Operation 87 [1/1] (0.00ns)   --->   "call void (...)* @_ssdm_op_SpecLoopTripCount(i64 1, i64 4, i64 2)"   --->   Operation 87 'speclooptripcount' <Predicate = true> <Delay = 0.00>
ST_6 : Operation 88 [1/1] (1.65ns)   --->   "%i_3 = add i3 %i2, 1" [/wrk/2018.2/continuous/2018_06_14_2258646/src/products/hls/src/technology/autopilot/header_files/utils/x_hls_float_utils.h:440]   --->   Operation 88 'add' 'i_3' <Predicate = true> <Delay = 1.65> <Core = "AddSub">   --->   Core 14 'AddSub' <Latency = 0> <II = 1> <Delay = 2.55> <FuncUnit> <Opcode : 'add' 'sub'> <InPorts = 2> <OutPorts = 1>
ST_6 : Operation 89 [1/1] (1.76ns)   --->   "br i1 %tmp_37, label %.loopexit_ifconv, label %"operator<<.exit"" [/wrk/2018.2/continuous/2018_06_14_2258646/src/products/hls/src/technology/autopilot/header_files/utils/x_hls_float_utils.h:440]   --->   Operation 89 'br' <Predicate = true> <Delay = 1.76>
ST_6 : Operation 90 [1/1] (0.00ns)   --->   "%c_3_load = load i32* %c_3"   --->   Operation 90 'load' 'c_3_load' <Predicate = (!tmp_37)> <Delay = 0.00>
ST_6 : Operation 91 [1/1] (0.00ns)   --->   "%c_3_1_load = load i32* %c_3_1"   --->   Operation 91 'load' 'c_3_1_load' <Predicate = (!tmp_37)> <Delay = 0.00>
ST_6 : Operation 92 [1/1] (0.00ns)   --->   "%c_3_2_load = load i32* %c_3_2"   --->   Operation 92 'load' 'c_3_2_load' <Predicate = (!tmp_37)> <Delay = 0.00>
ST_6 : Operation 93 [1/1] (0.00ns)   --->   "%c_3_3_load = load i32* %c_3_3"   --->   Operation 93 'load' 'c_3_3_load' <Predicate = (!tmp_37)> <Delay = 0.00>
ST_6 : Operation 94 [1/1] (0.00ns)   --->   "%tmp_38 = trunc i3 %i2 to i2" [/wrk/2018.2/continuous/2018_06_14_2258646/src/products/hls/src/technology/autopilot/header_files/utils/x_hls_float_utils.h:440]   --->   Operation 94 'trunc' 'tmp_38' <Predicate = (!tmp_37)> <Delay = 0.00>
ST_6 : Operation 95 [1/1] (1.95ns)   --->   "%sh_assign = call i32 @_ssdm_op_Mux.ap_auto.4i32.i2(i32 %c_3_1_load, i32 %c_3_2_load, i32 %c_3_3_load, i32 %c_3_load, i2 %tmp_38)" [/wrk/2018.2/continuous/2018_06_14_2258646/src/products/hls/src/technology/autopilot/header_files/utils/x_hls_float_utils.h:440]   --->   Operation 95 'mux' 'sh_assign' <Predicate = (!tmp_37)> <Delay = 1.95> <Core = "MuxnS">   --->   Core 31 'MuxnS' <Latency = 0> <II = 1> <Delay = 1.95> <FuncUnit> <Opcode : 'mux'> <InPorts = 2> <OutPorts = 1>
ST_6 : Operation 96 [1/1] (0.00ns)   --->   "%isNeg = call i1 @_ssdm_op_BitSelect.i1.i32.i32(i32 %sh_assign, i32 31)" [/wrk/2018.2/continuous/2018_06_14_2258646/src/products/hls/src/technology/autopilot/header_files/utils/x_hls_float_utils.h:442]   --->   Operation 96 'bitselect' 'isNeg' <Predicate = (!tmp_37)> <Delay = 0.00>
ST_6 : Operation 97 [1/1] (2.55ns)   --->   "%tmp_9 = sub nsw i32 0, %sh_assign" [/wrk/2018.2/continuous/2018_06_14_2258646/src/products/hls/src/technology/autopilot/header_files/utils/x_hls_float_utils.h:442]   --->   Operation 97 'sub' 'tmp_9' <Predicate = (!tmp_37)> <Delay = 2.55> <Core = "AddSub">   --->   Core 14 'AddSub' <Latency = 0> <II = 1> <Delay = 2.55> <FuncUnit> <Opcode : 'add' 'sub'> <InPorts = 2> <OutPorts = 1>

State 7 <SV = 4> <Delay = 5.29>
ST_7 : Operation 98 [1/1] (2.55ns)   --->   "%shift_2 = add nsw i32 %sh_assign, %shift" [/wrk/2018.2/continuous/2018_06_14_2258646/src/products/hls/src/technology/autopilot/header_files/utils/x_hls_float_utils.h:441]   --->   Operation 98 'add' 'shift_2' <Predicate = (!tmp_37)> <Delay = 2.55> <Core = "AddSub">   --->   Core 14 'AddSub' <Latency = 0> <II = 1> <Delay = 2.55> <FuncUnit> <Opcode : 'add' 'sub'> <InPorts = 2> <OutPorts = 1>
ST_7 : Operation 99 [1/1] (0.69ns)   --->   "%sh_assign_1 = select i1 %isNeg, i32 %tmp_9, i32 %sh_assign" [/wrk/2018.2/continuous/2018_06_14_2258646/src/products/hls/src/technology/autopilot/header_files/utils/x_hls_float_utils.h:442]   --->   Operation 99 'select' 'sh_assign_1' <Predicate = (!tmp_37)> <Delay = 0.69> <Core = "Sel">   --->   Core 26 'Sel' <Latency = 0> <II = 1> <Delay = 0.69> <FuncUnit> <Opcode : 'select'> <InPorts = 3> <OutPorts = 1>
ST_7 : Operation 100 [1/1] (0.00ns)   --->   "%tmp_1 = zext i32 %sh_assign_1 to i63" [/wrk/2018.2/continuous/2018_06_14_2258646/src/products/hls/src/technology/autopilot/header_files/utils/x_hls_float_utils.h:442]   --->   Operation 100 'zext' 'tmp_1' <Predicate = (!tmp_37)> <Delay = 0.00>
ST_7 : Operation 101 [1/1] (0.00ns) (grouped into LUT with out node in_shift_V)   --->   "%tmp_3 = shl i63 %in_shift, %tmp_1" [/wrk/2018.2/continuous/2018_06_14_2258646/src/products/hls/src/technology/autopilot/header_files/utils/x_hls_float_utils.h:442]   --->   Operation 101 'shl' 'tmp_3' <Predicate = (!tmp_37 & !isNeg)> <Delay = 0.00> <Core = "Shift">   --->   Core 28 'Shift' <Latency = 0> <II = 1> <Delay = 4.59> <FuncUnit> <Opcode : 'shl' 'lshr' 'ashr'> <InPorts = 2> <OutPorts = 1>
ST_7 : Operation 102 [1/1] (0.00ns) (grouped into LUT with out node in_shift_V)   --->   "%tmp_4 = ashr i63 %in_shift, %tmp_1" [/wrk/2018.2/continuous/2018_06_14_2258646/src/products/hls/src/technology/autopilot/header_files/utils/x_hls_float_utils.h:442]   --->   Operation 102 'ashr' 'tmp_4' <Predicate = (!tmp_37 & isNeg)> <Delay = 0.00> <Core = "Shift">   --->   Core 28 'Shift' <Latency = 0> <II = 1> <Delay = 4.59> <FuncUnit> <Opcode : 'shl' 'lshr' 'ashr'> <InPorts = 2> <OutPorts = 1>
ST_7 : Operation 103 [1/1] (4.59ns) (out node of the LUT)   --->   "%in_shift_V = select i1 %isNeg, i63 %tmp_4, i63 %tmp_3" [/wrk/2018.2/continuous/2018_06_14_2258646/src/products/hls/src/technology/autopilot/header_files/utils/x_hls_float_utils.h:442]   --->   Operation 103 'select' 'in_shift_V' <Predicate = (!tmp_37)> <Delay = 4.59> <Core = "Sel">   --->   Core 26 'Sel' <Latency = 0> <II = 1> <Delay = 0.69> <FuncUnit> <Opcode : 'select'> <InPorts = 3> <OutPorts = 1>
ST_7 : Operation 104 [1/1] (2.47ns)   --->   "%tmp_5 = icmp eq i32 %sh_assign, 16" [/wrk/2018.2/continuous/2018_06_14_2258646/src/products/hls/src/technology/autopilot/header_files/utils/x_hls_float_utils.h:443]   --->   Operation 104 'icmp' 'tmp_5' <Predicate = (!tmp_37)> <Delay = 2.47> <Core = "Cmp">   --->   Core 25 'Cmp' <Latency = 0> <II = 1> <Delay = 2.78> <FuncUnit> <Opcode : 'icmp'> <InPorts = 2> <OutPorts = 1>
ST_7 : Operation 105 [1/1] (1.76ns)   --->   "br i1 %tmp_5, label %.preheader3, label %.loopexit_ifconv" [/wrk/2018.2/continuous/2018_06_14_2258646/src/products/hls/src/technology/autopilot/header_files/utils/x_hls_float_utils.h:443]   --->   Operation 105 'br' <Predicate = (!tmp_37)> <Delay = 1.76>
ST_7 : Operation 106 [1/1] (2.78ns)   --->   "%tmp_10 = icmp eq i63 %in_V_read, 0" [/wrk/2018.2/continuous/2018_06_14_2258646/src/products/hls/src/technology/autopilot/header_files/utils/x_hls_float_utils.h:452]   --->   Operation 106 'icmp' 'tmp_10' <Predicate = (tmp_37) | (!tmp_5)> <Delay = 2.78> <Core = "Cmp">   --->   Core 25 'Cmp' <Latency = 0> <II = 1> <Delay = 2.78> <FuncUnit> <Opcode : 'icmp'> <InPorts = 2> <OutPorts = 1>

State 8 <SV = 5> <Delay = 6.03>
ST_8 : Operation 107 [1/1] (0.00ns) (grouped into LUT with out node p_Val2_31)   --->   "%p_Val2_s = phi i63 [ %in_shift, %.preheader3 ], [ %in_shift_V, %"operator<<.exit" ]"   --->   Operation 107 'phi' 'p_Val2_s' <Predicate = true> <Delay = 0.00>
ST_8 : Operation 108 [1/1] (0.00ns) (grouped into LUT with out node newexp)   --->   "%shift_1 = phi i32 [ %shift, %.preheader3 ], [ %shift_2, %"operator<<.exit" ]"   --->   Operation 108 'phi' 'shift_1' <Predicate = true> <Delay = 0.00>
ST_8 : Operation 109 [1/1] (1.54ns)   --->   "%tmp_6 = sub i12 1023, %prescale_read" [/wrk/2018.2/continuous/2018_06_14_2258646/src/products/hls/src/technology/autopilot/header_files/utils/x_hls_float_utils.h:451]   --->   Operation 109 'sub' 'tmp_6' <Predicate = true> <Delay = 1.54> <Core = "AddSub">   --->   Core 14 'AddSub' <Latency = 0> <II = 1> <Delay = 2.55> <FuncUnit> <Opcode : 'add' 'sub'> <InPorts = 2> <OutPorts = 1>
ST_8 : Operation 110 [1/1] (0.00ns) (grouped into LUT with out node newexp)   --->   "%tmp_6_cast = sext i12 %tmp_6 to i32" [/wrk/2018.2/continuous/2018_06_14_2258646/src/products/hls/src/technology/autopilot/header_files/utils/x_hls_float_utils.h:451]   --->   Operation 110 'sext' 'tmp_6_cast' <Predicate = true> <Delay = 0.00>
ST_8 : Operation 111 [1/1] (2.55ns) (out node of the LUT)   --->   "%newexp = sub i32 %tmp_6_cast, %shift_1" [/wrk/2018.2/continuous/2018_06_14_2258646/src/products/hls/src/technology/autopilot/header_files/utils/x_hls_float_utils.h:451]   --->   Operation 111 'sub' 'newexp' <Predicate = true> <Delay = 2.55> <Core = "AddSub">   --->   Core 14 'AddSub' <Latency = 0> <II = 1> <Delay = 2.55> <FuncUnit> <Opcode : 'add' 'sub'> <InPorts = 2> <OutPorts = 1>
ST_8 : Operation 112 [1/1] (0.00ns)   --->   "%tmp_40 = call i1 @_ssdm_op_BitSelect.i1.i32.i32(i32 %newexp, i32 31)" [/wrk/2018.2/continuous/2018_06_14_2258646/src/products/hls/src/technology/autopilot/header_files/utils/x_hls_float_utils.h:452]   --->   Operation 112 'bitselect' 'tmp_40' <Predicate = true> <Delay = 0.00>
ST_8 : Operation 113 [1/1] (0.97ns)   --->   "%or_cond = or i1 %tmp_40, %tmp_10" [/wrk/2018.2/continuous/2018_06_14_2258646/src/products/hls/src/technology/autopilot/header_files/utils/x_hls_float_utils.h:452]   --->   Operation 113 'or' 'or_cond' <Predicate = true> <Delay = 0.97> <Core = "LogicGate">   --->   Core 27 'LogicGate' <Latency = 0> <II = 1> <Delay = 0.97> <FuncUnit> <Opcode : 'and' 'or' 'xor'> <InPorts = 2> <OutPorts = 1>
ST_8 : Operation 114 [1/1] (0.00ns)   --->   "%tmp_41 = trunc i32 %newexp to i11" [/wrk/2018.2/continuous/2018_06_14_2258646/src/products/hls/src/technology/autopilot/header_files/utils/x_hls_float_utils.h:451]   --->   Operation 114 'trunc' 'tmp_41' <Predicate = true> <Delay = 0.00>
ST_8 : Operation 115 [1/1] (0.00ns) (grouped into LUT with out node p_Val2_31)   --->   "%phitmp2 = call i52 @_ssdm_op_PartSelect.i52.i63.i32.i32(i63 %p_Val2_s, i32 10, i32 61)" [/wrk/2018.2/continuous/2018_06_14_2258646/src/products/hls/src/technology/autopilot/header_files/utils/x_hls_float_utils.h:442]   --->   Operation 115 'partselect' 'phitmp2' <Predicate = true> <Delay = 0.00>
ST_8 : Operation 116 [1/1] (0.95ns) (out node of the LUT)   --->   "%p_Val2_31 = select i1 %or_cond, i52 0, i52 %phitmp2" [/wrk/2018.2/continuous/2018_06_14_2258646/src/products/hls/src/technology/autopilot/header_files/utils/x_hls_utils.h:479->/wrk/2018.2/continuous/2018_06_14_2258646/src/products/hls/src/technology/autopilot/header_files/utils/x_hls_float_utils.h:462]   --->   Operation 116 'select' 'p_Val2_31' <Predicate = true> <Delay = 0.95> <Core = "Sel">   --->   Core 26 'Sel' <Latency = 0> <II = 1> <Delay = 0.69> <FuncUnit> <Opcode : 'select'> <InPorts = 3> <OutPorts = 1>
ST_8 : Operation 117 [1/1] (0.69ns)   --->   "%out_exp_V = select i1 %or_cond, i11 0, i11 %tmp_41" [/wrk/2018.2/continuous/2018_06_14_2258646/src/products/hls/src/technology/autopilot/header_files/utils/x_hls_float_utils.h:463]   --->   Operation 117 'select' 'out_exp_V' <Predicate = true> <Delay = 0.69> <Core = "Sel">   --->   Core 26 'Sel' <Latency = 0> <II = 1> <Delay = 0.69> <FuncUnit> <Opcode : 'select'> <InPorts = 3> <OutPorts = 1>
ST_8 : Operation 118 [1/1] (0.00ns)   --->   "%p_Result_30 = call i64 @_ssdm_op_BitConcatenate.i64.i1.i11.i52(i1 false, i11 %out_exp_V, i52 %p_Val2_31)" [/wrk/2018.2/continuous/2018_06_14_2258646/src/products/hls/src/technology/autopilot/header_files/utils/x_hls_utils.h:458->/wrk/2018.2/continuous/2018_06_14_2258646/src/products/hls/src/technology/autopilot/header_files/utils/x_hls_utils.h:475->/wrk/2018.2/continuous/2018_06_14_2258646/src/products/hls/src/technology/autopilot/header_files/utils/x_hls_utils.h:489->/wrk/2018.2/continuous/2018_06_14_2258646/src/products/hls/src/technology/autopilot/header_files/utils/x_hls_float_utils.h:465]   --->   Operation 118 'bitconcatenate' 'p_Result_30' <Predicate = true> <Delay = 0.00>
ST_8 : Operation 119 [1/1] (0.00ns)   --->   "%result_write_assign = bitcast i64 %p_Result_30 to double" [/wrk/2018.2/continuous/2018_06_14_2258646/src/products/hls/src/technology/autopilot/header_files/utils/x_hls_utils.h:475->/wrk/2018.2/continuous/2018_06_14_2258646/src/products/hls/src/technology/autopilot/header_files/utils/x_hls_utils.h:489->/wrk/2018.2/continuous/2018_06_14_2258646/src/products/hls/src/technology/autopilot/header_files/utils/x_hls_float_utils.h:465]   --->   Operation 119 'bitcast' 'result_write_assign' <Predicate = true> <Delay = 0.00>
ST_8 : Operation 120 [1/1] (0.00ns)   --->   "ret double %result_write_assign" [/wrk/2018.2/continuous/2018_06_14_2258646/src/products/hls/src/technology/autopilot/header_files/utils/x_hls_float_utils.h:466]   --->   Operation 120 'ret' <Predicate = true> <Delay = 0.00>


============================================================
+ Verbose Summary: Timing violations
============================================================
Target clock period: 10ns, clock uncertainty: 1.25ns.

 <State 1>: 1.77ns
The critical path consists of the following:
	multiplexor before 'phi' operation ('i') with incoming values : ('i', /wrk/2018.2/continuous/2018_06_14_2258646/src/products/hls/src/technology/autopilot/header_files/utils/x_hls_float_utils.h:422) [10]  (1.77 ns)

 <State 2>: 3.65ns
The critical path consists of the following:
	'phi' operation ('i') with incoming values : ('i', /wrk/2018.2/continuous/2018_06_14_2258646/src/products/hls/src/technology/autopilot/header_files/utils/x_hls_float_utils.h:422) [10]  (0 ns)
	'sub' operation ('Lo', /wrk/2018.2/continuous/2018_06_14_2258646/src/products/hls/src/technology/autopilot/header_files/utils/x_hls_float_utils.h:424) [21]  (1.83 ns)
	'sub' operation ('tmp_24', /wrk/2018.2/continuous/2018_06_14_2258646/src/products/hls/src/technology/autopilot/header_files/utils/x_hls_float_utils.h:424) [25]  (1.83 ns)

 <State 3>: 7.54ns
The critical path consists of the following:
	'select' operation ('tmp_27', /wrk/2018.2/continuous/2018_06_14_2258646/src/products/hls/src/technology/autopilot/header_files/utils/x_hls_float_utils.h:424) [28]  (0 ns)
	'lshr' operation ('tmp_32', /wrk/2018.2/continuous/2018_06_14_2258646/src/products/hls/src/technology/autopilot/header_files/utils/x_hls_float_utils.h:424) [33]  (4.6 ns)
	'and' operation ('__Result__', /wrk/2018.2/continuous/2018_06_14_2258646/src/products/hls/src/technology/autopilot/header_files/utils/x_hls_float_utils.h:424) [35]  (2.94 ns)

 <State 4>: 1.13ns
The critical path consists of the following:

 <State 5>: 5.36ns
The critical path consists of the following:
	'phi' operation ('i') with incoming values : ('i', /wrk/2018.2/continuous/2018_06_14_2258646/src/products/hls/src/technology/autopilot/header_files/utils/x_hls_float_utils.h:433) [68]  (0 ns)
	'mux' operation ('value', /wrk/2018.2/continuous/2018_06_14_2258646/src/products/hls/src/technology/autopilot/header_files/utils/x_hls_float_utils.h:429) [75]  (1.96 ns)
	'cttz' operation ('c[0]', /wrk/2018.2/continuous/2018_06_14_2258646/src/products/hls/hls_lib/hlsmath/include/FloatingPoint/hls_normalize.h:109->/wrk/2018.2/continuous/2018_06_14_2258646/src/products/hls/src/technology/autopilot/header_files/utils/x_hls_float_utils.h:434) [77]  (3.4 ns)
	'store' operation (/wrk/2018.2/continuous/2018_06_14_2258646/src/products/hls/src/technology/autopilot/header_files/utils/x_hls_float_utils.h:434) of variable 'c[0]', /wrk/2018.2/continuous/2018_06_14_2258646/src/products/hls/hls_lib/hlsmath/include/FloatingPoint/hls_normalize.h:109->/wrk/2018.2/continuous/2018_06_14_2258646/src/products/hls/src/technology/autopilot/header_files/utils/x_hls_float_utils.h:434 on local variable 'c[3]' [86]  (0 ns)

 <State 6>: 4.51ns
The critical path consists of the following:
	'phi' operation ('i') with incoming values : ('i', /wrk/2018.2/continuous/2018_06_14_2258646/src/products/hls/src/technology/autopilot/header_files/utils/x_hls_float_utils.h:440) [98]  (0 ns)
	'mux' operation ('sh', /wrk/2018.2/continuous/2018_06_14_2258646/src/products/hls/src/technology/autopilot/header_files/utils/x_hls_float_utils.h:440) [109]  (1.96 ns)
	'sub' operation ('tmp_9', /wrk/2018.2/continuous/2018_06_14_2258646/src/products/hls/src/technology/autopilot/header_files/utils/x_hls_float_utils.h:442) [112]  (2.55 ns)

 <State 7>: 5.29ns
The critical path consists of the following:
	'select' operation ('sh', /wrk/2018.2/continuous/2018_06_14_2258646/src/products/hls/src/technology/autopilot/header_files/utils/x_hls_float_utils.h:442) [113]  (0.698 ns)
	'shl' operation ('tmp_3', /wrk/2018.2/continuous/2018_06_14_2258646/src/products/hls/src/technology/autopilot/header_files/utils/x_hls_float_utils.h:442) [115]  (0 ns)
	'select' operation ('in_shift.V', /wrk/2018.2/continuous/2018_06_14_2258646/src/products/hls/src/technology/autopilot/header_files/utils/x_hls_float_utils.h:442) [117]  (4.6 ns)

 <State 8>: 6.03ns
The critical path consists of the following:
	'sub' operation ('tmp_6', /wrk/2018.2/continuous/2018_06_14_2258646/src/products/hls/src/technology/autopilot/header_files/utils/x_hls_float_utils.h:451) [123]  (1.55 ns)
	'sub' operation ('newexp', /wrk/2018.2/continuous/2018_06_14_2258646/src/products/hls/src/technology/autopilot/header_files/utils/x_hls_float_utils.h:451) [125]  (2.55 ns)
	'or' operation ('or_cond', /wrk/2018.2/continuous/2018_06_14_2258646/src/products/hls/src/technology/autopilot/header_files/utils/x_hls_float_utils.h:452) [128]  (0.978 ns)
	'select' operation ('__Val2__', /wrk/2018.2/continuous/2018_06_14_2258646/src/products/hls/src/technology/autopilot/header_files/utils/x_hls_utils.h:479->/wrk/2018.2/continuous/2018_06_14_2258646/src/products/hls/src/technology/autopilot/header_files/utils/x_hls_float_utils.h:462) [131]  (0.954 ns)


============================================================
+ Verbose Summary: Binding
============================================================
N/A
* FSMD analyzer results:
  - Output states:
 - Input state : 
  - Chain level:
	State 1
	State 2
	State 3
	State 4
	State 5
	State 6
	State 7
	State 8


============================================================
+ Verbose Summary: Datapath Resource usage 
============================================================
N/A
