

================================================================
== Vivado HLS Report for 'doublecordic_apfixed'
================================================================
* Date:           Tue Jul 17 12:41:44 2018

* Version:        2018.2 (Build 2258646 on Thu Jun 14 20:25:20 MDT 2018)
* Project:        svr-vivado-hls
* Solution:       solution1
* Product family: zynq
* Target device:  xc7z020clg484-1


================================================================
== Performance Estimates
================================================================
+ Timing (ns): 
    * Summary: 
    +--------+-------+----------+------------+
    |  Clock | Target| Estimated| Uncertainty|
    +--------+-------+----------+------------+
    |ap_clk  |  10.00|     8.523|        1.25|
    +--------+-------+----------+------------+

+ Latency (clock cycles): 
    * Summary: 
    +-----+-----+-----+-----+----------+
    |  Latency  |  Interval | Pipeline |
    | min | max | min | max |   Type   |
    +-----+-----+-----+-----+----------+
    |   52|   52|    1|    1| function |
    +-----+-----+-----+-----+----------+

    + Detail: 
        * Instance: 
        N/A

        * Loop: 
        N/A



================================================================
== Utilization Estimates
================================================================
* Summary: 
+-----------------+---------+-------+--------+-------+
|       Name      | BRAM_18K| DSP48E|   FF   |  LUT  |
+-----------------+---------+-------+--------+-------+
|DSP              |        -|      -|       -|      -|
|Expression       |        -|      -|       0|  31143|
|FIFO             |        -|      -|       -|      -|
|Instance         |        -|      -|       -|      -|
|Memory           |        -|      -|       -|      -|
|Multiplexer      |        -|      -|       -|      9|
|Register         |        2|      -|   13605|   2170|
+-----------------+---------+-------+--------+-------+
|Total            |        2|      0|   13605|  33322|
+-----------------+---------+-------+--------+-------+
|Available        |      280|    220|  106400|  53200|
+-----------------+---------+-------+--------+-------+
|Utilization (%)  |    ~0   |      0|      12|     62|
+-----------------+---------+-------+--------+-------+

+ Detail: 
    * Instance: 
    N/A

    * DSP48: 
    N/A

    * Memory: 
    N/A

    * FIFO: 
    N/A

    * Expression: 
    +-----------------------------+----------+-------+---+-----+------------+------------+
    |        Variable Name        | Operation| DSP48E| FF| LUT | Bitwidth P0| Bitwidth P1|
    +-----------------------------+----------+-------+---+-----+------------+------------+
    |p_Val2_11_10_fu_2104_p2      |     +    |      0|  0|   62|          55|          55|
    |p_Val2_11_11_fu_2249_p2      |     +    |      0|  0|   62|          55|          55|
    |p_Val2_11_12_fu_2394_p2      |     +    |      0|  0|   62|          55|          55|
    |p_Val2_11_13_fu_2539_p2      |     +    |      0|  0|   62|          55|          55|
    |p_Val2_11_14_fu_2684_p2      |     +    |      0|  0|   62|          55|          55|
    |p_Val2_11_15_fu_2829_p2      |     +    |      0|  0|   62|          55|          55|
    |p_Val2_11_16_fu_2974_p2      |     +    |      0|  0|   62|          55|          55|
    |p_Val2_11_17_fu_3119_p2      |     +    |      0|  0|   62|          55|          55|
    |p_Val2_11_18_fu_3264_p2      |     +    |      0|  0|   62|          55|          55|
    |p_Val2_11_19_fu_3409_p2      |     +    |      0|  0|   62|          55|          55|
    |p_Val2_11_1_fu_1959_p2       |     +    |      0|  0|   62|          55|          55|
    |p_Val2_11_20_fu_3554_p2      |     +    |      0|  0|   62|          55|          55|
    |p_Val2_11_21_fu_3699_p2      |     +    |      0|  0|   62|          55|          55|
    |p_Val2_11_22_fu_3844_p2      |     +    |      0|  0|   62|          55|          55|
    |p_Val2_11_23_fu_3989_p2      |     +    |      0|  0|   62|          55|          55|
    |p_Val2_11_24_fu_4116_p2      |     +    |      0|  0|   62|          55|          55|
    |p_Val2_11_25_fu_4270_p2      |     +    |      0|  0|   62|          55|          55|
    |p_Val2_11_26_fu_4393_p2      |     +    |      0|  0|   62|          55|          55|
    |p_Val2_11_27_fu_4516_p2      |     +    |      0|  0|   62|          55|          55|
    |p_Val2_11_28_fu_4639_p2      |     +    |      0|  0|   62|          55|          55|
    |p_Val2_11_29_fu_4762_p2      |     +    |      0|  0|   62|          55|          55|
    |p_Val2_11_2_fu_654_p2        |     +    |      0|  0|   62|          55|          55|
    |p_Val2_11_30_fu_4885_p2      |     +    |      0|  0|   62|          55|          55|
    |p_Val2_11_31_fu_5008_p2      |     +    |      0|  0|   62|          55|          55|
    |p_Val2_11_32_fu_5131_p2      |     +    |      0|  0|   62|          55|          55|
    |p_Val2_11_33_fu_5254_p2      |     +    |      0|  0|   62|          55|          55|
    |p_Val2_11_34_fu_5377_p2      |     +    |      0|  0|   62|          55|          55|
    |p_Val2_11_35_fu_5500_p2      |     +    |      0|  0|   62|          55|          55|
    |p_Val2_11_36_fu_5623_p2      |     +    |      0|  0|   62|          55|          55|
    |p_Val2_11_37_fu_5746_p2      |     +    |      0|  0|   62|          55|          55|
    |p_Val2_11_38_fu_5869_p2      |     +    |      0|  0|   62|          55|          55|
    |p_Val2_11_39_fu_5992_p2      |     +    |      0|  0|   62|          55|          55|
    |p_Val2_11_3_fu_799_p2        |     +    |      0|  0|   62|          55|          55|
    |p_Val2_11_40_fu_6115_p2      |     +    |      0|  0|   62|          55|          55|
    |p_Val2_11_41_fu_6238_p2      |     +    |      0|  0|   62|          55|          55|
    |p_Val2_11_42_fu_6361_p2      |     +    |      0|  0|   62|          55|          55|
    |p_Val2_11_43_fu_6484_p2      |     +    |      0|  0|   62|          55|          55|
    |p_Val2_11_44_fu_6607_p2      |     +    |      0|  0|   62|          55|          55|
    |p_Val2_11_45_fu_6730_p2      |     +    |      0|  0|   62|          55|          55|
    |p_Val2_11_46_fu_6853_p2      |     +    |      0|  0|   62|          55|          55|
    |p_Val2_11_47_fu_6976_p2      |     +    |      0|  0|   62|          55|          55|
    |p_Val2_11_48_fu_7197_p2      |     +    |      0|  0|   62|          55|          55|
    |p_Val2_11_4_fu_944_p2        |     +    |      0|  0|   62|          55|          55|
    |p_Val2_11_5_fu_1089_p2       |     +    |      0|  0|   62|          55|          55|
    |p_Val2_11_6_fu_1234_p2       |     +    |      0|  0|   62|          55|          55|
    |p_Val2_11_7_fu_1379_p2       |     +    |      0|  0|   62|          55|          55|
    |p_Val2_11_8_fu_1524_p2       |     +    |      0|  0|   62|          55|          55|
    |p_Val2_11_9_fu_1669_p2       |     +    |      0|  0|   62|          55|          55|
    |p_Val2_11_s_fu_1814_p2       |     +    |      0|  0|   62|          55|          55|
    |p_Val2_46_10_fu_2119_p2      |     +    |      0|  0|   62|          55|          55|
    |p_Val2_46_11_fu_2264_p2      |     +    |      0|  0|   62|          55|          55|
    |p_Val2_46_12_fu_2409_p2      |     +    |      0|  0|   62|          55|          55|
    |p_Val2_46_13_fu_2554_p2      |     +    |      0|  0|   62|          55|          55|
    |p_Val2_46_14_fu_2699_p2      |     +    |      0|  0|   62|          55|          55|
    |p_Val2_46_15_fu_2844_p2      |     +    |      0|  0|   62|          55|          55|
    |p_Val2_46_16_fu_2989_p2      |     +    |      0|  0|   62|          55|          55|
    |p_Val2_46_17_fu_3134_p2      |     +    |      0|  0|   62|          55|          55|
    |p_Val2_46_18_fu_3279_p2      |     +    |      0|  0|   62|          55|          55|
    |p_Val2_46_19_fu_3424_p2      |     +    |      0|  0|   62|          55|          55|
    |p_Val2_46_1_fu_1974_p2       |     +    |      0|  0|   62|          55|          55|
    |p_Val2_46_20_fu_3569_p2      |     +    |      0|  0|   62|          55|          55|
    |p_Val2_46_21_fu_3714_p2      |     +    |      0|  0|   62|          55|          55|
    |p_Val2_46_22_fu_3859_p2      |     +    |      0|  0|   62|          55|          55|
    |p_Val2_46_23_fu_4004_p2      |     +    |      0|  0|   62|          55|          55|
    |p_Val2_46_24_fu_4131_p2      |     +    |      0|  0|   62|          55|          55|
    |p_Val2_46_25_fu_4285_p2      |     +    |      0|  0|   62|          55|          55|
    |p_Val2_46_26_fu_4408_p2      |     +    |      0|  0|   62|          55|          55|
    |p_Val2_46_27_fu_4531_p2      |     +    |      0|  0|   62|          55|          55|
    |p_Val2_46_28_fu_4654_p2      |     +    |      0|  0|   62|          55|          55|
    |p_Val2_46_29_fu_4777_p2      |     +    |      0|  0|   62|          55|          55|
    |p_Val2_46_2_fu_669_p2        |     +    |      0|  0|   62|          55|          55|
    |p_Val2_46_30_fu_4900_p2      |     +    |      0|  0|   62|          55|          55|
    |p_Val2_46_31_fu_5023_p2      |     +    |      0|  0|   62|          55|          55|
    |p_Val2_46_32_fu_5146_p2      |     +    |      0|  0|   62|          55|          55|
    |p_Val2_46_33_fu_5269_p2      |     +    |      0|  0|   62|          55|          55|
    |p_Val2_46_34_fu_5392_p2      |     +    |      0|  0|   62|          55|          55|
    |p_Val2_46_35_fu_5515_p2      |     +    |      0|  0|   62|          55|          55|
    |p_Val2_46_36_fu_5638_p2      |     +    |      0|  0|   62|          55|          55|
    |p_Val2_46_37_fu_5761_p2      |     +    |      0|  0|   62|          55|          55|
    |p_Val2_46_38_fu_5884_p2      |     +    |      0|  0|   62|          55|          55|
    |p_Val2_46_39_fu_6007_p2      |     +    |      0|  0|   62|          55|          55|
    |p_Val2_46_3_fu_814_p2        |     +    |      0|  0|   62|          55|          55|
    |p_Val2_46_40_fu_6130_p2      |     +    |      0|  0|   62|          55|          55|
    |p_Val2_46_41_fu_6253_p2      |     +    |      0|  0|   62|          55|          55|
    |p_Val2_46_42_fu_6376_p2      |     +    |      0|  0|   62|          55|          55|
    |p_Val2_46_43_fu_6499_p2      |     +    |      0|  0|   62|          55|          55|
    |p_Val2_46_44_fu_6622_p2      |     +    |      0|  0|   62|          55|          55|
    |p_Val2_46_45_fu_6745_p2      |     +    |      0|  0|   62|          55|          55|
    |p_Val2_46_46_fu_6868_p2      |     +    |      0|  0|   62|          55|          55|
    |p_Val2_46_47_fu_6991_p2      |     +    |      0|  0|   62|          55|          55|
    |p_Val2_46_48_fu_7212_p2      |     +    |      0|  0|   62|          55|          55|
    |p_Val2_46_4_fu_959_p2        |     +    |      0|  0|   62|          55|          55|
    |p_Val2_46_5_fu_1104_p2       |     +    |      0|  0|   62|          55|          55|
    |p_Val2_46_6_fu_1249_p2       |     +    |      0|  0|   62|          55|          55|
    |p_Val2_46_7_fu_1394_p2       |     +    |      0|  0|   62|          55|          55|
    |p_Val2_46_8_fu_1539_p2       |     +    |      0|  0|   62|          55|          55|
    |p_Val2_46_9_fu_1684_p2       |     +    |      0|  0|   62|          55|          55|
    |p_Val2_46_s_fu_1829_p2       |     +    |      0|  0|   62|          55|          55|
    |p_Val2_49_10_fu_1938_p2      |     +    |      0|  0|   62|          55|          55|
    |p_Val2_49_11_fu_2083_p2      |     +    |      0|  0|   62|          55|          55|
    |p_Val2_49_12_fu_2228_p2      |     +    |      0|  0|   62|          55|          55|
    |p_Val2_49_13_fu_2373_p2      |     +    |      0|  0|   62|          55|          55|
    |p_Val2_49_14_fu_2518_p2      |     +    |      0|  0|   62|          55|          55|
    |p_Val2_49_15_fu_2663_p2      |     +    |      0|  0|   62|          55|          55|
    |p_Val2_49_16_fu_2808_p2      |     +    |      0|  0|   62|          55|          55|
    |p_Val2_49_17_fu_2953_p2      |     +    |      0|  0|   62|          55|          55|
    |p_Val2_49_18_fu_3098_p2      |     +    |      0|  0|   62|          55|          55|
    |p_Val2_49_19_fu_3243_p2      |     +    |      0|  0|   62|          55|          55|
    |p_Val2_49_1_fu_524_p2        |     +    |      0|  0|   62|          55|          55|
    |p_Val2_49_20_fu_3388_p2      |     +    |      0|  0|   62|          55|          55|
    |p_Val2_49_21_fu_3533_p2      |     +    |      0|  0|   62|          55|          55|
    |p_Val2_49_22_fu_3678_p2      |     +    |      0|  0|   62|          55|          55|
    |p_Val2_49_23_fu_3823_p2      |     +    |      0|  0|   62|          55|          55|
    |p_Val2_49_24_fu_3968_p2      |     +    |      0|  0|   62|          55|          55|
    |p_Val2_49_25_fu_4153_p2      |     +    |      0|  0|   62|          55|          55|
    |p_Val2_49_26_fu_4258_p2      |     +    |      0|  0|   62|          55|          55|
    |p_Val2_49_2_fu_632_p2        |     +    |      0|  0|   62|          55|          55|
    |p_Val2_49_3_fu_778_p2        |     +    |      0|  0|   62|          55|          55|
    |p_Val2_49_4_fu_923_p2        |     +    |      0|  0|   62|          55|          55|
    |p_Val2_49_5_fu_1068_p2       |     +    |      0|  0|   62|          55|          55|
    |p_Val2_49_6_fu_1213_p2       |     +    |      0|  0|   62|          55|          55|
    |p_Val2_49_7_fu_1358_p2       |     +    |      0|  0|   62|          55|          55|
    |p_Val2_49_8_fu_1503_p2       |     +    |      0|  0|   62|          55|          55|
    |p_Val2_49_9_fu_1648_p2       |     +    |      0|  0|   62|          55|          55|
    |p_Val2_49_s_fu_1793_p2       |     +    |      0|  0|   62|          55|          55|
    |p_s_fu_7938_p2               |     +    |      0|  0|   55|          55|          55|
    |tmp10_fu_7595_p2             |     +    |      0|  0|   55|          48|          48|
    |tmp11_fu_7297_p2             |     +    |      0|  0|   55|          46|          46|
    |tmp12_fu_7281_p2             |     +    |      0|  0|   55|          46|          46|
    |tmp13_fu_7287_p2             |     +    |      0|  0|   51|          44|          44|
    |tmp14_fu_7886_p2             |     +    |      0|  0|   55|          42|          42|
    |tmp15_fu_7877_p2             |     +    |      0|  0|   55|          42|          42|
    |tmp16_fu_7858_p2             |     +    |      0|  0|   49|          42|          42|
    |tmp17_fu_7620_p2             |     +    |      0|  0|   48|          41|          41|
    |tmp18_fu_7867_p2             |     +    |      0|  0|   46|          39|          39|
    |tmp19_fu_7626_p2             |     +    |      0|  0|   45|          38|          38|
    |tmp1_fu_7930_p2              |     +    |      0|  0|   55|          55|          55|
    |tmp20_fu_7651_p2             |     +    |      0|  0|   55|          36|          36|
    |tmp21_fu_7642_p2             |     +    |      0|  0|   55|          36|          36|
    |tmp22_fu_7632_p2             |     +    |      0|  0|   42|          35|          35|
    |tmp23_fu_7319_p2             |     +    |      0|  0|   55|          33|          33|
    |tmp24_fu_7303_p2             |     +    |      0|  0|   55|          33|          33|
    |tmp25_fu_7309_p2             |     +    |      0|  0|   38|          31|          31|
    |tmp26_fu_7921_p2             |     +    |      0|  0|   55|          29|          29|
    |tmp27_fu_7895_p2             |     +    |      0|  0|   55|          29|          29|
    |tmp28_fu_7686_p2             |     +    |      0|  0|   55|          29|          29|
    |tmp29_fu_7667_p2             |     +    |      0|  0|   55|          29|          29|
    |tmp2_fu_7849_p2              |     +    |      0|  0|   55|          55|          55|
    |tmp30_fu_7657_p2             |     +    |      0|  0|   35|          28|          28|
    |tmp31_fu_7676_p2             |     +    |      0|  0|   33|          26|          26|
    |tmp32_fu_7325_p2             |     +    |      0|  0|   32|          25|          25|
    |tmp33_fu_7711_p2             |     +    |      0|  0|   55|          23|          23|
    |tmp34_fu_7702_p2             |     +    |      0|  0|   55|          23|          23|
    |tmp35_fu_7692_p2             |     +    |      0|  0|   29|          22|          22|
    |tmp36_fu_7347_p2             |     +    |      0|  0|   55|          20|          20|
    |tmp37_fu_7331_p2             |     +    |      0|  0|   55|          20|          20|
    |tmp38_fu_7337_p2             |     +    |      0|  0|   25|          18|          18|
    |tmp39_fu_7911_p2             |     +    |      0|  0|   55|          16|          16|
    |tmp3_fu_7840_p2              |     +    |      0|  0|   55|          55|          55|
    |tmp40_fu_7903_p2             |     +    |      0|  0|   55|          16|          16|
    |tmp41_fu_7727_p2             |     +    |      0|  0|   23|          16|          16|
    |tmp42_fu_7717_p2             |     +    |      0|  0|   21|          15|          15|
    |tmp43_fu_7743_p2             |     +    |      0|  0|   17|          13|          13|
    |tmp44_fu_7733_p2             |     +    |      0|  0|   12|          12|          12|
    |tmp45_fu_7784_p2             |     +    |      0|  0|   55|          10|          10|
    |tmp46_fu_7759_p2             |     +    |      0|  0|   55|          10|          10|
    |tmp47_fu_7749_p2             |     +    |      0|  0|   15|           9|           9|
    |tmp48_fu_7774_p2             |     +    |      0|  0|   55|           7|           7|
    |tmp49_fu_7765_p2             |     +    |      0|  0|   55|           7|           7|
    |tmp4_fu_7821_p2              |     +    |      0|  0|   62|          55|          55|
    |tmp50_fu_7353_p2             |     +    |      0|  0|   15|           5|           5|
    |tmp5_fu_7583_p2              |     +    |      0|  0|   61|          54|          54|
    |tmp6_fu_7830_p2              |     +    |      0|  0|   59|          52|          52|
    |tmp7_fu_7589_p2              |     +    |      0|  0|   58|          51|          51|
    |tmp8_fu_7614_p2              |     +    |      0|  0|   55|          49|          49|
    |tmp9_fu_7605_p2              |     +    |      0|  0|   55|          49|          49|
    |p_Val2_10_10_fu_1929_p2      |     -    |      0|  0|   62|          55|          55|
    |p_Val2_10_11_fu_2074_p2      |     -    |      0|  0|   62|          55|          55|
    |p_Val2_10_12_fu_2219_p2      |     -    |      0|  0|   62|          55|          55|
    |p_Val2_10_13_fu_2364_p2      |     -    |      0|  0|   62|          55|          55|
    |p_Val2_10_14_fu_2509_p2      |     -    |      0|  0|   62|          55|          55|
    |p_Val2_10_15_fu_2654_p2      |     -    |      0|  0|   62|          55|          55|
    |p_Val2_10_16_fu_2799_p2      |     -    |      0|  0|   62|          55|          55|
    |p_Val2_10_17_fu_2944_p2      |     -    |      0|  0|   62|          55|          55|
    |p_Val2_10_18_fu_3089_p2      |     -    |      0|  0|   62|          55|          55|
    |p_Val2_10_19_fu_3234_p2      |     -    |      0|  0|   62|          55|          55|
    |p_Val2_10_1_fu_490_p2        |     -    |      0|  0|   62|          55|          55|
    |p_Val2_10_20_fu_3379_p2      |     -    |      0|  0|   62|          55|          55|
    |p_Val2_10_21_fu_3524_p2      |     -    |      0|  0|   62|          55|          55|
    |p_Val2_10_22_fu_3669_p2      |     -    |      0|  0|   62|          55|          55|
    |p_Val2_10_23_fu_3814_p2      |     -    |      0|  0|   62|          55|          55|
    |p_Val2_10_24_fu_3959_p2      |     -    |      0|  0|   62|          55|          55|
    |p_Val2_10_25_fu_4104_p2      |     -    |      0|  0|   62|          55|          55|
    |p_Val2_10_26_fu_4236_p2      |     -    |      0|  0|   62|          55|          55|
    |p_Val2_10_27_fu_4381_p2      |     -    |      0|  0|   62|          55|          55|
    |p_Val2_10_28_fu_4504_p2      |     -    |      0|  0|   62|          55|          55|
    |p_Val2_10_29_fu_4627_p2      |     -    |      0|  0|   62|          55|          55|
    |p_Val2_10_2_fu_612_p2        |     -    |      0|  0|   62|          55|          55|
    |p_Val2_10_30_fu_4750_p2      |     -    |      0|  0|   62|          55|          55|
    |p_Val2_10_31_fu_4873_p2      |     -    |      0|  0|   62|          55|          55|
    |p_Val2_10_32_fu_4996_p2      |     -    |      0|  0|   62|          55|          55|
    |p_Val2_10_33_fu_5119_p2      |     -    |      0|  0|   62|          55|          55|
    |p_Val2_10_34_fu_5242_p2      |     -    |      0|  0|   62|          55|          55|
    |p_Val2_10_35_fu_5365_p2      |     -    |      0|  0|   62|          55|          55|
    |p_Val2_10_36_fu_5488_p2      |     -    |      0|  0|   62|          55|          55|
    |p_Val2_10_37_fu_5611_p2      |     -    |      0|  0|   62|          55|          55|
    |p_Val2_10_38_fu_5734_p2      |     -    |      0|  0|   62|          55|          55|
    |p_Val2_10_39_fu_5857_p2      |     -    |      0|  0|   62|          55|          55|
    |p_Val2_10_3_fu_769_p2        |     -    |      0|  0|   62|          55|          55|
    |p_Val2_10_40_fu_5980_p2      |     -    |      0|  0|   62|          55|          55|
    |p_Val2_10_41_fu_6103_p2      |     -    |      0|  0|   62|          55|          55|
    |p_Val2_10_42_fu_6226_p2      |     -    |      0|  0|   62|          55|          55|
    |p_Val2_10_43_fu_6349_p2      |     -    |      0|  0|   62|          55|          55|
    |p_Val2_10_44_fu_6472_p2      |     -    |      0|  0|   62|          55|          55|
    |p_Val2_10_45_fu_6595_p2      |     -    |      0|  0|   62|          55|          55|
    |p_Val2_10_46_fu_6718_p2      |     -    |      0|  0|   62|          55|          55|
    |p_Val2_10_47_fu_6841_p2      |     -    |      0|  0|   62|          55|          55|
    |p_Val2_10_48_fu_6964_p2      |     -    |      0|  0|   62|          55|          55|
    |p_Val2_10_49_fu_7087_p2      |     -    |      0|  0|   62|          55|          55|
    |p_Val2_10_4_fu_914_p2        |     -    |      0|  0|   62|          55|          55|
    |p_Val2_10_5_fu_1059_p2       |     -    |      0|  0|   62|          55|          55|
    |p_Val2_10_6_fu_1204_p2       |     -    |      0|  0|   62|          55|          55|
    |p_Val2_10_7_fu_1349_p2       |     -    |      0|  0|   62|          55|          55|
    |p_Val2_10_8_fu_1494_p2       |     -    |      0|  0|   62|          55|          55|
    |p_Val2_10_9_fu_1639_p2       |     -    |      0|  0|   62|          55|          55|
    |p_Val2_10_s_fu_1784_p2       |     -    |      0|  0|   62|          55|          55|
    |p_Val2_42_10_fu_2109_p2      |     -    |      0|  0|   62|          55|          55|
    |p_Val2_42_11_fu_2254_p2      |     -    |      0|  0|   62|          55|          55|
    |p_Val2_42_12_fu_2399_p2      |     -    |      0|  0|   62|          55|          55|
    |p_Val2_42_13_fu_2544_p2      |     -    |      0|  0|   62|          55|          55|
    |p_Val2_42_14_fu_2689_p2      |     -    |      0|  0|   62|          55|          55|
    |p_Val2_42_15_fu_2834_p2      |     -    |      0|  0|   62|          55|          55|
    |p_Val2_42_16_fu_2979_p2      |     -    |      0|  0|   62|          55|          55|
    |p_Val2_42_17_fu_3124_p2      |     -    |      0|  0|   62|          55|          55|
    |p_Val2_42_18_fu_3269_p2      |     -    |      0|  0|   62|          55|          55|
    |p_Val2_42_19_fu_3414_p2      |     -    |      0|  0|   62|          55|          55|
    |p_Val2_42_1_fu_1964_p2       |     -    |      0|  0|   62|          55|          55|
    |p_Val2_42_20_fu_3559_p2      |     -    |      0|  0|   62|          55|          55|
    |p_Val2_42_21_fu_3704_p2      |     -    |      0|  0|   62|          55|          55|
    |p_Val2_42_22_fu_3849_p2      |     -    |      0|  0|   62|          55|          55|
    |p_Val2_42_23_fu_3994_p2      |     -    |      0|  0|   62|          55|          55|
    |p_Val2_42_24_fu_4121_p2      |     -    |      0|  0|   62|          55|          55|
    |p_Val2_42_25_fu_4275_p2      |     -    |      0|  0|   62|          55|          55|
    |p_Val2_42_26_fu_4398_p2      |     -    |      0|  0|   62|          55|          55|
    |p_Val2_42_27_fu_4521_p2      |     -    |      0|  0|   62|          55|          55|
    |p_Val2_42_28_fu_4644_p2      |     -    |      0|  0|   62|          55|          55|
    |p_Val2_42_29_fu_4767_p2      |     -    |      0|  0|   62|          55|          55|
    |p_Val2_42_2_fu_659_p2        |     -    |      0|  0|   62|          55|          55|
    |p_Val2_42_30_fu_4890_p2      |     -    |      0|  0|   62|          55|          55|
    |p_Val2_42_31_fu_5013_p2      |     -    |      0|  0|   62|          55|          55|
    |p_Val2_42_32_fu_5136_p2      |     -    |      0|  0|   62|          55|          55|
    |p_Val2_42_33_fu_5259_p2      |     -    |      0|  0|   62|          55|          55|
    |p_Val2_42_34_fu_5382_p2      |     -    |      0|  0|   62|          55|          55|
    |p_Val2_42_35_fu_5505_p2      |     -    |      0|  0|   62|          55|          55|
    |p_Val2_42_36_fu_5628_p2      |     -    |      0|  0|   62|          55|          55|
    |p_Val2_42_37_fu_5751_p2      |     -    |      0|  0|   62|          55|          55|
    |p_Val2_42_38_fu_5874_p2      |     -    |      0|  0|   62|          55|          55|
    |p_Val2_42_39_fu_5997_p2      |     -    |      0|  0|   62|          55|          55|
    |p_Val2_42_3_fu_804_p2        |     -    |      0|  0|   62|          55|          55|
    |p_Val2_42_40_fu_6120_p2      |     -    |      0|  0|   62|          55|          55|
    |p_Val2_42_41_fu_6243_p2      |     -    |      0|  0|   62|          55|          55|
    |p_Val2_42_42_fu_6366_p2      |     -    |      0|  0|   62|          55|          55|
    |p_Val2_42_43_fu_6489_p2      |     -    |      0|  0|   62|          55|          55|
    |p_Val2_42_44_fu_6612_p2      |     -    |      0|  0|   62|          55|          55|
    |p_Val2_42_45_fu_6735_p2      |     -    |      0|  0|   62|          55|          55|
    |p_Val2_42_46_fu_6858_p2      |     -    |      0|  0|   62|          55|          55|
    |p_Val2_42_47_fu_6981_p2      |     -    |      0|  0|   62|          55|          55|
    |p_Val2_42_48_fu_7202_p2      |     -    |      0|  0|   62|          55|          55|
    |p_Val2_42_4_fu_949_p2        |     -    |      0|  0|   62|          55|          55|
    |p_Val2_42_5_fu_1094_p2       |     -    |      0|  0|   62|          55|          55|
    |p_Val2_42_6_fu_1239_p2       |     -    |      0|  0|   62|          55|          55|
    |p_Val2_42_7_fu_1384_p2       |     -    |      0|  0|   62|          55|          55|
    |p_Val2_42_8_fu_1529_p2       |     -    |      0|  0|   62|          55|          55|
    |p_Val2_42_9_fu_1674_p2       |     -    |      0|  0|   62|          55|          55|
    |p_Val2_42_s_fu_1819_p2       |     -    |      0|  0|   62|          55|          55|
    |p_Val2_44_10_fu_1969_p2      |     -    |      0|  0|   62|          55|          55|
    |p_Val2_44_11_fu_2114_p2      |     -    |      0|  0|   62|          55|          55|
    |p_Val2_44_12_fu_2259_p2      |     -    |      0|  0|   62|          55|          55|
    |p_Val2_44_13_fu_2404_p2      |     -    |      0|  0|   62|          55|          55|
    |p_Val2_44_14_fu_2549_p2      |     -    |      0|  0|   62|          55|          55|
    |p_Val2_44_15_fu_2694_p2      |     -    |      0|  0|   62|          55|          55|
    |p_Val2_44_16_fu_2839_p2      |     -    |      0|  0|   62|          55|          55|
    |p_Val2_44_17_fu_2984_p2      |     -    |      0|  0|   62|          55|          55|
    |p_Val2_44_18_fu_3129_p2      |     -    |      0|  0|   62|          55|          55|
    |p_Val2_44_19_fu_3274_p2      |     -    |      0|  0|   62|          55|          55|
    |p_Val2_44_1_fu_496_p2        |     -    |      0|  0|   62|           1|          55|
    |p_Val2_44_20_fu_3419_p2      |     -    |      0|  0|   62|          55|          55|
    |p_Val2_44_21_fu_3564_p2      |     -    |      0|  0|   62|          55|          55|
    |p_Val2_44_22_fu_3709_p2      |     -    |      0|  0|   62|          55|          55|
    |p_Val2_44_23_fu_3854_p2      |     -    |      0|  0|   62|          55|          55|
    |p_Val2_44_24_fu_3999_p2      |     -    |      0|  0|   62|          55|          55|
    |p_Val2_44_25_fu_4126_p2      |     -    |      0|  0|   62|          55|          55|
    |p_Val2_44_26_fu_4280_p2      |     -    |      0|  0|   62|          55|          55|
    |p_Val2_44_27_fu_4403_p2      |     -    |      0|  0|   62|          55|          55|
    |p_Val2_44_28_fu_4526_p2      |     -    |      0|  0|   62|          55|          55|
    |p_Val2_44_29_fu_4649_p2      |     -    |      0|  0|   62|          55|          55|
    |p_Val2_44_2_fu_664_p2        |     -    |      0|  0|   62|          55|          55|
    |p_Val2_44_30_fu_4772_p2      |     -    |      0|  0|   62|          55|          55|
    |p_Val2_44_31_fu_4895_p2      |     -    |      0|  0|   62|          55|          55|
    |p_Val2_44_32_fu_5018_p2      |     -    |      0|  0|   62|          55|          55|
    |p_Val2_44_33_fu_5141_p2      |     -    |      0|  0|   62|          55|          55|
    |p_Val2_44_34_fu_5264_p2      |     -    |      0|  0|   62|          55|          55|
    |p_Val2_44_35_fu_5387_p2      |     -    |      0|  0|   62|          55|          55|
    |p_Val2_44_36_fu_5510_p2      |     -    |      0|  0|   62|          55|          55|
    |p_Val2_44_37_fu_5633_p2      |     -    |      0|  0|   62|          55|          55|
    |p_Val2_44_38_fu_5756_p2      |     -    |      0|  0|   62|          55|          55|
    |p_Val2_44_39_fu_5879_p2      |     -    |      0|  0|   62|          55|          55|
    |p_Val2_44_3_fu_809_p2        |     -    |      0|  0|   62|          55|          55|
    |p_Val2_44_40_fu_6002_p2      |     -    |      0|  0|   62|          55|          55|
    |p_Val2_44_41_fu_6125_p2      |     -    |      0|  0|   62|          55|          55|
    |p_Val2_44_42_fu_6248_p2      |     -    |      0|  0|   62|          55|          55|
    |p_Val2_44_43_fu_6371_p2      |     -    |      0|  0|   62|          55|          55|
    |p_Val2_44_44_fu_6494_p2      |     -    |      0|  0|   62|          55|          55|
    |p_Val2_44_45_fu_6617_p2      |     -    |      0|  0|   62|          55|          55|
    |p_Val2_44_46_fu_6740_p2      |     -    |      0|  0|   62|          55|          55|
    |p_Val2_44_47_fu_6863_p2      |     -    |      0|  0|   62|          55|          55|
    |p_Val2_44_48_fu_6986_p2      |     -    |      0|  0|   62|          55|          55|
    |p_Val2_44_49_fu_7207_p2      |     -    |      0|  0|   62|          55|          55|
    |p_Val2_44_4_fu_954_p2        |     -    |      0|  0|   62|          55|          55|
    |p_Val2_44_5_fu_1099_p2       |     -    |      0|  0|   62|          55|          55|
    |p_Val2_44_6_fu_1244_p2       |     -    |      0|  0|   62|          55|          55|
    |p_Val2_44_7_fu_1389_p2       |     -    |      0|  0|   62|          55|          55|
    |p_Val2_44_8_fu_1534_p2       |     -    |      0|  0|   62|          55|          55|
    |p_Val2_44_9_fu_1679_p2       |     -    |      0|  0|   62|          55|          55|
    |p_Val2_44_s_fu_1824_p2       |     -    |      0|  0|   62|          55|          55|
    |p_Val2_9_10_fu_2068_p2       |     -    |      0|  0|   62|          55|          55|
    |p_Val2_9_11_fu_2213_p2       |     -    |      0|  0|   62|          55|          55|
    |p_Val2_9_12_fu_2358_p2       |     -    |      0|  0|   62|          55|          55|
    |p_Val2_9_13_fu_2503_p2       |     -    |      0|  0|   62|          55|          55|
    |p_Val2_9_14_fu_2648_p2       |     -    |      0|  0|   62|          55|          55|
    |p_Val2_9_15_fu_2793_p2       |     -    |      0|  0|   62|          55|          55|
    |p_Val2_9_16_fu_2938_p2       |     -    |      0|  0|   62|          55|          55|
    |p_Val2_9_17_fu_3083_p2       |     -    |      0|  0|   62|          55|          55|
    |p_Val2_9_18_fu_3228_p2       |     -    |      0|  0|   62|          55|          55|
    |p_Val2_9_19_fu_3373_p2       |     -    |      0|  0|   62|          55|          55|
    |p_Val2_9_1_fu_1923_p2        |     -    |      0|  0|   62|          55|          55|
    |p_Val2_9_20_fu_3518_p2       |     -    |      0|  0|   62|          55|          55|
    |p_Val2_9_21_fu_3663_p2       |     -    |      0|  0|   62|          55|          55|
    |p_Val2_9_22_fu_3808_p2       |     -    |      0|  0|   62|          55|          55|
    |p_Val2_9_23_fu_3953_p2       |     -    |      0|  0|   62|          55|          55|
    |p_Val2_9_24_fu_4098_p2       |     -    |      0|  0|   62|          55|          55|
    |p_Val2_9_25_fu_4230_p2       |     -    |      0|  0|   62|          55|          55|
    |p_Val2_9_26_fu_4375_p2       |     -    |      0|  0|   62|          55|          55|
    |p_Val2_9_27_fu_4498_p2       |     -    |      0|  0|   62|          55|          55|
    |p_Val2_9_28_fu_4621_p2       |     -    |      0|  0|   62|          55|          55|
    |p_Val2_9_29_fu_4744_p2       |     -    |      0|  0|   62|          55|          55|
    |p_Val2_9_2_fu_606_p2         |     -    |      0|  0|   62|          55|          55|
    |p_Val2_9_30_fu_4867_p2       |     -    |      0|  0|   62|          55|          55|
    |p_Val2_9_31_fu_4990_p2       |     -    |      0|  0|   62|          55|          55|
    |p_Val2_9_32_fu_5113_p2       |     -    |      0|  0|   62|          55|          55|
    |p_Val2_9_33_fu_5236_p2       |     -    |      0|  0|   62|          55|          55|
    |p_Val2_9_34_fu_5359_p2       |     -    |      0|  0|   62|          55|          55|
    |p_Val2_9_35_fu_5482_p2       |     -    |      0|  0|   62|          55|          55|
    |p_Val2_9_36_fu_5605_p2       |     -    |      0|  0|   62|          55|          55|
    |p_Val2_9_37_fu_5728_p2       |     -    |      0|  0|   62|          55|          55|
    |p_Val2_9_38_fu_5851_p2       |     -    |      0|  0|   62|          55|          55|
    |p_Val2_9_39_fu_5974_p2       |     -    |      0|  0|   62|          55|          55|
    |p_Val2_9_3_fu_763_p2         |     -    |      0|  0|   62|          55|          55|
    |p_Val2_9_40_fu_6097_p2       |     -    |      0|  0|   62|          55|          55|
    |p_Val2_9_41_fu_6220_p2       |     -    |      0|  0|   62|          55|          55|
    |p_Val2_9_42_fu_6343_p2       |     -    |      0|  0|   62|          55|          55|
    |p_Val2_9_43_fu_6466_p2       |     -    |      0|  0|   62|          55|          55|
    |p_Val2_9_44_fu_6589_p2       |     -    |      0|  0|   62|          55|          55|
    |p_Val2_9_45_fu_6712_p2       |     -    |      0|  0|   62|          55|          55|
    |p_Val2_9_46_fu_6835_p2       |     -    |      0|  0|   62|          55|          55|
    |p_Val2_9_47_fu_6958_p2       |     -    |      0|  0|   62|          55|          55|
    |p_Val2_9_48_fu_7081_p2       |     -    |      0|  0|   62|          55|          55|
    |p_Val2_9_4_fu_908_p2         |     -    |      0|  0|   62|          55|          55|
    |p_Val2_9_5_fu_1053_p2        |     -    |      0|  0|   62|          55|          55|
    |p_Val2_9_6_fu_1198_p2        |     -    |      0|  0|   62|          55|          55|
    |p_Val2_9_7_fu_1343_p2        |     -    |      0|  0|   62|          55|          55|
    |p_Val2_9_8_fu_1488_p2        |     -    |      0|  0|   62|          55|          55|
    |p_Val2_9_9_fu_1633_p2        |     -    |      0|  0|   62|          55|          55|
    |p_Val2_9_s_fu_1778_p2        |     -    |      0|  0|   62|          55|          55|
    |tmp_10_fu_1703_p2            |   icmp   |      0|  0|   29|          55|          55|
    |tmp_11_fu_1848_p2            |   icmp   |      0|  0|   29|          55|          55|
    |tmp_12_fu_1993_p2            |   icmp   |      0|  0|   29|          55|          55|
    |tmp_13_fu_2138_p2            |   icmp   |      0|  0|   29|          55|          55|
    |tmp_14_fu_2283_p2            |   icmp   |      0|  0|   29|          55|          55|
    |tmp_15_fu_2428_p2            |   icmp   |      0|  0|   29|          55|          55|
    |tmp_16_fu_2573_p2            |   icmp   |      0|  0|   29|          55|          55|
    |tmp_17_fu_2718_p2            |   icmp   |      0|  0|   29|          55|          55|
    |tmp_18_fu_2863_p2            |   icmp   |      0|  0|   29|          55|          55|
    |tmp_19_fu_3008_p2            |   icmp   |      0|  0|   29|          55|          55|
    |tmp_1_fu_470_p2              |   icmp   |      0|  0|   29|          55|          55|
    |tmp_20_fu_3153_p2            |   icmp   |      0|  0|   29|          55|          55|
    |tmp_21_fu_3298_p2            |   icmp   |      0|  0|   29|          55|          55|
    |tmp_22_fu_3443_p2            |   icmp   |      0|  0|   29|          55|          55|
    |tmp_23_fu_3588_p2            |   icmp   |      0|  0|   29|          55|          55|
    |tmp_24_fu_3733_p2            |   icmp   |      0|  0|   29|          55|          55|
    |tmp_25_fu_3878_p2            |   icmp   |      0|  0|   29|          55|          55|
    |tmp_26_fu_4023_p2            |   icmp   |      0|  0|   29|          55|          55|
    |tmp_27_fu_4158_p2            |   icmp   |      0|  0|   29|          55|          55|
    |tmp_28_fu_4304_p2            |   icmp   |      0|  0|   29|          55|          55|
    |tmp_29_fu_4427_p2            |   icmp   |      0|  0|   29|          55|          55|
    |tmp_2_fu_530_p2              |   icmp   |      0|  0|   29|          55|          55|
    |tmp_30_fu_4550_p2            |   icmp   |      0|  0|   29|          55|          55|
    |tmp_31_fu_4673_p2            |   icmp   |      0|  0|   29|          55|          55|
    |tmp_32_fu_4796_p2            |   icmp   |      0|  0|   29|          55|          55|
    |tmp_33_fu_4919_p2            |   icmp   |      0|  0|   29|          55|          55|
    |tmp_34_fu_5042_p2            |   icmp   |      0|  0|   29|          55|          55|
    |tmp_35_fu_5165_p2            |   icmp   |      0|  0|   29|          55|          55|
    |tmp_36_fu_5288_p2            |   icmp   |      0|  0|   29|          55|          55|
    |tmp_37_fu_5411_p2            |   icmp   |      0|  0|   29|          55|          55|
    |tmp_38_fu_5534_p2            |   icmp   |      0|  0|   29|          55|          55|
    |tmp_39_fu_5657_p2            |   icmp   |      0|  0|   29|          55|          55|
    |tmp_3_fu_688_p2              |   icmp   |      0|  0|   29|          55|          55|
    |tmp_40_fu_5780_p2            |   icmp   |      0|  0|   29|          55|          55|
    |tmp_41_fu_5903_p2            |   icmp   |      0|  0|   29|          55|          55|
    |tmp_42_fu_6026_p2            |   icmp   |      0|  0|   29|          55|          55|
    |tmp_43_fu_6149_p2            |   icmp   |      0|  0|   29|          55|          55|
    |tmp_44_fu_6272_p2            |   icmp   |      0|  0|   29|          55|          55|
    |tmp_45_fu_6395_p2            |   icmp   |      0|  0|   29|          55|          55|
    |tmp_46_fu_6518_p2            |   icmp   |      0|  0|   29|          55|          55|
    |tmp_47_fu_6641_p2            |   icmp   |      0|  0|   29|          55|          55|
    |tmp_48_fu_6764_p2            |   icmp   |      0|  0|   29|          55|          55|
    |tmp_49_fu_6887_p2            |   icmp   |      0|  0|   29|          55|          55|
    |tmp_4_fu_833_p2              |   icmp   |      0|  0|   29|          55|          55|
    |tmp_50_fu_7010_p2            |   icmp   |      0|  0|   29|          55|          55|
    |tmp_51_fu_7231_p2            |   icmp   |      0|  0|   29|          55|          55|
    |tmp_5_fu_978_p2              |   icmp   |      0|  0|   29|          55|          55|
    |tmp_6_fu_1123_p2             |   icmp   |      0|  0|   29|          55|          55|
    |tmp_7_fu_1268_p2             |   icmp   |      0|  0|   29|          55|          55|
    |tmp_8_fu_1413_p2             |   icmp   |      0|  0|   29|          55|          55|
    |tmp_9_fu_1558_p2             |   icmp   |      0|  0|   29|          55|          55|
    |tmp_s_fu_458_p2              |    or    |      0|  0|   55|          55|          54|
    |p_0_10_fu_2012_p3            |  select  |      0|  0|    2|           1|           1|
    |p_0_11_fu_2157_p3            |  select  |      0|  0|    2|           1|           1|
    |p_0_12_fu_2302_p3            |  select  |      0|  0|    2|           1|           1|
    |p_0_13_fu_2447_p3            |  select  |      0|  0|    2|           1|           1|
    |p_0_14_fu_2592_p3            |  select  |      0|  0|    2|           1|           1|
    |p_0_15_fu_2737_p3            |  select  |      0|  0|    2|           1|           1|
    |p_0_16_fu_2882_p3            |  select  |      0|  0|    2|           1|           1|
    |p_0_17_fu_3027_p3            |  select  |      0|  0|    2|           1|           1|
    |p_0_18_fu_3172_p3            |  select  |      0|  0|    2|           1|           1|
    |p_0_19_fu_3317_p3            |  select  |      0|  0|    2|           1|           1|
    |p_0_1_fu_1867_p3             |  select  |      0|  0|    2|           1|           1|
    |p_0_20_fu_3462_p3            |  select  |      0|  0|    2|           1|           1|
    |p_0_21_fu_3607_p3            |  select  |      0|  0|    2|           1|           1|
    |p_0_22_fu_3752_p3            |  select  |      0|  0|    2|           1|           1|
    |p_0_23_fu_3897_p3            |  select  |      0|  0|    2|           1|           1|
    |p_0_24_fu_4042_p3            |  select  |      0|  0|    2|           1|           1|
    |p_0_25_fu_4178_p3            |  select  |      0|  0|    2|           1|           1|
    |p_0_26_fu_4323_p3            |  select  |      0|  0|    2|           1|           1|
    |p_0_27_fu_4446_p3            |  select  |      0|  0|    2|           1|           1|
    |p_0_28_fu_4569_p3            |  select  |      0|  0|    2|           1|           1|
    |p_0_29_fu_4692_p3            |  select  |      0|  0|    2|           1|           1|
    |p_0_2_fu_550_p3              |  select  |      0|  0|    2|           1|           1|
    |p_0_30_fu_4815_p3            |  select  |      0|  0|    2|           1|           1|
    |p_0_31_fu_4938_p3            |  select  |      0|  0|    2|           1|           1|
    |p_0_32_fu_5061_p3            |  select  |      0|  0|    2|           1|           1|
    |p_0_33_fu_5184_p3            |  select  |      0|  0|    2|           1|           1|
    |p_0_34_fu_5307_p3            |  select  |      0|  0|    2|           1|           1|
    |p_0_35_fu_5430_p3            |  select  |      0|  0|    2|           1|           1|
    |p_0_36_fu_5553_p3            |  select  |      0|  0|    2|           1|           1|
    |p_0_37_fu_5676_p3            |  select  |      0|  0|    2|           1|           1|
    |p_0_38_fu_5799_p3            |  select  |      0|  0|    2|           1|           1|
    |p_0_39_fu_5922_p3            |  select  |      0|  0|    2|           1|           1|
    |p_0_3_fu_707_p3              |  select  |      0|  0|    2|           1|           1|
    |p_0_40_fu_6045_p3            |  select  |      0|  0|    2|           1|           1|
    |p_0_41_fu_6168_p3            |  select  |      0|  0|    2|           1|           1|
    |p_0_42_fu_6291_p3            |  select  |      0|  0|    2|           1|           1|
    |p_0_43_fu_6414_p3            |  select  |      0|  0|    2|           1|           1|
    |p_0_44_fu_6537_p3            |  select  |      0|  0|    2|           1|           1|
    |p_0_45_fu_6660_p3            |  select  |      0|  0|    2|           1|           1|
    |p_0_46_fu_6783_p3            |  select  |      0|  0|    2|           1|           1|
    |p_0_47_fu_6906_p3            |  select  |      0|  0|    2|           1|           1|
    |p_0_48_fu_7029_p3            |  select  |      0|  0|    2|           1|           1|
    |p_0_49_fu_7265_p3            |  select  |      0|  0|    2|           1|           1|
    |p_0_4_fu_852_p3              |  select  |      0|  0|    2|           1|           1|
    |p_0_5_fu_997_p3              |  select  |      0|  0|    2|           1|           1|
    |p_0_6_fu_1142_p3             |  select  |      0|  0|    2|           1|           1|
    |p_0_7_fu_1287_p3             |  select  |      0|  0|    2|           1|           1|
    |p_0_8_fu_1432_p3             |  select  |      0|  0|    2|           1|           1|
    |p_0_9_fu_1577_p3             |  select  |      0|  0|    2|           1|           1|
    |p_0_s_fu_1722_p3             |  select  |      0|  0|    2|           1|           1|
    |p_10_v_cast_cast_fu_7100_p3  |  select  |      0|  0|   44|           1|          44|
    |p_11_v_cast_cast_fu_7107_p3  |  select  |      0|  0|   43|           1|          43|
    |p_12_v_cast_cast_fu_7114_p3  |  select  |      0|  0|   42|           1|          42|
    |p_13_v_cast_cast_fu_7804_p3  |  select  |      0|  0|   41|           1|          41|
    |p_14_v_cast_cast_fu_7408_p3  |  select  |      0|  0|   40|           1|          40|
    |p_15_v_cast_cast_fu_7415_p3  |  select  |      0|  0|   39|           1|          39|
    |p_16_v_cast_cast_fu_7811_p3  |  select  |      0|  0|   38|           1|          38|
    |p_17_v_cast_cast_fu_7422_p3  |  select  |      0|  0|   37|           1|          37|
    |p_18_v_cast_cast_fu_7429_p3  |  select  |      0|  0|   36|           1|          36|
    |p_19_v_cast_cast_fu_7436_p3  |  select  |      0|  0|   35|           1|          35|
    |p_1_Val2_44_1_fu_502_p3      |  select  |      0|  0|   55|           1|          55|
    |p_1_v_cast_cast_fu_7359_p3   |  select  |      0|  0|   53|           1|          53|
    |p_20_v_cast_cast_fu_7443_p3  |  select  |      0|  0|   34|           1|          34|
    |p_21_v_cast_cast_fu_7450_p3  |  select  |      0|  0|   33|           1|          33|
    |p_22_v_cast_cast_fu_7121_p3  |  select  |      0|  0|   32|           1|          32|
    |p_23_v_cast_cast_fu_7128_p3  |  select  |      0|  0|   31|           1|          31|
    |p_24_v_cast_cast_fu_7135_p3  |  select  |      0|  0|   30|           1|          30|
    |p_25_v_cast_cast_fu_7142_p3  |  select  |      0|  0|   29|           1|          29|
    |p_26_v_cast_cast_fu_7457_p3  |  select  |      0|  0|   28|           1|          28|
    |p_27_v_cast_cast_fu_7464_p3  |  select  |      0|  0|   27|           1|          27|
    |p_28_v_cast_cast_fu_7471_p3  |  select  |      0|  0|   26|           1|          26|
    |p_29_v_cast_cast_fu_7478_p3  |  select  |      0|  0|   25|           1|          25|
    |p_2_v_cast_cast_fu_7366_p3   |  select  |      0|  0|   52|           1|          52|
    |p_30_v_cast_cast_fu_7149_p3  |  select  |      0|  0|   24|           1|          24|
    |p_31_v_cast_cast_fu_7156_p3  |  select  |      0|  0|   23|           1|          23|
    |p_32_v_cast_cast_fu_7485_p3  |  select  |      0|  0|   22|           1|          22|
    |p_33_v_cast_cast_fu_7492_p3  |  select  |      0|  0|   21|           1|          21|
    |p_34_v_cast_cast_fu_7499_p3  |  select  |      0|  0|   20|           1|          20|
    |p_35_v_cast_cast_fu_7163_p3  |  select  |      0|  0|   19|           1|          19|
    |p_36_v_cast_cast_fu_7170_p3  |  select  |      0|  0|   18|           1|          18|
    |p_37_v_cast_cast_fu_7177_p3  |  select  |      0|  0|   17|           1|          17|
    |p_38_v_cast_cast_fu_7184_p3  |  select  |      0|  0|   16|           1|          16|
    |p_39_v_cast_cast_fu_7506_p3  |  select  |      0|  0|   15|           1|          15|
    |p_3_v_cast_cast_fu_7797_p3   |  select  |      0|  0|   51|           1|          51|
    |p_40_v_cast_cast_fu_7513_p3  |  select  |      0|  0|   14|           1|          14|
    |p_41_v_cast_cast_fu_7520_p3  |  select  |      0|  0|   13|           1|          13|
    |p_42_v_cast_cast_fu_7527_p3  |  select  |      0|  0|   12|           1|          12|
    |p_43_v_cast_cast_fu_7534_p3  |  select  |      0|  0|   11|           1|          11|
    |p_44_v_cast_cast_fu_7541_p3  |  select  |      0|  0|   10|           1|          10|
    |p_45_v_cast_cast_fu_7548_p3  |  select  |      0|  0|    9|           1|           9|
    |p_46_v_cast_cast_fu_7555_p3  |  select  |      0|  0|    8|           1|           8|
    |p_47_v_cast_cast_fu_7562_p3  |  select  |      0|  0|    7|           1|           7|
    |p_48_v_cast_cast_fu_7569_p3  |  select  |      0|  0|    6|           1|           6|
    |p_49_v_cast_cast_fu_7576_p3  |  select  |      0|  0|    5|           1|           5|
    |p_4_v_cast_cast_fu_7373_p3   |  select  |      0|  0|   50|           1|          50|
    |p_50_v_cast_cast_fu_7224_p3  |  select  |      0|  0|    4|           1|           4|
    |p_51_v_cast_cast_fu_7273_p3  |  select  |      0|  0|    3|           1|           3|
    |p_5_v_cast_cast_fu_7380_p3   |  select  |      0|  0|   49|           1|          49|
    |p_6_v_cast_cast_fu_7387_p3   |  select  |      0|  0|   48|           1|          48|
    |p_7_v_cast_cast_fu_7394_p3   |  select  |      0|  0|   47|           1|          47|
    |p_8_v_cast_cast_fu_7401_p3   |  select  |      0|  0|   46|           1|          46|
    |p_9_v_cast_cast_fu_7093_p3   |  select  |      0|  0|   45|           1|          45|
    |storemerge_10_fu_2131_p3     |  select  |      0|  0|   55|           1|          55|
    |storemerge_11_fu_2276_p3     |  select  |      0|  0|   55|           1|          55|
    |storemerge_12_fu_2421_p3     |  select  |      0|  0|   55|           1|          55|
    |storemerge_13_fu_2566_p3     |  select  |      0|  0|   55|           1|          55|
    |storemerge_14_fu_2711_p3     |  select  |      0|  0|   55|           1|          55|
    |storemerge_15_fu_2856_p3     |  select  |      0|  0|   55|           1|          55|
    |storemerge_16_fu_3001_p3     |  select  |      0|  0|   55|           1|          55|
    |storemerge_17_fu_3146_p3     |  select  |      0|  0|   55|           1|          55|
    |storemerge_18_fu_3291_p3     |  select  |      0|  0|   55|           1|          55|
    |storemerge_19_fu_3436_p3     |  select  |      0|  0|   55|           1|          55|
    |storemerge_1_fu_1986_p3      |  select  |      0|  0|   55|           1|          55|
    |storemerge_20_fu_3581_p3     |  select  |      0|  0|   55|           1|          55|
    |storemerge_21_fu_3726_p3     |  select  |      0|  0|   55|           1|          55|
    |storemerge_22_fu_3871_p3     |  select  |      0|  0|   55|           1|          55|
    |storemerge_23_fu_4016_p3     |  select  |      0|  0|   55|           1|          55|
    |storemerge_24_fu_4143_p3     |  select  |      0|  0|   55|           1|          55|
    |storemerge_25_fu_4297_p3     |  select  |      0|  0|   55|           1|          55|
    |storemerge_26_fu_4420_p3     |  select  |      0|  0|   55|           1|          55|
    |storemerge_27_fu_4543_p3     |  select  |      0|  0|   55|           1|          55|
    |storemerge_28_fu_4666_p3     |  select  |      0|  0|   55|           1|          55|
    |storemerge_29_fu_4789_p3     |  select  |      0|  0|   55|           1|          55|
    |storemerge_2_fu_681_p3       |  select  |      0|  0|   55|           1|          55|
    |storemerge_30_fu_4912_p3     |  select  |      0|  0|   55|           1|          55|
    |storemerge_31_fu_5035_p3     |  select  |      0|  0|   55|           1|          55|
    |storemerge_32_fu_5158_p3     |  select  |      0|  0|   55|           1|          55|
    |storemerge_33_fu_5281_p3     |  select  |      0|  0|   55|           1|          55|
    |storemerge_34_fu_5404_p3     |  select  |      0|  0|   55|           1|          55|
    |storemerge_35_fu_5527_p3     |  select  |      0|  0|   55|           1|          55|
    |storemerge_36_fu_5650_p3     |  select  |      0|  0|   55|           1|          55|
    |storemerge_37_fu_5773_p3     |  select  |      0|  0|   55|           1|          55|
    |storemerge_38_fu_5896_p3     |  select  |      0|  0|   55|           1|          55|
    |storemerge_39_fu_6019_p3     |  select  |      0|  0|   55|           1|          55|
    |storemerge_3_fu_826_p3       |  select  |      0|  0|   55|           1|          55|
    |storemerge_40_fu_6142_p3     |  select  |      0|  0|   55|           1|          55|
    |storemerge_41_fu_6265_p3     |  select  |      0|  0|   55|           1|          55|
    |storemerge_42_fu_6388_p3     |  select  |      0|  0|   55|           1|          55|
    |storemerge_43_fu_6511_p3     |  select  |      0|  0|   55|           1|          55|
    |storemerge_44_fu_6634_p3     |  select  |      0|  0|   55|           1|          55|
    |storemerge_45_fu_6757_p3     |  select  |      0|  0|   55|           1|          55|
    |storemerge_46_fu_6880_p3     |  select  |      0|  0|   55|           1|          55|
    |storemerge_47_fu_7003_p3     |  select  |      0|  0|   55|           1|          55|
    |storemerge_48_fu_7217_p3     |  select  |      0|  0|   55|           1|          55|
    |storemerge_4_fu_971_p3       |  select  |      0|  0|   55|           1|          55|
    |storemerge_5_fu_1116_p3      |  select  |      0|  0|   55|           1|          55|
    |storemerge_6_fu_1261_p3      |  select  |      0|  0|   55|           1|          55|
    |storemerge_7_fu_1406_p3      |  select  |      0|  0|   55|           1|          55|
    |storemerge_8_fu_1551_p3      |  select  |      0|  0|   55|           1|          55|
    |storemerge_9_fu_1696_p3      |  select  |      0|  0|   55|           1|          55|
    |storemerge_s_fu_1841_p3      |  select  |      0|  0|   55|           1|          55|
    |tmp_115_25_fu_4206_p3        |  select  |      0|  0|    2|           1|           2|
    |tmp_115_26_fu_4351_p3        |  select  |      0|  0|    2|           1|           2|
    |tmp_115_27_fu_4474_p3        |  select  |      0|  0|    2|           1|           2|
    |tmp_115_28_fu_4597_p3        |  select  |      0|  0|    2|           1|           2|
    |tmp_115_29_fu_4720_p3        |  select  |      0|  0|    2|           1|           2|
    |tmp_115_30_fu_4843_p3        |  select  |      0|  0|    2|           1|           2|
    |tmp_115_31_fu_4966_p3        |  select  |      0|  0|    2|           1|           2|
    |tmp_115_32_fu_5089_p3        |  select  |      0|  0|    2|           1|           2|
    |tmp_115_33_fu_5212_p3        |  select  |      0|  0|    2|           1|           2|
    |tmp_115_34_fu_5335_p3        |  select  |      0|  0|    2|           1|           2|
    |tmp_115_35_fu_5458_p3        |  select  |      0|  0|    2|           1|           2|
    |tmp_115_36_fu_5581_p3        |  select  |      0|  0|    2|           1|           2|
    |tmp_115_37_fu_5704_p3        |  select  |      0|  0|    2|           1|           2|
    |tmp_115_38_fu_5827_p3        |  select  |      0|  0|    2|           1|           2|
    |tmp_115_39_fu_5950_p3        |  select  |      0|  0|    2|           1|           2|
    |tmp_115_40_fu_6073_p3        |  select  |      0|  0|    2|           1|           2|
    |tmp_115_41_fu_6196_p3        |  select  |      0|  0|    2|           1|           2|
    |tmp_115_42_fu_6319_p3        |  select  |      0|  0|    2|           1|           2|
    |tmp_115_43_fu_6442_p3        |  select  |      0|  0|    2|           1|           2|
    |tmp_115_44_fu_6565_p3        |  select  |      0|  0|    2|           1|           2|
    |tmp_115_45_fu_6688_p3        |  select  |      0|  0|    2|           1|           2|
    |tmp_115_46_fu_6811_p3        |  select  |      0|  0|    2|           1|           2|
    |tmp_115_47_fu_6934_p3        |  select  |      0|  0|    2|           1|           2|
    |tmp_115_48_fu_7057_p3        |  select  |      0|  0|    2|           1|           2|
    |tmp_119_26_fu_4222_p3        |  select  |      0|  0|    2|           1|           2|
    |tmp_119_27_fu_4367_p3        |  select  |      0|  0|    2|           1|           2|
    |tmp_119_28_fu_4490_p3        |  select  |      0|  0|    2|           1|           2|
    |tmp_119_29_fu_4613_p3        |  select  |      0|  0|    2|           1|           2|
    |tmp_119_30_fu_4736_p3        |  select  |      0|  0|    2|           1|           2|
    |tmp_119_31_fu_4859_p3        |  select  |      0|  0|    2|           1|           2|
    |tmp_119_32_fu_4982_p3        |  select  |      0|  0|    2|           1|           2|
    |tmp_119_33_fu_5105_p3        |  select  |      0|  0|    2|           1|           2|
    |tmp_119_34_fu_5228_p3        |  select  |      0|  0|    2|           1|           2|
    |tmp_119_35_fu_5351_p3        |  select  |      0|  0|    2|           1|           2|
    |tmp_119_36_fu_5474_p3        |  select  |      0|  0|    2|           1|           2|
    |tmp_119_37_fu_5597_p3        |  select  |      0|  0|    2|           1|           2|
    |tmp_119_38_fu_5720_p3        |  select  |      0|  0|    2|           1|           2|
    |tmp_119_39_fu_5843_p3        |  select  |      0|  0|    2|           1|           2|
    |tmp_119_40_fu_5966_p3        |  select  |      0|  0|    2|           1|           2|
    |tmp_119_41_fu_6089_p3        |  select  |      0|  0|    2|           1|           2|
    |tmp_119_42_fu_6212_p3        |  select  |      0|  0|    2|           1|           2|
    |tmp_119_43_fu_6335_p3        |  select  |      0|  0|    2|           1|           2|
    |tmp_119_44_fu_6458_p3        |  select  |      0|  0|    2|           1|           2|
    |tmp_119_45_fu_6581_p3        |  select  |      0|  0|    2|           1|           2|
    |tmp_119_46_fu_6704_p3        |  select  |      0|  0|    2|           1|           2|
    |tmp_119_47_fu_6827_p3        |  select  |      0|  0|    2|           1|           2|
    |tmp_119_48_fu_6950_p3        |  select  |      0|  0|    2|           1|           2|
    |tmp_119_49_fu_7073_p3        |  select  |      0|  0|    2|           1|           2|
    |tmp_143_26_fu_4250_p3        |  select  |      0|  0|    2|           1|           2|
    |tmp_281_fu_7252_p3           |  select  |      0|  0|    2|           1|           1|
    |tmp_54_cast_cast_fu_7790_p3  |  select  |      0|  0|   54|           1|          54|
    |x_V_1_10_fu_2124_p3          |  select  |      0|  0|   55|           1|          55|
    |x_V_1_11_fu_2269_p3          |  select  |      0|  0|   55|           1|          55|
    |x_V_1_12_fu_2414_p3          |  select  |      0|  0|   55|           1|          55|
    |x_V_1_13_fu_2559_p3          |  select  |      0|  0|   55|           1|          55|
    |x_V_1_14_fu_2704_p3          |  select  |      0|  0|   55|           1|          55|
    |x_V_1_15_fu_2849_p3          |  select  |      0|  0|   55|           1|          55|
    |x_V_1_16_fu_2994_p3          |  select  |      0|  0|   55|           1|          55|
    |x_V_1_17_fu_3139_p3          |  select  |      0|  0|   55|           1|          55|
    |x_V_1_18_fu_3284_p3          |  select  |      0|  0|   55|           1|          55|
    |x_V_1_19_fu_3429_p3          |  select  |      0|  0|   55|           1|          55|
    |x_V_1_1_fu_1979_p3           |  select  |      0|  0|   55|           1|          55|
    |x_V_1_20_fu_3574_p3          |  select  |      0|  0|   55|           1|          55|
    |x_V_1_21_fu_3719_p3          |  select  |      0|  0|   55|           1|          55|
    |x_V_1_22_fu_3864_p3          |  select  |      0|  0|   55|           1|          55|
    |x_V_1_23_fu_4009_p3          |  select  |      0|  0|   55|           1|          55|
    |x_V_1_24_fu_4136_p3          |  select  |      0|  0|   55|           1|          55|
    |x_V_1_25_fu_4290_p3          |  select  |      0|  0|   55|           1|          55|
    |x_V_1_26_fu_4413_p3          |  select  |      0|  0|   55|           1|          55|
    |x_V_1_27_fu_4536_p3          |  select  |      0|  0|   55|           1|          55|
    |x_V_1_28_fu_4659_p3          |  select  |      0|  0|   55|           1|          55|
    |x_V_1_29_fu_4782_p3          |  select  |      0|  0|   55|           1|          55|
    |x_V_1_2_fu_674_p3            |  select  |      0|  0|   55|           1|          55|
    |x_V_1_30_fu_4905_p3          |  select  |      0|  0|   55|           1|          55|
    |x_V_1_31_fu_5028_p3          |  select  |      0|  0|   55|           1|          55|
    |x_V_1_32_fu_5151_p3          |  select  |      0|  0|   55|           1|          55|
    |x_V_1_33_fu_5274_p3          |  select  |      0|  0|   55|           1|          55|
    |x_V_1_34_fu_5397_p3          |  select  |      0|  0|   55|           1|          55|
    |x_V_1_35_fu_5520_p3          |  select  |      0|  0|   55|           1|          55|
    |x_V_1_36_fu_5643_p3          |  select  |      0|  0|   55|           1|          55|
    |x_V_1_37_fu_5766_p3          |  select  |      0|  0|   55|           1|          55|
    |x_V_1_38_fu_5889_p3          |  select  |      0|  0|   55|           1|          55|
    |x_V_1_39_fu_6012_p3          |  select  |      0|  0|   55|           1|          55|
    |x_V_1_3_fu_819_p3            |  select  |      0|  0|   55|           1|          55|
    |x_V_1_40_fu_6135_p3          |  select  |      0|  0|   55|           1|          55|
    |x_V_1_41_fu_6258_p3          |  select  |      0|  0|   55|           1|          55|
    |x_V_1_42_fu_6381_p3          |  select  |      0|  0|   55|           1|          55|
    |x_V_1_43_fu_6504_p3          |  select  |      0|  0|   55|           1|          55|
    |x_V_1_44_fu_6627_p3          |  select  |      0|  0|   55|           1|          55|
    |x_V_1_45_fu_6750_p3          |  select  |      0|  0|   55|           1|          55|
    |x_V_1_46_fu_6873_p3          |  select  |      0|  0|   55|           1|          55|
    |x_V_1_47_fu_6996_p3          |  select  |      0|  0|   55|           1|          55|
    |x_V_1_4_fu_964_p3            |  select  |      0|  0|   55|           1|          55|
    |x_V_1_5_fu_1109_p3           |  select  |      0|  0|   55|           1|          55|
    |x_V_1_6_fu_1254_p3           |  select  |      0|  0|   55|           1|          55|
    |x_V_1_7_fu_1399_p3           |  select  |      0|  0|   55|           1|          55|
    |x_V_1_8_fu_1544_p3           |  select  |      0|  0|   55|           1|          55|
    |x_V_1_9_fu_1689_p3           |  select  |      0|  0|   55|           1|          55|
    |x_V_1_s_fu_1834_p3           |  select  |      0|  0|   55|           1|          55|
    |val_assign_10_fu_2006_p2     |    xor   |      0|  0|    2|           1|           2|
    |val_assign_11_fu_2151_p2     |    xor   |      0|  0|    2|           1|           2|
    |val_assign_12_fu_2296_p2     |    xor   |      0|  0|    2|           1|           2|
    |val_assign_13_fu_2441_p2     |    xor   |      0|  0|    2|           1|           2|
    |val_assign_14_fu_2586_p2     |    xor   |      0|  0|    2|           1|           2|
    |val_assign_15_fu_2731_p2     |    xor   |      0|  0|    2|           1|           2|
    |val_assign_16_fu_2876_p2     |    xor   |      0|  0|    2|           1|           2|
    |val_assign_17_fu_3021_p2     |    xor   |      0|  0|    2|           1|           2|
    |val_assign_18_fu_3166_p2     |    xor   |      0|  0|    2|           1|           2|
    |val_assign_19_fu_3311_p2     |    xor   |      0|  0|    2|           1|           2|
    |val_assign_1_fu_1861_p2      |    xor   |      0|  0|    2|           1|           2|
    |val_assign_20_fu_3456_p2     |    xor   |      0|  0|    2|           1|           2|
    |val_assign_21_fu_3601_p2     |    xor   |      0|  0|    2|           1|           2|
    |val_assign_22_fu_3746_p2     |    xor   |      0|  0|    2|           1|           2|
    |val_assign_23_fu_3891_p2     |    xor   |      0|  0|    2|           1|           2|
    |val_assign_24_fu_4036_p2     |    xor   |      0|  0|    2|           1|           2|
    |val_assign_25_fu_4172_p2     |    xor   |      0|  0|    2|           1|           2|
    |val_assign_26_fu_4317_p2     |    xor   |      0|  0|    2|           1|           2|
    |val_assign_27_fu_4440_p2     |    xor   |      0|  0|    2|           1|           2|
    |val_assign_28_fu_4563_p2     |    xor   |      0|  0|    2|           1|           2|
    |val_assign_29_fu_4686_p2     |    xor   |      0|  0|    2|           1|           2|
    |val_assign_2_fu_544_p2       |    xor   |      0|  0|    2|           1|           2|
    |val_assign_30_fu_4809_p2     |    xor   |      0|  0|    2|           1|           2|
    |val_assign_31_fu_4932_p2     |    xor   |      0|  0|    2|           1|           2|
    |val_assign_32_fu_5055_p2     |    xor   |      0|  0|    2|           1|           2|
    |val_assign_33_fu_5178_p2     |    xor   |      0|  0|    2|           1|           2|
    |val_assign_34_fu_5301_p2     |    xor   |      0|  0|    2|           1|           2|
    |val_assign_35_fu_5424_p2     |    xor   |      0|  0|    2|           1|           2|
    |val_assign_36_fu_5547_p2     |    xor   |      0|  0|    2|           1|           2|
    |val_assign_37_fu_5670_p2     |    xor   |      0|  0|    2|           1|           2|
    |val_assign_38_fu_5793_p2     |    xor   |      0|  0|    2|           1|           2|
    |val_assign_39_fu_5916_p2     |    xor   |      0|  0|    2|           1|           2|
    |val_assign_3_fu_701_p2       |    xor   |      0|  0|    2|           1|           2|
    |val_assign_40_fu_6039_p2     |    xor   |      0|  0|    2|           1|           2|
    |val_assign_41_fu_6162_p2     |    xor   |      0|  0|    2|           1|           2|
    |val_assign_42_fu_6285_p2     |    xor   |      0|  0|    2|           1|           2|
    |val_assign_43_fu_6408_p2     |    xor   |      0|  0|    2|           1|           2|
    |val_assign_44_fu_6531_p2     |    xor   |      0|  0|    2|           1|           2|
    |val_assign_45_fu_6654_p2     |    xor   |      0|  0|    2|           1|           2|
    |val_assign_46_fu_6777_p2     |    xor   |      0|  0|    2|           1|           2|
    |val_assign_47_fu_6900_p2     |    xor   |      0|  0|    2|           1|           2|
    |val_assign_48_fu_7023_p2     |    xor   |      0|  0|    2|           1|           2|
    |val_assign_49_fu_7259_p2     |    xor   |      0|  0|    2|           1|           2|
    |val_assign_4_fu_846_p2       |    xor   |      0|  0|    2|           1|           2|
    |val_assign_5_fu_991_p2       |    xor   |      0|  0|    2|           1|           2|
    |val_assign_6_fu_1136_p2      |    xor   |      0|  0|    2|           1|           2|
    |val_assign_7_fu_1281_p2      |    xor   |      0|  0|    2|           1|           2|
    |val_assign_8_fu_1426_p2      |    xor   |      0|  0|    2|           1|           2|
    |val_assign_9_fu_1571_p2      |    xor   |      0|  0|    2|           1|           2|
    |val_assign_s_fu_1716_p2      |    xor   |      0|  0|    2|           1|           2|
    +-----------------------------+----------+-------+---+-----+------------+------------+
    |Total                        |          |      0|  0|31143|       22490|       29364|
    +-----------------------------+----------+-------+---+-----+------------+------------+

    * Multiplexer: 
    +-----------+----+-----------+-----+-----------+
    |    Name   | LUT| Input Size| Bits| Total Bits|
    +-----------+----+-----------+-----+-----------+
    |ap_return  |   9|          2|   53|        106|
    +-----------+----+-----------+-----+-----------+
    |Total      |   9|          2|   53|        106|
    +-----------+----+-----------+-----+-----------+

    * Register: 
    +--------------------------------------+-----+----+-----+-----------+
    |                 Name                 |  FF | LUT| Bits| Const Bits|
    +--------------------------------------+-----+----+-----+-----------+
    |ap_ce_reg                             |    1|   0|    1|          0|
    |ap_return_int_reg                     |   53|   0|   55|          2|
    |p_0_10_reg_8354                       |    1|   0|    1|          0|
    |p_0_11_reg_8394                       |    1|   0|    1|          0|
    |p_0_12_reg_8434                       |    1|   0|    1|          0|
    |p_0_13_reg_8474                       |    1|   0|    1|          0|
    |p_0_14_reg_8514                       |    1|   0|    1|          0|
    |p_0_15_reg_8554                       |    1|   0|    1|          0|
    |p_0_16_reg_8594                       |    1|   0|    1|          0|
    |p_0_17_reg_8634                       |    1|   0|    1|          0|
    |p_0_18_reg_8674                       |    1|   0|    1|          0|
    |p_0_19_reg_8714                       |    1|   0|    1|          0|
    |p_0_1_reg_8314                        |    1|   0|    1|          0|
    |p_0_20_reg_8754                       |    1|   0|    1|          0|
    |p_0_21_reg_8794                       |    1|   0|    1|          0|
    |p_0_22_reg_8834                       |    1|   0|    1|          0|
    |p_0_23_reg_8874                       |    1|   0|    1|          0|
    |p_0_24_reg_8914                       |    1|   0|    1|          0|
    |p_0_25_reg_8943                       |    1|   0|    1|          0|
    |p_0_26_reg_9000                       |    1|   0|    1|          0|
    |p_0_27_reg_9029                       |    1|   0|    1|          0|
    |p_0_28_reg_9058                       |    1|   0|    1|          0|
    |p_0_29_reg_9087                       |    1|   0|    1|          0|
    |p_0_2_reg_7954                        |    1|   0|    1|          0|
    |p_0_30_reg_9116                       |    1|   0|    1|          0|
    |p_0_31_reg_9145                       |    1|   0|    1|          0|
    |p_0_32_reg_9174                       |    1|   0|    1|          0|
    |p_0_33_reg_9203                       |    1|   0|    1|          0|
    |p_0_34_reg_9232                       |    1|   0|    1|          0|
    |p_0_35_reg_9261                       |    1|   0|    1|          0|
    |p_0_36_reg_9290                       |    1|   0|    1|          0|
    |p_0_37_reg_9319                       |    1|   0|    1|          0|
    |p_0_38_reg_9348                       |    1|   0|    1|          0|
    |p_0_39_reg_9377                       |    1|   0|    1|          0|
    |p_0_3_reg_7994                        |    1|   0|    1|          0|
    |p_0_40_reg_9406                       |    1|   0|    1|          0|
    |p_0_41_reg_9435                       |    1|   0|    1|          0|
    |p_0_42_reg_9464                       |    1|   0|    1|          0|
    |p_0_43_reg_9493                       |    1|   0|    1|          0|
    |p_0_44_reg_9522                       |    1|   0|    1|          0|
    |p_0_45_reg_9551                       |    1|   0|    1|          0|
    |p_0_46_reg_9580                       |    1|   0|    1|          0|
    |p_0_47_reg_9609                       |    1|   0|    1|          0|
    |p_0_48_reg_9638                       |    1|   0|    1|          0|
    |p_0_4_reg_8034                        |    1|   0|    1|          0|
    |p_0_5_reg_8074                        |    1|   0|    1|          0|
    |p_0_6_reg_8114                        |    1|   0|    1|          0|
    |p_0_7_reg_8154                        |    1|   0|    1|          0|
    |p_0_8_reg_8194                        |    1|   0|    1|          0|
    |p_0_9_reg_8234                        |    1|   0|    1|          0|
    |p_0_s_reg_8274                        |    1|   0|    1|          0|
    |p_Val2_10_10_reg_8337                 |   55|   0|   55|          0|
    |p_Val2_10_11_reg_8377                 |   55|   0|   55|          0|
    |p_Val2_10_12_reg_8417                 |   55|   0|   55|          0|
    |p_Val2_10_13_reg_8457                 |   55|   0|   55|          0|
    |p_Val2_10_14_reg_8497                 |   55|   0|   55|          0|
    |p_Val2_10_15_reg_8537                 |   55|   0|   55|          0|
    |p_Val2_10_16_reg_8577                 |   55|   0|   55|          0|
    |p_Val2_10_17_reg_8617                 |   55|   0|   55|          0|
    |p_Val2_10_18_reg_8657                 |   55|   0|   55|          0|
    |p_Val2_10_19_reg_8697                 |   55|   0|   55|          0|
    |p_Val2_10_20_reg_8737                 |   55|   0|   55|          0|
    |p_Val2_10_21_reg_8777                 |   55|   0|   55|          0|
    |p_Val2_10_22_reg_8817                 |   55|   0|   55|          0|
    |p_Val2_10_23_reg_8857                 |   55|   0|   55|          0|
    |p_Val2_10_24_reg_8897                 |   55|   0|   55|          0|
    |p_Val2_10_25_reg_8937                 |   55|   0|   55|          0|
    |p_Val2_10_26_reg_8966                 |   55|   0|   55|          0|
    |p_Val2_10_27_reg_9023                 |   55|   0|   55|          0|
    |p_Val2_10_28_reg_9052                 |   55|   0|   55|          0|
    |p_Val2_10_29_reg_9081                 |   55|   0|   55|          0|
    |p_Val2_10_2_reg_7977                  |    7|   0|   55|         48|
    |p_Val2_10_30_reg_9110                 |   55|   0|   55|          0|
    |p_Val2_10_31_reg_9139                 |   55|   0|   55|          0|
    |p_Val2_10_32_reg_9168                 |   55|   0|   55|          0|
    |p_Val2_10_33_reg_9197                 |   55|   0|   55|          0|
    |p_Val2_10_34_reg_9226                 |   55|   0|   55|          0|
    |p_Val2_10_35_reg_9255                 |   55|   0|   55|          0|
    |p_Val2_10_36_reg_9284                 |   55|   0|   55|          0|
    |p_Val2_10_37_reg_9313                 |   55|   0|   55|          0|
    |p_Val2_10_38_reg_9342                 |   55|   0|   55|          0|
    |p_Val2_10_39_reg_9371                 |   55|   0|   55|          0|
    |p_Val2_10_3_reg_8017                  |   13|   0|   55|         42|
    |p_Val2_10_40_reg_9400                 |   55|   0|   55|          0|
    |p_Val2_10_41_reg_9429                 |   55|   0|   55|          0|
    |p_Val2_10_42_reg_9458                 |   55|   0|   55|          0|
    |p_Val2_10_43_reg_9487                 |   55|   0|   55|          0|
    |p_Val2_10_44_reg_9516                 |   55|   0|   55|          0|
    |p_Val2_10_45_reg_9545                 |   55|   0|   55|          0|
    |p_Val2_10_46_reg_9574                 |   55|   0|   55|          0|
    |p_Val2_10_47_reg_9603                 |   55|   0|   55|          0|
    |p_Val2_10_48_reg_9632                 |   55|   0|   55|          0|
    |p_Val2_10_49_reg_9661                 |   55|   0|   55|          0|
    |p_Val2_10_4_reg_8057                  |   21|   0|   55|         34|
    |p_Val2_10_5_reg_8097                  |   31|   0|   55|         24|
    |p_Val2_10_6_reg_8137                  |   43|   0|   55|         12|
    |p_Val2_10_7_reg_8177                  |   55|   0|   55|          0|
    |p_Val2_10_8_reg_8217                  |   55|   0|   55|          0|
    |p_Val2_10_9_reg_8257                  |   55|   0|   55|          0|
    |p_Val2_10_s_reg_8297                  |   55|   0|   55|          0|
    |p_Val2_49_10_reg_8343                 |   55|   0|   55|          0|
    |p_Val2_49_11_reg_8383                 |   55|   0|   55|          0|
    |p_Val2_49_12_reg_8423                 |   55|   0|   55|          0|
    |p_Val2_49_13_reg_8463                 |   55|   0|   55|          0|
    |p_Val2_49_14_reg_8503                 |   55|   0|   55|          0|
    |p_Val2_49_15_reg_8543                 |   55|   0|   55|          0|
    |p_Val2_49_16_reg_8583                 |   55|   0|   55|          0|
    |p_Val2_49_17_reg_8623                 |   55|   0|   55|          0|
    |p_Val2_49_18_reg_8663                 |   55|   0|   55|          0|
    |p_Val2_49_19_reg_8703                 |   55|   0|   55|          0|
    |p_Val2_49_20_reg_8743                 |   55|   0|   55|          0|
    |p_Val2_49_21_reg_8783                 |   55|   0|   55|          0|
    |p_Val2_49_22_reg_8823                 |   55|   0|   55|          0|
    |p_Val2_49_23_reg_8863                 |   55|   0|   55|          0|
    |p_Val2_49_24_reg_8903                 |   55|   0|   55|          0|
    |p_Val2_49_24_reg_8903_pp0_iter24_reg  |   55|   0|   55|          0|
    |p_Val2_49_26_reg_8972                 |   55|   0|   55|          0|
    |p_Val2_49_2_reg_7983                  |   55|   0|   55|          0|
    |p_Val2_49_3_reg_8023                  |   55|   0|   55|          0|
    |p_Val2_49_4_reg_8063                  |   55|   0|   55|          0|
    |p_Val2_49_5_reg_8103                  |   55|   0|   55|          0|
    |p_Val2_49_6_reg_8143                  |   55|   0|   55|          0|
    |p_Val2_49_7_reg_8183                  |   55|   0|   55|          0|
    |p_Val2_49_8_reg_8223                  |   55|   0|   55|          0|
    |p_Val2_49_9_reg_8263                  |   55|   0|   55|          0|
    |p_Val2_49_s_reg_8303                  |   55|   0|   55|          0|
    |p_Val2_9_10_reg_8371                  |   55|   0|   55|          0|
    |p_Val2_9_11_reg_8411                  |   55|   0|   55|          0|
    |p_Val2_9_12_reg_8451                  |   55|   0|   55|          0|
    |p_Val2_9_13_reg_8491                  |   55|   0|   55|          0|
    |p_Val2_9_14_reg_8531                  |   55|   0|   55|          0|
    |p_Val2_9_15_reg_8571                  |   55|   0|   55|          0|
    |p_Val2_9_16_reg_8611                  |   55|   0|   55|          0|
    |p_Val2_9_17_reg_8651                  |   55|   0|   55|          0|
    |p_Val2_9_18_reg_8691                  |   55|   0|   55|          0|
    |p_Val2_9_19_reg_8731                  |   55|   0|   55|          0|
    |p_Val2_9_1_reg_8331                   |   55|   0|   55|          0|
    |p_Val2_9_20_reg_8771                  |   55|   0|   55|          0|
    |p_Val2_9_21_reg_8811                  |   55|   0|   55|          0|
    |p_Val2_9_22_reg_8851                  |   55|   0|   55|          0|
    |p_Val2_9_23_reg_8891                  |   55|   0|   55|          0|
    |p_Val2_9_24_reg_8931                  |   55|   0|   55|          0|
    |p_Val2_9_25_reg_8960                  |   55|   0|   55|          0|
    |p_Val2_9_26_reg_9017                  |   55|   0|   55|          0|
    |p_Val2_9_27_reg_9046                  |   55|   0|   55|          0|
    |p_Val2_9_28_reg_9075                  |   55|   0|   55|          0|
    |p_Val2_9_29_reg_9104                  |   55|   0|   55|          0|
    |p_Val2_9_2_reg_7971                   |    5|   0|   55|         50|
    |p_Val2_9_30_reg_9133                  |   55|   0|   55|          0|
    |p_Val2_9_31_reg_9162                  |   55|   0|   55|          0|
    |p_Val2_9_32_reg_9191                  |   55|   0|   55|          0|
    |p_Val2_9_33_reg_9220                  |   55|   0|   55|          0|
    |p_Val2_9_34_reg_9249                  |   55|   0|   55|          0|
    |p_Val2_9_35_reg_9278                  |   55|   0|   55|          0|
    |p_Val2_9_36_reg_9307                  |   55|   0|   55|          0|
    |p_Val2_9_37_reg_9336                  |   55|   0|   55|          0|
    |p_Val2_9_38_reg_9365                  |   55|   0|   55|          0|
    |p_Val2_9_39_reg_9394                  |   55|   0|   55|          0|
    |p_Val2_9_3_reg_8011                   |   11|   0|   55|         44|
    |p_Val2_9_40_reg_9423                  |   55|   0|   55|          0|
    |p_Val2_9_41_reg_9452                  |   55|   0|   55|          0|
    |p_Val2_9_42_reg_9481                  |   55|   0|   55|          0|
    |p_Val2_9_43_reg_9510                  |   55|   0|   55|          0|
    |p_Val2_9_44_reg_9539                  |   55|   0|   55|          0|
    |p_Val2_9_45_reg_9568                  |   55|   0|   55|          0|
    |p_Val2_9_46_reg_9597                  |   55|   0|   55|          0|
    |p_Val2_9_47_reg_9626                  |   55|   0|   55|          0|
    |p_Val2_9_48_reg_9655                  |   55|   0|   55|          0|
    |p_Val2_9_4_reg_8051                   |   19|   0|   55|         36|
    |p_Val2_9_5_reg_8091                   |   29|   0|   55|         26|
    |p_Val2_9_6_reg_8131                   |   41|   0|   55|         14|
    |p_Val2_9_7_reg_8171                   |   55|   0|   55|          0|
    |p_Val2_9_8_reg_8211                   |   55|   0|   55|          0|
    |p_Val2_9_9_reg_8251                   |   55|   0|   55|          0|
    |p_Val2_9_s_reg_8291                   |   55|   0|   55|          0|
    |t_V_read_int_reg                      |   55|   0|   55|          0|
    |tmp11_reg_9667                        |   44|   0|   46|          2|
    |tmp14_reg_9752                        |   40|   0|   42|          2|
    |tmp17_reg_9707                        |   39|   0|   41|          2|
    |tmp19_reg_9712                        |   36|   0|   38|          2|
    |tmp20_reg_9717                        |   34|   0|   36|          2|
    |tmp23_reg_9672                        |   31|   0|   33|          2|
    |tmp26_reg_9757                        |   27|   0|   29|          2|
    |tmp28_reg_9722                        |   27|   0|   29|          2|
    |tmp2_reg_9747                         |   53|   0|   55|          2|
    |tmp32_reg_9677                        |   23|   0|   25|          2|
    |tmp33_reg_9727                        |   21|   0|   23|          2|
    |tmp36_reg_9682                        |   18|   0|   20|          2|
    |tmp41_reg_9732                        |   14|   0|   16|          2|
    |tmp43_reg_9737                        |   11|   0|   13|          2|
    |tmp45_reg_9742                        |    8|   0|   10|          2|
    |tmp50_reg_9687                        |    3|   0|    5|          2|
    |tmp5_reg_9692                         |   52|   0|   54|          2|
    |tmp7_reg_9697                         |   49|   0|   51|          2|
    |tmp8_reg_9702                         |   47|   0|   49|          2|
    |tmp_101_reg_8269                      |   35|   0|   35|          0|
    |tmp_102_reg_8321                      |   45|   0|   45|          0|
    |tmp_103_reg_8326                      |   45|   0|   45|          0|
    |tmp_106_reg_8309                      |   33|   0|   33|          0|
    |tmp_107_reg_8361                      |   44|   0|   44|          0|
    |tmp_108_reg_8366                      |   44|   0|   44|          0|
    |tmp_111_reg_8349                      |   31|   0|   31|          0|
    |tmp_112_reg_8401                      |   43|   0|   43|          0|
    |tmp_113_reg_8406                      |   43|   0|   43|          0|
    |tmp_116_reg_8389                      |   29|   0|   29|          0|
    |tmp_117_reg_8441                      |   42|   0|   42|          0|
    |tmp_118_reg_8446                      |   42|   0|   42|          0|
    |tmp_121_reg_8429                      |   27|   0|   27|          0|
    |tmp_122_reg_8481                      |   41|   0|   41|          0|
    |tmp_123_reg_8486                      |   41|   0|   41|          0|
    |tmp_126_reg_8469                      |   25|   0|   25|          0|
    |tmp_127_reg_8521                      |   40|   0|   40|          0|
    |tmp_128_reg_8526                      |   40|   0|   40|          0|
    |tmp_131_reg_8509                      |   23|   0|   23|          0|
    |tmp_132_reg_8561                      |   39|   0|   39|          0|
    |tmp_133_reg_8566                      |   39|   0|   39|          0|
    |tmp_136_reg_8549                      |   21|   0|   21|          0|
    |tmp_137_reg_8601                      |   38|   0|   38|          0|
    |tmp_138_reg_8606                      |   38|   0|   38|          0|
    |tmp_141_reg_8589                      |   19|   0|   19|          0|
    |tmp_142_reg_8641                      |   37|   0|   37|          0|
    |tmp_143_reg_8646                      |   37|   0|   37|          0|
    |tmp_146_reg_8629                      |   17|   0|   17|          0|
    |tmp_147_reg_8681                      |   36|   0|   36|          0|
    |tmp_148_reg_8686                      |   36|   0|   36|          0|
    |tmp_151_reg_8669                      |   15|   0|   15|          0|
    |tmp_152_reg_8721                      |   35|   0|   35|          0|
    |tmp_153_reg_8726                      |   35|   0|   35|          0|
    |tmp_156_reg_8709                      |   13|   0|   13|          0|
    |tmp_157_reg_8761                      |   34|   0|   34|          0|
    |tmp_158_reg_8766                      |   34|   0|   34|          0|
    |tmp_161_reg_8749                      |   11|   0|   11|          0|
    |tmp_162_reg_8801                      |   33|   0|   33|          0|
    |tmp_163_reg_8806                      |   33|   0|   33|          0|
    |tmp_166_reg_8789                      |    9|   0|    9|          0|
    |tmp_167_reg_8841                      |   32|   0|   32|          0|
    |tmp_168_reg_8846                      |   32|   0|   32|          0|
    |tmp_171_reg_8829                      |    7|   0|    7|          0|
    |tmp_172_reg_8881                      |   31|   0|   31|          0|
    |tmp_173_reg_8886                      |   31|   0|   31|          0|
    |tmp_176_reg_8869                      |    5|   0|    5|          0|
    |tmp_177_reg_8921                      |   30|   0|   30|          0|
    |tmp_178_reg_8926                      |   30|   0|   30|          0|
    |tmp_181_reg_8909                      |    3|   0|    3|          0|
    |tmp_181_reg_8909_pp0_iter24_reg       |    3|   0|    3|          0|
    |tmp_182_reg_8950                      |   29|   0|   29|          0|
    |tmp_183_reg_8955                      |   29|   0|   29|          0|
    |tmp_187_reg_9007                      |   28|   0|   28|          0|
    |tmp_188_reg_9012                      |   28|   0|   28|          0|
    |tmp_191_reg_9036                      |   27|   0|   27|          0|
    |tmp_192_reg_9041                      |   27|   0|   27|          0|
    |tmp_195_reg_9065                      |   26|   0|   26|          0|
    |tmp_196_reg_9070                      |   26|   0|   26|          0|
    |tmp_199_reg_9094                      |   25|   0|   25|          0|
    |tmp_1_reg_7949                        |    1|   0|    1|          0|
    |tmp_200_reg_9099                      |   25|   0|   25|          0|
    |tmp_203_reg_9123                      |   24|   0|   24|          0|
    |tmp_204_reg_9128                      |   24|   0|   24|          0|
    |tmp_207_reg_9152                      |   23|   0|   23|          0|
    |tmp_208_reg_9157                      |   23|   0|   23|          0|
    |tmp_211_reg_9181                      |   22|   0|   22|          0|
    |tmp_212_reg_9186                      |   22|   0|   22|          0|
    |tmp_215_reg_9210                      |   21|   0|   21|          0|
    |tmp_216_reg_9215                      |   21|   0|   21|          0|
    |tmp_219_reg_9239                      |   20|   0|   20|          0|
    |tmp_220_reg_9244                      |   20|   0|   20|          0|
    |tmp_223_reg_9268                      |   19|   0|   19|          0|
    |tmp_224_reg_9273                      |   19|   0|   19|          0|
    |tmp_227_reg_9297                      |   18|   0|   18|          0|
    |tmp_228_reg_9302                      |   18|   0|   18|          0|
    |tmp_231_reg_9326                      |   17|   0|   17|          0|
    |tmp_232_reg_9331                      |   17|   0|   17|          0|
    |tmp_235_reg_9355                      |   16|   0|   16|          0|
    |tmp_236_reg_9360                      |   16|   0|   16|          0|
    |tmp_239_reg_9384                      |   15|   0|   15|          0|
    |tmp_240_reg_9389                      |   15|   0|   15|          0|
    |tmp_243_reg_9413                      |   14|   0|   14|          0|
    |tmp_244_reg_9418                      |   14|   0|   14|          0|
    |tmp_247_reg_9442                      |   13|   0|   13|          0|
    |tmp_248_reg_9447                      |   13|   0|   13|          0|
    |tmp_251_reg_9471                      |   12|   0|   12|          0|
    |tmp_252_reg_9476                      |   12|   0|   12|          0|
    |tmp_255_reg_9500                      |   11|   0|   11|          0|
    |tmp_256_reg_9505                      |   11|   0|   11|          0|
    |tmp_259_reg_9529                      |   10|   0|   10|          0|
    |tmp_260_reg_9534                      |   10|   0|   10|          0|
    |tmp_263_reg_9558                      |    9|   0|    9|          0|
    |tmp_264_reg_9563                      |    9|   0|    9|          0|
    |tmp_267_reg_9587                      |    8|   0|    8|          0|
    |tmp_268_reg_9592                      |    8|   0|    8|          0|
    |tmp_271_reg_9616                      |    7|   0|    7|          0|
    |tmp_272_reg_9621                      |    7|   0|    7|          0|
    |tmp_275_reg_9645                      |    6|   0|    6|          0|
    |tmp_276_reg_9650                      |    6|   0|    6|          0|
    |tmp_52_reg_7944                       |    1|   0|    1|          0|
    |tmp_57_reg_7961                       |    1|   0|   54|         53|
    |tmp_58_reg_7966                       |    3|   0|   54|         51|
    |tmp_62_reg_8001                       |    5|   0|   53|         48|
    |tmp_63_reg_8006                       |    7|   0|   53|         46|
    |tmp_66_reg_7989                       |   49|   0|   49|          0|
    |tmp_67_reg_8041                       |   11|   0|   52|         41|
    |tmp_68_reg_8046                       |   13|   0|   52|         39|
    |tmp_71_reg_8029                       |   47|   0|   47|          0|
    |tmp_72_reg_8081                       |   19|   0|   51|         32|
    |tmp_73_reg_8086                       |   21|   0|   51|         30|
    |tmp_76_reg_8069                       |   45|   0|   45|          0|
    |tmp_77_reg_8121                       |   29|   0|   50|         21|
    |tmp_78_reg_8126                       |   31|   0|   50|         19|
    |tmp_81_reg_8109                       |   43|   0|   43|          0|
    |tmp_82_reg_8161                       |   41|   0|   49|          8|
    |tmp_83_reg_8166                       |   43|   0|   49|          6|
    |tmp_86_reg_8149                       |   41|   0|   41|          0|
    |tmp_87_reg_8201                       |   48|   0|   48|          0|
    |tmp_88_reg_8206                       |   48|   0|   48|          0|
    |tmp_91_reg_8189                       |   39|   0|   39|          0|
    |tmp_92_reg_8241                       |   47|   0|   47|          0|
    |tmp_93_reg_8246                       |   47|   0|   47|          0|
    |tmp_96_reg_8229                       |   37|   0|   37|          0|
    |tmp_97_reg_8281                       |   46|   0|   46|          0|
    |tmp_98_reg_8286                       |   46|   0|   46|          0|
    |p_0_10_reg_8354                       |   64|  64|    1|          0|
    |p_0_11_reg_8394                       |   64|  64|    1|          0|
    |p_0_12_reg_8434                       |   64|  64|    1|          0|
    |p_0_13_reg_8474                       |   64|  64|    1|          0|
    |p_0_14_reg_8514                       |   64|  64|    1|          0|
    |p_0_15_reg_8554                       |   64|  48|    1|          0|
    |p_0_16_reg_8594                       |   64|  40|    1|          0|
    |p_0_17_reg_8634                       |   64|  32|    1|          0|
    |p_0_18_reg_8674                       |   64|  32|    1|          0|
    |p_0_19_reg_8714                       |   64|  32|    1|          0|
    |p_0_1_reg_8314                        |   64|  64|    1|          0|
    |p_0_20_reg_8754                       |   64|  32|    1|          0|
    |p_0_21_reg_8794                       |   64|  32|    1|          0|
    |p_0_22_reg_8834                       |   64|  32|    1|          0|
    |p_0_23_reg_8874                       |   64|  32|    1|          0|
    |p_0_24_reg_8914                       |   64|  32|    1|          0|
    |p_0_25_reg_8943                       |   64|  32|    1|          0|
    |p_0_26_reg_9000                       |   64|  32|    1|          0|
    |p_0_27_reg_9029                       |   64|  32|    1|          0|
    |p_0_28_reg_9058                       |   64|  32|    1|          0|
    |p_0_29_reg_9087                       |   64|  32|    1|          0|
    |p_0_2_reg_7954                        |   64|  64|    1|          0|
    |p_0_30_reg_9116                       |   64|  32|    1|          0|
    |p_0_31_reg_9145                       |   64|  32|    1|          0|
    |p_0_32_reg_9174                       |   64|  32|    1|          0|
    |p_0_33_reg_9203                       |   64|  32|    1|          0|
    |p_0_34_reg_9232                       |   64|  32|    1|          0|
    |p_0_35_reg_9261                       |   64|  32|    1|          0|
    |p_0_36_reg_9290                       |   64|  32|    1|          0|
    |p_0_37_reg_9319                       |   64|  32|    1|          0|
    |p_0_38_reg_9348                       |   64|  32|    1|          0|
    |p_0_39_reg_9377                       |   64|  32|    1|          0|
    |p_0_3_reg_7994                        |   64|  64|    1|          0|
    |p_0_40_reg_9406                       |   64|  32|    1|          0|
    |p_0_41_reg_9435                       |   64|  32|    1|          0|
    |p_0_42_reg_9464                       |   64|  32|    1|          0|
    |p_0_43_reg_9493                       |   64|  32|    1|          0|
    |p_0_44_reg_9522                       |   64|  32|    1|          0|
    |p_0_45_reg_9551                       |   64|  32|    1|          0|
    |p_0_46_reg_9580                       |   64|  32|    1|          0|
    |p_0_47_reg_9609                       |   64|  32|    1|          0|
    |p_0_4_reg_8034                        |   64|  64|    1|          0|
    |p_0_5_reg_8074                        |   64|  64|    1|          0|
    |p_0_6_reg_8114                        |   64|  64|    1|          0|
    |p_0_7_reg_8154                        |   64|  64|    1|          0|
    |p_0_8_reg_8194                        |   64|  64|    1|          0|
    |p_0_9_reg_8234                        |   64|  64|    1|          0|
    |p_0_s_reg_8274                        |   64|  64|    1|          0|
    |p_Val2_49_26_reg_8972                 |    5|   2|   55|          0|
    |tmp_1_reg_7949                        |   64|  64|    1|          0|
    |tmp_52_reg_7944                       |   64|  64|    1|          0|
    +--------------------------------------+-----+----+-----+-----------+
    |Total                                 |13605|2170|11269|        764|
    +--------------------------------------+-----+----+-----+-----------+



================================================================
== Interface
================================================================
* Summary: 
+-----------+-----+-----+------------+----------------------+--------------+
| RTL Ports | Dir | Bits|  Protocol  |     Source Object    |    C Type    |
+-----------+-----+-----+------------+----------------------+--------------+
|ap_clk     |  in |    1| ap_ctrl_hs | doublecordic_apfixed | return value |
|ap_rst     |  in |    1| ap_ctrl_hs | doublecordic_apfixed | return value |
|ap_return  | out |   55| ap_ctrl_hs | doublecordic_apfixed | return value |
|ap_ce      |  in |    1| ap_ctrl_hs | doublecordic_apfixed | return value |
|t_V_read   |  in |   55|   ap_none  |       t_V_read       |    scalar    |
+-----------+-----+-----+------------+----------------------+--------------+

